[0.037s] Invoking command in '/home/vdtune/ros2_ws/build/velodyne_gazebo_plugins': CMAKE_PREFIX_PATH=${CMAKE_PREFIX_PATH}:/home/vdtune/ros2_ws/install/my_avoidance:/opt/ros/humble /usr/bin/cmake --build /home/vdtune/ros2_ws/build/velodyne_gazebo_plugins -- -j8 -l8
[0.512s] [35m[1mConsolidate compiler generated dependencies of target gazebo_ros_velodyne_laser[0m
[0.698s] [100%] Built target gazebo_ros_velodyne_laser
[0.712s] Invoked command in '/home/vdtune/ros2_ws/build/velodyne_gazebo_plugins' returned '0': CMAKE_PREFIX_PATH=${CMAKE_PREFIX_PATH}:/home/vdtune/ros2_ws/install/my_avoidance:/opt/ros/humble /usr/bin/cmake --build /home/vdtune/ros2_ws/build/velodyne_gazebo_plugins -- -j8 -l8
[0.749s] Invoking command in '/home/vdtune/ros2_ws/build/velodyne_gazebo_plugins': CMAKE_PREFIX_PATH=${CMAKE_PREFIX_PATH}:/home/vdtune/ros2_ws/install/my_avoidance:/opt/ros/humble /usr/bin/cmake --install /home/vdtune/ros2_ws/build/velodyne_gazebo_plugins
[0.758s] -- Install configuration: ""
[0.760s] -- Up-to-date: /home/vdtune/ros2_ws/install/velodyne_gazebo_plugins/lib/libgazebo_ros_velodyne_laser.so
[0.762s] -- Up-to-date: /home/vdtune/ros2_ws/install/velodyne_gazebo_plugins/include/velodyne_gazebo_plugins
[0.762s] -- Up-to-date: /home/vdtune/ros2_ws/install/velodyne_gazebo_plugins/include/velodyne_gazebo_plugins/GazeboRosVelodyneLaser.hpp
[0.762s] -- Up-to-date: /home/vdtune/ros2_ws/install/velodyne_gazebo_plugins/share/velodyne_gazebo_plugins/environment/library_path.sh
[0.762s] -- Up-to-date: /home/vdtune/ros2_ws/install/velodyne_gazebo_plugins/share/velodyne_gazebo_plugins/environment/library_path.dsv
[0.762s] -- Up-to-date: /home/vdtune/ros2_ws/install/velodyne_gazebo_plugins/share/ament_index/resource_index/package_run_dependencies/velodyne_gazebo_plugins
[0.762s] -- Up-to-date: /home/vdtune/ros2_ws/install/velodyne_gazebo_plugins/share/ament_index/resource_index/parent_prefix_path/velodyne_gazebo_plugins
[0.762s] -- Up-to-date: /home/vdtune/ros2_ws/install/velodyne_gazebo_plugins/share/velodyne_gazebo_plugins/environment/ament_prefix_path.sh
[0.763s] -- Up-to-date: /home/vdtune/ros2_ws/install/velodyne_gazebo_plugins/share/velodyne_gazebo_plugins/environment/ament_prefix_path.dsv
[0.763s] -- Up-to-date: /home/vdtune/ros2_ws/install/velodyne_gazebo_plugins/share/velodyne_gazebo_plugins/environment/path.sh
[0.763s] -- Up-to-date: /home/vdtune/ros2_ws/install/velodyne_gazebo_plugins/share/velodyne_gazebo_plugins/environment/path.dsv
[0.763s] -- Up-to-date: /home/vdtune/ros2_ws/install/velodyne_gazebo_plugins/share/velodyne_gazebo_plugins/local_setup.bash
[0.763s] -- Up-to-date: /home/vdtune/ros2_ws/install/velodyne_gazebo_plugins/share/velodyne_gazebo_plugins/local_setup.sh
[0.763s] -- Up-to-date: /home/vdtune/ros2_ws/install/velodyne_gazebo_plugins/share/velodyne_gazebo_plugins/local_setup.zsh
[0.763s] -- Up-to-date: /home/vdtune/ros2_ws/install/velodyne_gazebo_plugins/share/velodyne_gazebo_plugins/local_setup.dsv
[0.763s] -- Installing: /home/vdtune/ros2_ws/install/velodyne_gazebo_plugins/share/velodyne_gazebo_plugins/package.dsv
[0.764s] -- Up-to-date: /home/vdtune/ros2_ws/install/velodyne_gazebo_plugins/share/ament_index/resource_index/packages/velodyne_gazebo_plugins
[0.769s] -- Up-to-date: /home/vdtune/ros2_ws/install/velodyne_gazebo_plugins/share/velodyne_gazebo_plugins/cmake/ament_cmake_export_include_directories-extras.cmake
[0.769s] -- Up-to-date: /home/vdtune/ros2_ws/install/velodyne_gazebo_plugins/share/velodyne_gazebo_plugins/cmake/ament_cmake_export_libraries-extras.cmake
[0.769s] -- Up-to-date: /home/vdtune/ros2_ws/install/velodyne_gazebo_plugins/share/velodyne_gazebo_plugins/cmake/ament_cmake_export_dependencies-extras.cmake
[0.769s] -- Up-to-date: /home/vdtune/ros2_ws/install/velodyne_gazebo_plugins/share/velodyne_gazebo_plugins/cmake/velodyne_gazebo_pluginsConfig.cmake
[0.769s] -- Up-to-date: /home/vdtune/ros2_ws/install/velodyne_gazebo_plugins/share/velodyne_gazebo_plugins/cmake/velodyne_gazebo_pluginsConfig-version.cmake
[0.770s] -- Up-to-date: /home/vdtune/ros2_ws/install/velodyne_gazebo_plugins/share/velodyne_gazebo_plugins/package.xml
[0.777s] Invoked command in '/home/vdtune/ros2_ws/build/velodyne_gazebo_plugins' returned '0': CMAKE_PREFIX_PATH=${CMAKE_PREFIX_PATH}:/home/vdtune/ros2_ws/install/my_avoidance:/opt/ros/humble /usr/bin/cmake --install /home/vdtune/ros2_ws/build/velodyne_gazebo_plugins
