[0.008s] Invoking command in '/home/vdtune/ros2_ws/build/my_bot': CMAKE_PREFIX_PATH=${CMAKE_PREFIX_PATH}:/opt/ros/humble /usr/bin/cmake /home/vdtune/ros2_ws/src/mobile-3d-lidar-sim/my_bot -DCMAKE_INSTALL_PREFIX=/home/vdtune/ros2_ws/install/my_bot
[0.080s] -- The C compiler identification is GNU 11.4.0
[0.144s] -- The CXX compiler identification is GNU 11.4.0
[0.152s] -- Detecting C compiler ABI info
[0.245s] -- Detecting C compiler ABI info - done
[0.256s] -- Check for working C compiler: /usr/bin/cc - skipped
[0.256s] -- Detecting C compile features
[0.256s] -- Detecting C compile features - done
[0.263s] -- Detecting CXX compiler ABI info
[0.415s] -- Detecting CXX compiler ABI info - done
[0.424s] -- Check for working CXX compiler: /usr/bin/c++ - skipped
[0.424s] -- Detecting CXX compile features
[0.424s] -- Detecting CXX compile features - done
[0.426s] -- Found ament_cmake: 1.3.12 (/opt/ros/humble/share/ament_cmake/cmake)
[0.613s] -- Found Python3: /usr/bin/python3 (found version "3.10.12") found components: Interpreter 
[0.728s] -- Found ament_lint_auto: 0.12.14 (/opt/ros/humble/share/ament_lint_auto/cmake)
[0.855s] -- Added test 'copyright' to check source files copyright and LICENSE
[0.861s] -- Added test 'flake8' to check Python code syntax and style conventions
[0.862s] -- Added test 'lint_cmake' to check CMake code style
[0.864s] -- Added test 'pep257' to check Python code against some of the docstring style conventions in PEP 257
[0.866s] -- Added test 'xmllint' to check XML markup files
[0.873s] -- Configuring done
[0.874s] -- Generating done
[0.876s] -- Build files have been written to: /home/vdtune/ros2_ws/build/my_bot
