[0.129s] DEBUG:colcon:Command line arguments: ['/usr/bin/colcon', 'build', '--packages-select', 'my_bot', 'velodyne_description', 'velodyne_gazebo_plugins']
[0.129s] DEBUG:colcon:Parsed command line arguments: Namespace(log_base=None, log_level=None, verb_name='build', build_base='build', install_base='install', merge_install=False, symlink_install=False, test_result_base=None, continue_on_error=False, executor='parallel', parallel_workers=8, event_handlers=None, ignore_user_meta=False, metas=['./colcon.meta'], base_paths=['.'], packages_ignore=None, packages_ignore_regex=None, paths=None, packages_up_to=None, packages_up_to_regex=None, packages_above=None, packages_above_and_dependencies=None, packages_above_depth=None, packages_select_by_dep=None, packages_skip_by_dep=None, packages_skip_up_to=None, packages_select_build_failed=False, packages_skip_build_finished=False, packages_select_test_failures=False, packages_skip_test_passed=False, packages_select=['my_bot', 'velodyne_description', 'velodyne_gazebo_plugins'], packages_skip=None, packages_select_regex=None, packages_skip_regex=None, packages_start=None, packages_end=None, allow_overriding=[], cmake_args=None, cmake_target=None, cmake_target_skip_unavailable=False, cmake_clean_cache=False, cmake_clean_first=False, cmake_force_configure=False, ament_cmake_args=None, catkin_cmake_args=None, catkin_skip_building_tests=False, mixin_files=None, mixin=None, verb_parser=<colcon_mixin.mixin.mixin_argument.MixinArgumentDecorator object at 0x7f266e829ae0>, verb_extension=<colcon_core.verb.build.BuildVerb object at 0x7f266e829450>, main=<bound method BuildVerb.main of <colcon_core.verb.build.BuildVerb object at 0x7f266e829450>>, mixin_verb=('build',))
[0.327s] Level 1:colcon.colcon_core.package_discovery:discover_packages(colcon_meta) check parameters
[0.328s] Level 1:colcon.colcon_core.package_discovery:discover_packages(recursive) check parameters
[0.328s] Level 1:colcon.colcon_core.package_discovery:discover_packages(ignore) check parameters
[0.328s] Level 1:colcon.colcon_core.package_discovery:discover_packages(path) check parameters
[0.328s] Level 1:colcon.colcon_core.package_discovery:discover_packages(colcon_meta) discover
[0.328s] Level 1:colcon.colcon_core.package_discovery:discover_packages(recursive) discover
[0.328s] INFO:colcon.colcon_core.package_discovery:Crawling recursively for packages in '/home/vdtune/ros2_ws'
[0.328s] Level 1:colcon.colcon_core.package_identification:_identify(.) by extensions ['ignore', 'ignore_ament_install']
[0.328s] Level 1:colcon.colcon_core.package_identification:_identify(.) by extension 'ignore'
[0.328s] Level 1:colcon.colcon_core.package_identification:_identify(.) by extension 'ignore_ament_install'
[0.328s] Level 1:colcon.colcon_core.package_identification:_identify(.) by extensions ['colcon_pkg']
[0.328s] Level 1:colcon.colcon_core.package_identification:_identify(.) by extension 'colcon_pkg'
[0.328s] Level 1:colcon.colcon_core.package_identification:_identify(.) by extensions ['colcon_meta']
[0.328s] Level 1:colcon.colcon_core.package_identification:_identify(.) by extension 'colcon_meta'
[0.329s] Level 1:colcon.colcon_core.package_identification:_identify(.) by extensions ['ros']
[0.329s] Level 1:colcon.colcon_core.package_identification:_identify(.) by extension 'ros'
[0.342s] Level 1:colcon.colcon_core.package_identification:_identify(.) by extensions ['cmake', 'python']
[0.342s] Level 1:colcon.colcon_core.package_identification:_identify(.) by extension 'cmake'
[0.342s] Level 1:colcon.colcon_core.package_identification:_identify(.) by extension 'python'
[0.342s] Level 1:colcon.colcon_core.package_identification:_identify(.) by extensions ['python_setup_py']
[0.342s] Level 1:colcon.colcon_core.package_identification:_identify(.) by extension 'python_setup_py'
[0.342s] Level 1:colcon.colcon_core.package_identification:_identify(build) by extensions ['ignore', 'ignore_ament_install']
[0.343s] Level 1:colcon.colcon_core.package_identification:_identify(build) by extension 'ignore'
[0.343s] Level 1:colcon.colcon_core.package_identification:_identify(build) ignored
[0.343s] Level 1:colcon.colcon_core.package_identification:_identify(install) by extensions ['ignore', 'ignore_ament_install']
[0.343s] Level 1:colcon.colcon_core.package_identification:_identify(install) by extension 'ignore'
[0.343s] Level 1:colcon.colcon_core.package_identification:_identify(install) ignored
[0.343s] Level 1:colcon.colcon_core.package_identification:_identify(log) by extensions ['ignore', 'ignore_ament_install']
[0.343s] Level 1:colcon.colcon_core.package_identification:_identify(log) by extension 'ignore'
[0.343s] Level 1:colcon.colcon_core.package_identification:_identify(log) ignored
[0.343s] Level 1:colcon.colcon_core.package_identification:_identify(src) by extensions ['ignore', 'ignore_ament_install']
[0.344s] Level 1:colcon.colcon_core.package_identification:_identify(src) by extension 'ignore'
[0.344s] Level 1:colcon.colcon_core.package_identification:_identify(src) by extension 'ignore_ament_install'
[0.344s] Level 1:colcon.colcon_core.package_identification:_identify(src) by extensions ['colcon_pkg']
[0.344s] Level 1:colcon.colcon_core.package_identification:_identify(src) by extension 'colcon_pkg'
[0.344s] Level 1:colcon.colcon_core.package_identification:_identify(src) by extensions ['colcon_meta']
[0.344s] Level 1:colcon.colcon_core.package_identification:_identify(src) by extension 'colcon_meta'
[0.344s] Level 1:colcon.colcon_core.package_identification:_identify(src) by extensions ['ros']
[0.344s] Level 1:colcon.colcon_core.package_identification:_identify(src) by extension 'ros'
[0.344s] Level 1:colcon.colcon_core.package_identification:_identify(src) by extensions ['cmake', 'python']
[0.344s] Level 1:colcon.colcon_core.package_identification:_identify(src) by extension 'cmake'
[0.344s] Level 1:colcon.colcon_core.package_identification:_identify(src) by extension 'python'
[0.344s] Level 1:colcon.colcon_core.package_identification:_identify(src) by extensions ['python_setup_py']
[0.344s] Level 1:colcon.colcon_core.package_identification:_identify(src) by extension 'python_setup_py'
[0.344s] Level 1:colcon.colcon_core.package_identification:_identify(src/mobile-3d-lidar-sim) by extensions ['ignore', 'ignore_ament_install']
[0.344s] Level 1:colcon.colcon_core.package_identification:_identify(src/mobile-3d-lidar-sim) by extension 'ignore'
[0.344s] Level 1:colcon.colcon_core.package_identification:_identify(src/mobile-3d-lidar-sim) by extension 'ignore_ament_install'
[0.344s] Level 1:colcon.colcon_core.package_identification:_identify(src/mobile-3d-lidar-sim) by extensions ['colcon_pkg']
[0.344s] Level 1:colcon.colcon_core.package_identification:_identify(src/mobile-3d-lidar-sim) by extension 'colcon_pkg'
[0.345s] Level 1:colcon.colcon_core.package_identification:_identify(src/mobile-3d-lidar-sim) by extensions ['colcon_meta']
[0.345s] Level 1:colcon.colcon_core.package_identification:_identify(src/mobile-3d-lidar-sim) by extension 'colcon_meta'
[0.345s] Level 1:colcon.colcon_core.package_identification:_identify(src/mobile-3d-lidar-sim) by extensions ['ros']
[0.345s] Level 1:colcon.colcon_core.package_identification:_identify(src/mobile-3d-lidar-sim) by extension 'ros'
[0.345s] Level 1:colcon.colcon_core.package_identification:_identify(src/mobile-3d-lidar-sim) by extensions ['cmake', 'python']
[0.345s] Level 1:colcon.colcon_core.package_identification:_identify(src/mobile-3d-lidar-sim) by extension 'cmake'
[0.345s] Level 1:colcon.colcon_core.package_identification:_identify(src/mobile-3d-lidar-sim) by extension 'python'
[0.345s] Level 1:colcon.colcon_core.package_identification:_identify(src/mobile-3d-lidar-sim) by extensions ['python_setup_py']
[0.345s] Level 1:colcon.colcon_core.package_identification:_identify(src/mobile-3d-lidar-sim) by extension 'python_setup_py'
[0.345s] Level 1:colcon.colcon_core.package_identification:_identify(src/mobile-3d-lidar-sim/img) by extensions ['ignore', 'ignore_ament_install']
[0.345s] Level 1:colcon.colcon_core.package_identification:_identify(src/mobile-3d-lidar-sim/img) by extension 'ignore'
[0.345s] Level 1:colcon.colcon_core.package_identification:_identify(src/mobile-3d-lidar-sim/img) by extension 'ignore_ament_install'
[0.345s] Level 1:colcon.colcon_core.package_identification:_identify(src/mobile-3d-lidar-sim/img) by extensions ['colcon_pkg']
[0.345s] Level 1:colcon.colcon_core.package_identification:_identify(src/mobile-3d-lidar-sim/img) by extension 'colcon_pkg'
[0.345s] Level 1:colcon.colcon_core.package_identification:_identify(src/mobile-3d-lidar-sim/img) by extensions ['colcon_meta']
[0.345s] Level 1:colcon.colcon_core.package_identification:_identify(src/mobile-3d-lidar-sim/img) by extension 'colcon_meta'
[0.345s] Level 1:colcon.colcon_core.package_identification:_identify(src/mobile-3d-lidar-sim/img) by extensions ['ros']
[0.345s] Level 1:colcon.colcon_core.package_identification:_identify(src/mobile-3d-lidar-sim/img) by extension 'ros'
[0.345s] Level 1:colcon.colcon_core.package_identification:_identify(src/mobile-3d-lidar-sim/img) by extensions ['cmake', 'python']
[0.345s] Level 1:colcon.colcon_core.package_identification:_identify(src/mobile-3d-lidar-sim/img) by extension 'cmake'
[0.345s] Level 1:colcon.colcon_core.package_identification:_identify(src/mobile-3d-lidar-sim/img) by extension 'python'
[0.346s] Level 1:colcon.colcon_core.package_identification:_identify(src/mobile-3d-lidar-sim/img) by extensions ['python_setup_py']
[0.346s] Level 1:colcon.colcon_core.package_identification:_identify(src/mobile-3d-lidar-sim/img) by extension 'python_setup_py'
[0.346s] Level 1:colcon.colcon_core.package_identification:_identify(src/mobile-3d-lidar-sim/my_bot) by extensions ['ignore', 'ignore_ament_install']
[0.346s] Level 1:colcon.colcon_core.package_identification:_identify(src/mobile-3d-lidar-sim/my_bot) by extension 'ignore'
[0.346s] Level 1:colcon.colcon_core.package_identification:_identify(src/mobile-3d-lidar-sim/my_bot) by extension 'ignore_ament_install'
[0.346s] Level 1:colcon.colcon_core.package_identification:_identify(src/mobile-3d-lidar-sim/my_bot) by extensions ['colcon_pkg']
[0.346s] Level 1:colcon.colcon_core.package_identification:_identify(src/mobile-3d-lidar-sim/my_bot) by extension 'colcon_pkg'
[0.346s] Level 1:colcon.colcon_core.package_identification:_identify(src/mobile-3d-lidar-sim/my_bot) by extensions ['colcon_meta']
[0.346s] Level 1:colcon.colcon_core.package_identification:_identify(src/mobile-3d-lidar-sim/my_bot) by extension 'colcon_meta'
[0.346s] Level 1:colcon.colcon_core.package_identification:_identify(src/mobile-3d-lidar-sim/my_bot) by extensions ['ros']
[0.346s] Level 1:colcon.colcon_core.package_identification:_identify(src/mobile-3d-lidar-sim/my_bot) by extension 'ros'
[0.349s] DEBUG:colcon.colcon_core.package_identification:Package 'src/mobile-3d-lidar-sim/my_bot' with type 'ros.ament_cmake' and name 'my_bot'
[0.349s] Level 1:colcon.colcon_core.package_identification:_identify(src/my_avoidance) by extensions ['ignore', 'ignore_ament_install']
[0.350s] Level 1:colcon.colcon_core.package_identification:_identify(src/my_avoidance) by extension 'ignore'
[0.350s] Level 1:colcon.colcon_core.package_identification:_identify(src/my_avoidance) by extension 'ignore_ament_install'
[0.350s] Level 1:colcon.colcon_core.package_identification:_identify(src/my_avoidance) by extensions ['colcon_pkg']
[0.350s] Level 1:colcon.colcon_core.package_identification:_identify(src/my_avoidance) by extension 'colcon_pkg'
[0.350s] Level 1:colcon.colcon_core.package_identification:_identify(src/my_avoidance) by extensions ['colcon_meta']
[0.350s] Level 1:colcon.colcon_core.package_identification:_identify(src/my_avoidance) by extension 'colcon_meta'
[0.350s] Level 1:colcon.colcon_core.package_identification:_identify(src/my_avoidance) by extensions ['ros']
[0.350s] Level 1:colcon.colcon_core.package_identification:_identify(src/my_avoidance) by extension 'ros'
[0.351s] DEBUG:colcon.colcon_core.package_identification:Package 'src/my_avoidance' with type 'ros.ament_python' and name 'my_avoidance'
[0.351s] Level 1:colcon.colcon_core.package_identification:_identify(src/velodyne_simulator) by extensions ['ignore', 'ignore_ament_install']
[0.351s] Level 1:colcon.colcon_core.package_identification:_identify(src/velodyne_simulator) by extension 'ignore'
[0.351s] Level 1:colcon.colcon_core.package_identification:_identify(src/velodyne_simulator) by extension 'ignore_ament_install'
[0.351s] Level 1:colcon.colcon_core.package_identification:_identify(src/velodyne_simulator) by extensions ['colcon_pkg']
[0.351s] Level 1:colcon.colcon_core.package_identification:_identify(src/velodyne_simulator) by extension 'colcon_pkg'
[0.352s] Level 1:colcon.colcon_core.package_identification:_identify(src/velodyne_simulator) by extensions ['colcon_meta']
[0.352s] Level 1:colcon.colcon_core.package_identification:_identify(src/velodyne_simulator) by extension 'colcon_meta'
[0.352s] Level 1:colcon.colcon_core.package_identification:_identify(src/velodyne_simulator) by extensions ['ros']
[0.352s] Level 1:colcon.colcon_core.package_identification:_identify(src/velodyne_simulator) by extension 'ros'
[0.352s] Level 1:colcon.colcon_core.package_identification:_identify(src/velodyne_simulator) by extensions ['cmake', 'python']
[0.352s] Level 1:colcon.colcon_core.package_identification:_identify(src/velodyne_simulator) by extension 'cmake'
[0.352s] Level 1:colcon.colcon_core.package_identification:_identify(src/velodyne_simulator) by extension 'python'
[0.352s] Level 1:colcon.colcon_core.package_identification:_identify(src/velodyne_simulator) by extensions ['python_setup_py']
[0.352s] Level 1:colcon.colcon_core.package_identification:_identify(src/velodyne_simulator) by extension 'python_setup_py'
[0.352s] Level 1:colcon.colcon_core.package_identification:_identify(src/velodyne_simulator/img) by extensions ['ignore', 'ignore_ament_install']
[0.352s] Level 1:colcon.colcon_core.package_identification:_identify(src/velodyne_simulator/img) by extension 'ignore'
[0.352s] Level 1:colcon.colcon_core.package_identification:_identify(src/velodyne_simulator/img) by extension 'ignore_ament_install'
[0.352s] Level 1:colcon.colcon_core.package_identification:_identify(src/velodyne_simulator/img) by extensions ['colcon_pkg']
[0.352s] Level 1:colcon.colcon_core.package_identification:_identify(src/velodyne_simulator/img) by extension 'colcon_pkg'
[0.352s] Level 1:colcon.colcon_core.package_identification:_identify(src/velodyne_simulator/img) by extensions ['colcon_meta']
[0.352s] Level 1:colcon.colcon_core.package_identification:_identify(src/velodyne_simulator/img) by extension 'colcon_meta'
[0.352s] Level 1:colcon.colcon_core.package_identification:_identify(src/velodyne_simulator/img) by extensions ['ros']
[0.353s] Level 1:colcon.colcon_core.package_identification:_identify(src/velodyne_simulator/img) by extension 'ros'
[0.353s] Level 1:colcon.colcon_core.package_identification:_identify(src/velodyne_simulator/img) by extensions ['cmake', 'python']
[0.353s] Level 1:colcon.colcon_core.package_identification:_identify(src/velodyne_simulator/img) by extension 'cmake'
[0.353s] Level 1:colcon.colcon_core.package_identification:_identify(src/velodyne_simulator/img) by extension 'python'
[0.353s] Level 1:colcon.colcon_core.package_identification:_identify(src/velodyne_simulator/img) by extensions ['python_setup_py']
[0.353s] Level 1:colcon.colcon_core.package_identification:_identify(src/velodyne_simulator/img) by extension 'python_setup_py'
[0.353s] Level 1:colcon.colcon_core.package_identification:_identify(src/velodyne_simulator/velodyne_description) by extensions ['ignore', 'ignore_ament_install']
[0.353s] Level 1:colcon.colcon_core.package_identification:_identify(src/velodyne_simulator/velodyne_description) by extension 'ignore'
[0.353s] Level 1:colcon.colcon_core.package_identification:_identify(src/velodyne_simulator/velodyne_description) by extension 'ignore_ament_install'
[0.353s] Level 1:colcon.colcon_core.package_identification:_identify(src/velodyne_simulator/velodyne_description) by extensions ['colcon_pkg']
[0.353s] Level 1:colcon.colcon_core.package_identification:_identify(src/velodyne_simulator/velodyne_description) by extension 'colcon_pkg'
[0.353s] Level 1:colcon.colcon_core.package_identification:_identify(src/velodyne_simulator/velodyne_description) by extensions ['colcon_meta']
[0.353s] Level 1:colcon.colcon_core.package_identification:_identify(src/velodyne_simulator/velodyne_description) by extension 'colcon_meta'
[0.353s] Level 1:colcon.colcon_core.package_identification:_identify(src/velodyne_simulator/velodyne_description) by extensions ['ros']
[0.353s] Level 1:colcon.colcon_core.package_identification:_identify(src/velodyne_simulator/velodyne_description) by extension 'ros'
[0.354s] DEBUG:colcon.colcon_core.package_identification:Package 'src/velodyne_simulator/velodyne_description' with type 'ros.ament_cmake' and name 'velodyne_description'
[0.354s] Level 1:colcon.colcon_core.package_identification:_identify(src/velodyne_simulator/velodyne_gazebo_plugins) by extensions ['ignore', 'ignore_ament_install']
[0.354s] Level 1:colcon.colcon_core.package_identification:_identify(src/velodyne_simulator/velodyne_gazebo_plugins) by extension 'ignore'
[0.354s] Level 1:colcon.colcon_core.package_identification:_identify(src/velodyne_simulator/velodyne_gazebo_plugins) by extension 'ignore_ament_install'
[0.354s] Level 1:colcon.colcon_core.package_identification:_identify(src/velodyne_simulator/velodyne_gazebo_plugins) by extensions ['colcon_pkg']
[0.354s] Level 1:colcon.colcon_core.package_identification:_identify(src/velodyne_simulator/velodyne_gazebo_plugins) by extension 'colcon_pkg'
[0.354s] Level 1:colcon.colcon_core.package_identification:_identify(src/velodyne_simulator/velodyne_gazebo_plugins) by extensions ['colcon_meta']
[0.354s] Level 1:colcon.colcon_core.package_identification:_identify(src/velodyne_simulator/velodyne_gazebo_plugins) by extension 'colcon_meta'
[0.354s] Level 1:colcon.colcon_core.package_identification:_identify(src/velodyne_simulator/velodyne_gazebo_plugins) by extensions ['ros']
[0.354s] Level 1:colcon.colcon_core.package_identification:_identify(src/velodyne_simulator/velodyne_gazebo_plugins) by extension 'ros'
[0.355s] DEBUG:colcon.colcon_core.package_identification:Package 'src/velodyne_simulator/velodyne_gazebo_plugins' with type 'ros.ament_cmake' and name 'velodyne_gazebo_plugins'
[0.356s] Level 1:colcon.colcon_core.package_identification:_identify(src/velodyne_simulator/velodyne_simulator) by extensions ['ignore', 'ignore_ament_install']
[0.356s] Level 1:colcon.colcon_core.package_identification:_identify(src/velodyne_simulator/velodyne_simulator) by extension 'ignore'
[0.356s] Level 1:colcon.colcon_core.package_identification:_identify(src/velodyne_simulator/velodyne_simulator) by extension 'ignore_ament_install'
[0.356s] Level 1:colcon.colcon_core.package_identification:_identify(src/velodyne_simulator/velodyne_simulator) by extensions ['colcon_pkg']
[0.356s] Level 1:colcon.colcon_core.package_identification:_identify(src/velodyne_simulator/velodyne_simulator) by extension 'colcon_pkg'
[0.356s] Level 1:colcon.colcon_core.package_identification:_identify(src/velodyne_simulator/velodyne_simulator) by extensions ['colcon_meta']
[0.356s] Level 1:colcon.colcon_core.package_identification:_identify(src/velodyne_simulator/velodyne_simulator) by extension 'colcon_meta'
[0.356s] Level 1:colcon.colcon_core.package_identification:_identify(src/velodyne_simulator/velodyne_simulator) by extensions ['ros']
[0.356s] Level 1:colcon.colcon_core.package_identification:_identify(src/velodyne_simulator/velodyne_simulator) by extension 'ros'
[0.357s] DEBUG:colcon.colcon_core.package_identification:Package 'src/velodyne_simulator/velodyne_simulator' with type 'ros.ament_cmake' and name 'velodyne_simulator'
[0.357s] Level 1:colcon.colcon_core.package_discovery:discover_packages(recursive) using defaults
[0.357s] Level 1:colcon.colcon_core.package_discovery:discover_packages(ignore) discover
[0.357s] Level 1:colcon.colcon_core.package_discovery:discover_packages(ignore) using defaults
[0.357s] Level 1:colcon.colcon_core.package_discovery:discover_packages(path) discover
[0.357s] Level 1:colcon.colcon_core.package_discovery:discover_packages(path) using defaults
[0.388s] INFO:colcon.colcon_core.package_selection:Skipping not selected package 'my_avoidance' in 'src/my_avoidance'
[0.388s] INFO:colcon.colcon_core.package_selection:Skipping not selected package 'velodyne_simulator' in 'src/velodyne_simulator/velodyne_simulator'
[0.389s] Level 1:colcon.colcon_core.package_discovery:discover_packages(prefix_path) check parameters
[0.389s] Level 1:colcon.colcon_core.package_discovery:discover_packages(prefix_path) discover
[0.391s] DEBUG:colcon.colcon_installed_package_information.package_discovery:Found 3 installed packages in /home/vdtune/ros2_ws/install
[0.392s] DEBUG:colcon.colcon_installed_package_information.package_discovery:Found 296 installed packages in /opt/ros/humble
[0.394s] Level 1:colcon.colcon_core.package_discovery:discover_packages(prefix_path) using defaults
[0.440s] Level 5:colcon.colcon_core.verb:set package 'velodyne_description' build argument 'cmake_args' from command line to 'None'
[0.440s] Level 5:colcon.colcon_core.verb:set package 'velodyne_description' build argument 'cmake_target' from command line to 'None'
[0.440s] Level 5:colcon.colcon_core.verb:set package 'velodyne_description' build argument 'cmake_target_skip_unavailable' from command line to 'False'
[0.440s] Level 5:colcon.colcon_core.verb:set package 'velodyne_description' build argument 'cmake_clean_cache' from command line to 'False'
[0.440s] Level 5:colcon.colcon_core.verb:set package 'velodyne_description' build argument 'cmake_clean_first' from command line to 'False'
[0.440s] Level 5:colcon.colcon_core.verb:set package 'velodyne_description' build argument 'cmake_force_configure' from command line to 'False'
[0.440s] Level 5:colcon.colcon_core.verb:set package 'velodyne_description' build argument 'ament_cmake_args' from command line to 'None'
[0.440s] Level 5:colcon.colcon_core.verb:set package 'velodyne_description' build argument 'catkin_cmake_args' from command line to 'None'
[0.440s] Level 5:colcon.colcon_core.verb:set package 'velodyne_description' build argument 'catkin_skip_building_tests' from command line to 'False'
[0.440s] DEBUG:colcon.colcon_core.verb:Building package 'velodyne_description' with the following arguments: {'ament_cmake_args': None, 'build_base': '/home/vdtune/ros2_ws/build/velodyne_description', 'catkin_cmake_args': None, 'catkin_skip_building_tests': False, 'cmake_args': None, 'cmake_clean_cache': False, 'cmake_clean_first': False, 'cmake_force_configure': False, 'cmake_target': None, 'cmake_target_skip_unavailable': False, 'install_base': '/home/vdtune/ros2_ws/install/velodyne_description', 'merge_install': False, 'path': '/home/vdtune/ros2_ws/src/velodyne_simulator/velodyne_description', 'symlink_install': False, 'test_result_base': None}
[0.441s] Level 5:colcon.colcon_core.verb:set package 'velodyne_gazebo_plugins' build argument 'cmake_args' from command line to 'None'
[0.441s] Level 5:colcon.colcon_core.verb:set package 'velodyne_gazebo_plugins' build argument 'cmake_target' from command line to 'None'
[0.441s] Level 5:colcon.colcon_core.verb:set package 'velodyne_gazebo_plugins' build argument 'cmake_target_skip_unavailable' from command line to 'False'
[0.441s] Level 5:colcon.colcon_core.verb:set package 'velodyne_gazebo_plugins' build argument 'cmake_clean_cache' from command line to 'False'
[0.441s] Level 5:colcon.colcon_core.verb:set package 'velodyne_gazebo_plugins' build argument 'cmake_clean_first' from command line to 'False'
[0.441s] Level 5:colcon.colcon_core.verb:set package 'velodyne_gazebo_plugins' build argument 'cmake_force_configure' from command line to 'False'
[0.441s] Level 5:colcon.colcon_core.verb:set package 'velodyne_gazebo_plugins' build argument 'ament_cmake_args' from command line to 'None'
[0.441s] Level 5:colcon.colcon_core.verb:set package 'velodyne_gazebo_plugins' build argument 'catkin_cmake_args' from command line to 'None'
[0.441s] Level 5:colcon.colcon_core.verb:set package 'velodyne_gazebo_plugins' build argument 'catkin_skip_building_tests' from command line to 'False'
[0.441s] DEBUG:colcon.colcon_core.verb:Building package 'velodyne_gazebo_plugins' with the following arguments: {'ament_cmake_args': None, 'build_base': '/home/vdtune/ros2_ws/build/velodyne_gazebo_plugins', 'catkin_cmake_args': None, 'catkin_skip_building_tests': False, 'cmake_args': None, 'cmake_clean_cache': False, 'cmake_clean_first': False, 'cmake_force_configure': False, 'cmake_target': None, 'cmake_target_skip_unavailable': False, 'install_base': '/home/vdtune/ros2_ws/install/velodyne_gazebo_plugins', 'merge_install': False, 'path': '/home/vdtune/ros2_ws/src/velodyne_simulator/velodyne_gazebo_plugins', 'symlink_install': False, 'test_result_base': None}
[0.441s] Level 5:colcon.colcon_core.verb:set package 'my_bot' build argument 'cmake_args' from command line to 'None'
[0.441s] Level 5:colcon.colcon_core.verb:set package 'my_bot' build argument 'cmake_target' from command line to 'None'
[0.441s] Level 5:colcon.colcon_core.verb:set package 'my_bot' build argument 'cmake_target_skip_unavailable' from command line to 'False'
[0.441s] Level 5:colcon.colcon_core.verb:set package 'my_bot' build argument 'cmake_clean_cache' from command line to 'False'
[0.441s] Level 5:colcon.colcon_core.verb:set package 'my_bot' build argument 'cmake_clean_first' from command line to 'False'
[0.441s] Level 5:colcon.colcon_core.verb:set package 'my_bot' build argument 'cmake_force_configure' from command line to 'False'
[0.441s] Level 5:colcon.colcon_core.verb:set package 'my_bot' build argument 'ament_cmake_args' from command line to 'None'
[0.441s] Level 5:colcon.colcon_core.verb:set package 'my_bot' build argument 'catkin_cmake_args' from command line to 'None'
[0.441s] Level 5:colcon.colcon_core.verb:set package 'my_bot' build argument 'catkin_skip_building_tests' from command line to 'False'
[0.441s] DEBUG:colcon.colcon_core.verb:Building package 'my_bot' with the following arguments: {'ament_cmake_args': None, 'build_base': '/home/vdtune/ros2_ws/build/my_bot', 'catkin_cmake_args': None, 'catkin_skip_building_tests': False, 'cmake_args': None, 'cmake_clean_cache': False, 'cmake_clean_first': False, 'cmake_force_configure': False, 'cmake_target': None, 'cmake_target_skip_unavailable': False, 'install_base': '/home/vdtune/ros2_ws/install/my_bot', 'merge_install': False, 'path': '/home/vdtune/ros2_ws/src/mobile-3d-lidar-sim/my_bot', 'symlink_install': False, 'test_result_base': None}
[0.442s] INFO:colcon.colcon_core.executor:Executing jobs using 'parallel' executor
[0.443s] DEBUG:colcon.colcon_parallel_executor.executor.parallel:run_until_complete
[0.444s] INFO:colcon.colcon_ros.task.ament_cmake.build:Building ROS package in '/home/vdtune/ros2_ws/src/velodyne_simulator/velodyne_description' with build type 'ament_cmake'
[0.444s] INFO:colcon.colcon_cmake.task.cmake.build:Building CMake package in '/home/vdtune/ros2_ws/src/velodyne_simulator/velodyne_description'
[0.446s] INFO:colcon.colcon_core.plugin_system:Skipping extension 'colcon_core.shell.bat': Not used on non-Windows systems
[0.446s] INFO:colcon.colcon_core.shell:Skip shell extension 'powershell' for command environment: Not usable outside of PowerShell
[0.447s] DEBUG:colcon.colcon_core.shell:Skip shell extension 'dsv' for command environment
[0.452s] INFO:colcon.colcon_ros.task.ament_cmake.build:Building ROS package in '/home/vdtune/ros2_ws/src/velodyne_simulator/velodyne_gazebo_plugins' with build type 'ament_cmake'
[0.452s] INFO:colcon.colcon_cmake.task.cmake.build:Building CMake package in '/home/vdtune/ros2_ws/src/velodyne_simulator/velodyne_gazebo_plugins'
[0.453s] INFO:colcon.colcon_core.shell:Skip shell extension 'powershell' for command environment: Not usable outside of PowerShell
[0.453s] DEBUG:colcon.colcon_core.shell:Skip shell extension 'dsv' for command environment
[0.465s] DEBUG:colcon.colcon_core.event_handler.log_command:Invoking command in '/home/vdtune/ros2_ws/build/velodyne_description': CMAKE_PREFIX_PATH=${CMAKE_PREFIX_PATH}:/home/vdtune/ros2_ws/install/my_avoidance:/opt/ros/humble /usr/bin/cmake --build /home/vdtune/ros2_ws/build/velodyne_description -- -j8 -l8
[0.477s] DEBUG:colcon.colcon_core.event_handler.log_command:Invoking command in '/home/vdtune/ros2_ws/build/velodyne_gazebo_plugins': CMAKE_PREFIX_PATH=${CMAKE_PREFIX_PATH}:/home/vdtune/ros2_ws/install/my_avoidance:/opt/ros/humble /usr/bin/cmake --build /home/vdtune/ros2_ws/build/velodyne_gazebo_plugins -- -j8 -l8
[0.512s] DEBUG:colcon.colcon_core.event_handler.log_command:Invoked command in '/home/vdtune/ros2_ws/build/velodyne_description' returned '0': CMAKE_PREFIX_PATH=${CMAKE_PREFIX_PATH}:/home/vdtune/ros2_ws/install/my_avoidance:/opt/ros/humble /usr/bin/cmake --build /home/vdtune/ros2_ws/build/velodyne_description -- -j8 -l8
[0.523s] DEBUG:colcon.colcon_core.event_handler.log_command:Invoking command in '/home/vdtune/ros2_ws/build/velodyne_description': CMAKE_PREFIX_PATH=${CMAKE_PREFIX_PATH}:/home/vdtune/ros2_ws/install/my_avoidance:/opt/ros/humble /usr/bin/cmake --install /home/vdtune/ros2_ws/build/velodyne_description
[0.543s] Level 1:colcon.colcon_core.environment:create_environment_scripts_only(velodyne_description)
[0.546s] DEBUG:colcon.colcon_core.event_handler.log_command:Invoked command in '/home/vdtune/ros2_ws/build/velodyne_description' returned '0': CMAKE_PREFIX_PATH=${CMAKE_PREFIX_PATH}:/home/vdtune/ros2_ws/install/my_avoidance:/opt/ros/humble /usr/bin/cmake --install /home/vdtune/ros2_ws/build/velodyne_description
[0.546s] Level 1:colcon.colcon_core.environment:checking '/home/vdtune/ros2_ws/install/velodyne_description' for CMake module files
[0.547s] Level 1:colcon.colcon_core.environment:checking '/home/vdtune/ros2_ws/install/velodyne_description' for CMake config files
[0.547s] Level 1:colcon.colcon_core.shell:create_environment_hook('velodyne_description', 'cmake_prefix_path')
[0.547s] INFO:colcon.colcon_core.shell:Creating environment hook '/home/vdtune/ros2_ws/install/velodyne_description/share/velodyne_description/hook/cmake_prefix_path.ps1'
[0.548s] INFO:colcon.colcon_core.shell:Creating environment descriptor '/home/vdtune/ros2_ws/install/velodyne_description/share/velodyne_description/hook/cmake_prefix_path.dsv'
[0.549s] INFO:colcon.colcon_core.shell:Creating environment hook '/home/vdtune/ros2_ws/install/velodyne_description/share/velodyne_description/hook/cmake_prefix_path.sh'
[0.550s] Level 1:colcon.colcon_core.environment:checking '/home/vdtune/ros2_ws/install/velodyne_description/bin'
[0.552s] Level 1:colcon.colcon_core.environment:checking '/home/vdtune/ros2_ws/install/velodyne_description/lib/pkgconfig/velodyne_description.pc'
[0.552s] Level 1:colcon.colcon_core.environment:checking '/home/vdtune/ros2_ws/install/velodyne_description/lib/python3.10/site-packages'
[0.553s] Level 1:colcon.colcon_core.environment:checking '/home/vdtune/ros2_ws/install/velodyne_description/bin'
[0.553s] INFO:colcon.colcon_core.shell:Creating package script '/home/vdtune/ros2_ws/install/velodyne_description/share/velodyne_description/package.ps1'
[0.554s] INFO:colcon.colcon_core.shell:Creating package descriptor '/home/vdtune/ros2_ws/install/velodyne_description/share/velodyne_description/package.dsv'
[0.555s] INFO:colcon.colcon_core.shell:Creating package script '/home/vdtune/ros2_ws/install/velodyne_description/share/velodyne_description/package.sh'
[0.556s] INFO:colcon.colcon_core.shell:Creating package script '/home/vdtune/ros2_ws/install/velodyne_description/share/velodyne_description/package.bash'
[0.557s] INFO:colcon.colcon_core.shell:Creating package script '/home/vdtune/ros2_ws/install/velodyne_description/share/velodyne_description/package.zsh'
[0.558s] Level 1:colcon.colcon_core.environment:create_file_with_runtime_dependencies(/home/vdtune/ros2_ws/install/velodyne_description/share/colcon-core/packages/velodyne_description)
[0.559s] Level 1:colcon.colcon_core.environment:create_environment_scripts_only(velodyne_description)
[0.559s] Level 1:colcon.colcon_core.environment:checking '/home/vdtune/ros2_ws/install/velodyne_description' for CMake module files
[0.561s] Level 1:colcon.colcon_core.environment:checking '/home/vdtune/ros2_ws/install/velodyne_description' for CMake config files
[0.561s] Level 1:colcon.colcon_core.shell:create_environment_hook('velodyne_description', 'cmake_prefix_path')
[0.561s] INFO:colcon.colcon_core.shell:Creating environment hook '/home/vdtune/ros2_ws/install/velodyne_description/share/velodyne_description/hook/cmake_prefix_path.ps1'
[0.562s] INFO:colcon.colcon_core.shell:Creating environment descriptor '/home/vdtune/ros2_ws/install/velodyne_description/share/velodyne_description/hook/cmake_prefix_path.dsv'
[0.563s] INFO:colcon.colcon_core.shell:Creating environment hook '/home/vdtune/ros2_ws/install/velodyne_description/share/velodyne_description/hook/cmake_prefix_path.sh'
[0.563s] Level 1:colcon.colcon_core.environment:checking '/home/vdtune/ros2_ws/install/velodyne_description/bin'
[0.563s] Level 1:colcon.colcon_core.environment:checking '/home/vdtune/ros2_ws/install/velodyne_description/lib/pkgconfig/velodyne_description.pc'
[0.564s] Level 1:colcon.colcon_core.environment:checking '/home/vdtune/ros2_ws/install/velodyne_description/lib/python3.10/site-packages'
[0.564s] Level 1:colcon.colcon_core.environment:checking '/home/vdtune/ros2_ws/install/velodyne_description/bin'
[0.564s] INFO:colcon.colcon_core.shell:Creating package script '/home/vdtune/ros2_ws/install/velodyne_description/share/velodyne_description/package.ps1'
[0.565s] INFO:colcon.colcon_core.shell:Creating package descriptor '/home/vdtune/ros2_ws/install/velodyne_description/share/velodyne_description/package.dsv'
[0.566s] INFO:colcon.colcon_core.shell:Creating package script '/home/vdtune/ros2_ws/install/velodyne_description/share/velodyne_description/package.sh'
[0.566s] INFO:colcon.colcon_core.shell:Creating package script '/home/vdtune/ros2_ws/install/velodyne_description/share/velodyne_description/package.bash'
[0.567s] INFO:colcon.colcon_core.shell:Creating package script '/home/vdtune/ros2_ws/install/velodyne_description/share/velodyne_description/package.zsh'
[0.568s] Level 1:colcon.colcon_core.environment:create_file_with_runtime_dependencies(/home/vdtune/ros2_ws/install/velodyne_description/share/colcon-core/packages/velodyne_description)
[22.669s] DEBUG:colcon.colcon_core.event_handler.log_command:Invoked command in '/home/vdtune/ros2_ws/build/velodyne_gazebo_plugins' returned '0': CMAKE_PREFIX_PATH=${CMAKE_PREFIX_PATH}:/home/vdtune/ros2_ws/install/my_avoidance:/opt/ros/humble /usr/bin/cmake --build /home/vdtune/ros2_ws/build/velodyne_gazebo_plugins -- -j8 -l8
[22.670s] DEBUG:colcon.colcon_core.event_handler.log_command:Invoking command in '/home/vdtune/ros2_ws/build/velodyne_gazebo_plugins': CMAKE_PREFIX_PATH=${CMAKE_PREFIX_PATH}:/home/vdtune/ros2_ws/install/my_avoidance:/opt/ros/humble /usr/bin/cmake --install /home/vdtune/ros2_ws/build/velodyne_gazebo_plugins
[22.690s] Level 1:colcon.colcon_core.environment:create_environment_scripts_only(velodyne_gazebo_plugins)
[22.690s] Level 1:colcon.colcon_core.environment:checking '/home/vdtune/ros2_ws/install/velodyne_gazebo_plugins' for CMake module files
[22.691s] Level 1:colcon.colcon_core.environment:checking '/home/vdtune/ros2_ws/install/velodyne_gazebo_plugins' for CMake config files
[22.691s] DEBUG:colcon.colcon_core.event_handler.log_command:Invoked command in '/home/vdtune/ros2_ws/build/velodyne_gazebo_plugins' returned '0': CMAKE_PREFIX_PATH=${CMAKE_PREFIX_PATH}:/home/vdtune/ros2_ws/install/my_avoidance:/opt/ros/humble /usr/bin/cmake --install /home/vdtune/ros2_ws/build/velodyne_gazebo_plugins
[22.692s] Level 1:colcon.colcon_core.shell:create_environment_hook('velodyne_gazebo_plugins', 'cmake_prefix_path')
[22.692s] INFO:colcon.colcon_core.shell:Creating environment hook '/home/vdtune/ros2_ws/install/velodyne_gazebo_plugins/share/velodyne_gazebo_plugins/hook/cmake_prefix_path.ps1'
[22.693s] INFO:colcon.colcon_core.shell:Creating environment descriptor '/home/vdtune/ros2_ws/install/velodyne_gazebo_plugins/share/velodyne_gazebo_plugins/hook/cmake_prefix_path.dsv'
[22.693s] INFO:colcon.colcon_core.shell:Creating environment hook '/home/vdtune/ros2_ws/install/velodyne_gazebo_plugins/share/velodyne_gazebo_plugins/hook/cmake_prefix_path.sh'
[22.694s] Level 1:colcon.colcon_core.environment:checking '/home/vdtune/ros2_ws/install/velodyne_gazebo_plugins/lib'
[22.694s] Level 1:colcon.colcon_core.shell:create_environment_hook('velodyne_gazebo_plugins', 'ld_library_path_lib')
[22.694s] INFO:colcon.colcon_core.shell:Creating environment hook '/home/vdtune/ros2_ws/install/velodyne_gazebo_plugins/share/velodyne_gazebo_plugins/hook/ld_library_path_lib.ps1'
[22.695s] INFO:colcon.colcon_core.shell:Creating environment descriptor '/home/vdtune/ros2_ws/install/velodyne_gazebo_plugins/share/velodyne_gazebo_plugins/hook/ld_library_path_lib.dsv'
[22.695s] INFO:colcon.colcon_core.shell:Creating environment hook '/home/vdtune/ros2_ws/install/velodyne_gazebo_plugins/share/velodyne_gazebo_plugins/hook/ld_library_path_lib.sh'
[22.696s] Level 1:colcon.colcon_core.environment:checking '/home/vdtune/ros2_ws/install/velodyne_gazebo_plugins/bin'
[22.696s] Level 1:colcon.colcon_core.environment:checking '/home/vdtune/ros2_ws/install/velodyne_gazebo_plugins/lib/pkgconfig/velodyne_gazebo_plugins.pc'
[22.696s] Level 1:colcon.colcon_core.environment:checking '/home/vdtune/ros2_ws/install/velodyne_gazebo_plugins/lib/python3.10/site-packages'
[22.696s] Level 1:colcon.colcon_core.environment:checking '/home/vdtune/ros2_ws/install/velodyne_gazebo_plugins/bin'
[22.697s] INFO:colcon.colcon_core.shell:Creating package script '/home/vdtune/ros2_ws/install/velodyne_gazebo_plugins/share/velodyne_gazebo_plugins/package.ps1'
[22.697s] INFO:colcon.colcon_core.shell:Creating package descriptor '/home/vdtune/ros2_ws/install/velodyne_gazebo_plugins/share/velodyne_gazebo_plugins/package.dsv'
[22.698s] INFO:colcon.colcon_core.shell:Creating package script '/home/vdtune/ros2_ws/install/velodyne_gazebo_plugins/share/velodyne_gazebo_plugins/package.sh'
[22.698s] INFO:colcon.colcon_core.shell:Creating package script '/home/vdtune/ros2_ws/install/velodyne_gazebo_plugins/share/velodyne_gazebo_plugins/package.bash'
[22.699s] INFO:colcon.colcon_core.shell:Creating package script '/home/vdtune/ros2_ws/install/velodyne_gazebo_plugins/share/velodyne_gazebo_plugins/package.zsh'
[22.699s] Level 1:colcon.colcon_core.environment:create_file_with_runtime_dependencies(/home/vdtune/ros2_ws/install/velodyne_gazebo_plugins/share/colcon-core/packages/velodyne_gazebo_plugins)
[22.700s] Level 1:colcon.colcon_core.environment:create_environment_scripts_only(velodyne_gazebo_plugins)
[22.700s] Level 1:colcon.colcon_core.environment:checking '/home/vdtune/ros2_ws/install/velodyne_gazebo_plugins' for CMake module files
[22.701s] Level 1:colcon.colcon_core.environment:checking '/home/vdtune/ros2_ws/install/velodyne_gazebo_plugins' for CMake config files
[22.701s] Level 1:colcon.colcon_core.shell:create_environment_hook('velodyne_gazebo_plugins', 'cmake_prefix_path')
[22.701s] INFO:colcon.colcon_core.shell:Creating environment hook '/home/vdtune/ros2_ws/install/velodyne_gazebo_plugins/share/velodyne_gazebo_plugins/hook/cmake_prefix_path.ps1'
[22.702s] INFO:colcon.colcon_core.shell:Creating environment descriptor '/home/vdtune/ros2_ws/install/velodyne_gazebo_plugins/share/velodyne_gazebo_plugins/hook/cmake_prefix_path.dsv'
[22.703s] INFO:colcon.colcon_core.shell:Creating environment hook '/home/vdtune/ros2_ws/install/velodyne_gazebo_plugins/share/velodyne_gazebo_plugins/hook/cmake_prefix_path.sh'
[22.704s] Level 1:colcon.colcon_core.environment:checking '/home/vdtune/ros2_ws/install/velodyne_gazebo_plugins/lib'
[22.704s] Level 1:colcon.colcon_core.shell:create_environment_hook('velodyne_gazebo_plugins', 'ld_library_path_lib')
[22.704s] INFO:colcon.colcon_core.shell:Creating environment hook '/home/vdtune/ros2_ws/install/velodyne_gazebo_plugins/share/velodyne_gazebo_plugins/hook/ld_library_path_lib.ps1'
[22.704s] INFO:colcon.colcon_core.shell:Creating environment descriptor '/home/vdtune/ros2_ws/install/velodyne_gazebo_plugins/share/velodyne_gazebo_plugins/hook/ld_library_path_lib.dsv'
[22.705s] INFO:colcon.colcon_core.shell:Creating environment hook '/home/vdtune/ros2_ws/install/velodyne_gazebo_plugins/share/velodyne_gazebo_plugins/hook/ld_library_path_lib.sh'
[22.706s] Level 1:colcon.colcon_core.environment:checking '/home/vdtune/ros2_ws/install/velodyne_gazebo_plugins/bin'
[22.706s] Level 1:colcon.colcon_core.environment:checking '/home/vdtune/ros2_ws/install/velodyne_gazebo_plugins/lib/pkgconfig/velodyne_gazebo_plugins.pc'
[22.706s] Level 1:colcon.colcon_core.environment:checking '/home/vdtune/ros2_ws/install/velodyne_gazebo_plugins/lib/python3.10/site-packages'
[22.706s] Level 1:colcon.colcon_core.environment:checking '/home/vdtune/ros2_ws/install/velodyne_gazebo_plugins/bin'
[22.707s] INFO:colcon.colcon_core.shell:Creating package script '/home/vdtune/ros2_ws/install/velodyne_gazebo_plugins/share/velodyne_gazebo_plugins/package.ps1'
[22.708s] INFO:colcon.colcon_core.shell:Creating package descriptor '/home/vdtune/ros2_ws/install/velodyne_gazebo_plugins/share/velodyne_gazebo_plugins/package.dsv'
[22.708s] INFO:colcon.colcon_core.shell:Creating package script '/home/vdtune/ros2_ws/install/velodyne_gazebo_plugins/share/velodyne_gazebo_plugins/package.sh'
[22.709s] INFO:colcon.colcon_core.shell:Creating package script '/home/vdtune/ros2_ws/install/velodyne_gazebo_plugins/share/velodyne_gazebo_plugins/package.bash'
[22.710s] INFO:colcon.colcon_core.shell:Creating package script '/home/vdtune/ros2_ws/install/velodyne_gazebo_plugins/share/velodyne_gazebo_plugins/package.zsh'
[22.711s] Level 1:colcon.colcon_core.environment:create_file_with_runtime_dependencies(/home/vdtune/ros2_ws/install/velodyne_gazebo_plugins/share/colcon-core/packages/velodyne_gazebo_plugins)
[22.711s] INFO:colcon.colcon_ros.task.ament_cmake.build:Building ROS package in '/home/vdtune/ros2_ws/src/mobile-3d-lidar-sim/my_bot' with build type 'ament_cmake'
[22.711s] INFO:colcon.colcon_cmake.task.cmake.build:Building CMake package in '/home/vdtune/ros2_ws/src/mobile-3d-lidar-sim/my_bot'
[22.712s] INFO:colcon.colcon_core.shell:Skip shell extension 'powershell' for command environment: Not usable outside of PowerShell
[22.712s] DEBUG:colcon.colcon_core.shell:Skip shell extension 'dsv' for command environment
[22.727s] DEBUG:colcon.colcon_core.event_handler.log_command:Invoking command in '/home/vdtune/ros2_ws/build/my_bot': AMENT_PREFIX_PATH=/home/vdtune/ros2_ws/install/velodyne_gazebo_plugins:${AMENT_PREFIX_PATH} CMAKE_PREFIX_PATH=/home/vdtune/ros2_ws/install/velodyne_gazebo_plugins:/home/vdtune/ros2_ws/install/velodyne_description:/home/vdtune/ros2_ws/install/my_bot:/home/vdtune/ros2_ws/install/my_avoidance:/opt/ros/humble LD_LIBRARY_PATH=/home/vdtune/ros2_ws/install/velodyne_gazebo_plugins/lib:${LD_LIBRARY_PATH} /usr/bin/cmake --build /home/vdtune/ros2_ws/build/my_bot -- -j8 -l8
[22.953s] DEBUG:colcon.colcon_core.event_handler.log_command:Invoked command in '/home/vdtune/ros2_ws/build/my_bot' returned '0': AMENT_PREFIX_PATH=/home/vdtune/ros2_ws/install/velodyne_gazebo_plugins:${AMENT_PREFIX_PATH} CMAKE_PREFIX_PATH=/home/vdtune/ros2_ws/install/velodyne_gazebo_plugins:/home/vdtune/ros2_ws/install/velodyne_description:/home/vdtune/ros2_ws/install/my_bot:/home/vdtune/ros2_ws/install/my_avoidance:/opt/ros/humble LD_LIBRARY_PATH=/home/vdtune/ros2_ws/install/velodyne_gazebo_plugins/lib:${LD_LIBRARY_PATH} /usr/bin/cmake --build /home/vdtune/ros2_ws/build/my_bot -- -j8 -l8
[22.955s] DEBUG:colcon.colcon_core.event_handler.log_command:Invoking command in '/home/vdtune/ros2_ws/build/my_bot': AMENT_PREFIX_PATH=/home/vdtune/ros2_ws/install/velodyne_gazebo_plugins:${AMENT_PREFIX_PATH} CMAKE_PREFIX_PATH=/home/vdtune/ros2_ws/install/velodyne_gazebo_plugins:/home/vdtune/ros2_ws/install/velodyne_description:/home/vdtune/ros2_ws/install/my_bot:/home/vdtune/ros2_ws/install/my_avoidance:/opt/ros/humble LD_LIBRARY_PATH=/home/vdtune/ros2_ws/install/velodyne_gazebo_plugins/lib:${LD_LIBRARY_PATH} /usr/bin/cmake --install /home/vdtune/ros2_ws/build/my_bot
[22.973s] Level 1:colcon.colcon_core.environment:create_environment_scripts_only(my_bot)
[22.973s] Level 1:colcon.colcon_core.environment:checking '/home/vdtune/ros2_ws/install/my_bot' for CMake module files
[22.974s] DEBUG:colcon.colcon_core.event_handler.log_command:Invoked command in '/home/vdtune/ros2_ws/build/my_bot' returned '0': AMENT_PREFIX_PATH=/home/vdtune/ros2_ws/install/velodyne_gazebo_plugins:${AMENT_PREFIX_PATH} CMAKE_PREFIX_PATH=/home/vdtune/ros2_ws/install/velodyne_gazebo_plugins:/home/vdtune/ros2_ws/install/velodyne_description:/home/vdtune/ros2_ws/install/my_bot:/home/vdtune/ros2_ws/install/my_avoidance:/opt/ros/humble LD_LIBRARY_PATH=/home/vdtune/ros2_ws/install/velodyne_gazebo_plugins/lib:${LD_LIBRARY_PATH} /usr/bin/cmake --install /home/vdtune/ros2_ws/build/my_bot
[22.975s] Level 1:colcon.colcon_core.environment:checking '/home/vdtune/ros2_ws/install/my_bot' for CMake config files
[22.975s] Level 1:colcon.colcon_core.shell:create_environment_hook('my_bot', 'cmake_prefix_path')
[22.975s] INFO:colcon.colcon_core.shell:Creating environment hook '/home/vdtune/ros2_ws/install/my_bot/share/my_bot/hook/cmake_prefix_path.ps1'
[22.976s] INFO:colcon.colcon_core.shell:Creating environment descriptor '/home/vdtune/ros2_ws/install/my_bot/share/my_bot/hook/cmake_prefix_path.dsv'
[22.977s] INFO:colcon.colcon_core.shell:Creating environment hook '/home/vdtune/ros2_ws/install/my_bot/share/my_bot/hook/cmake_prefix_path.sh'
[22.978s] Level 1:colcon.colcon_core.environment:checking '/home/vdtune/ros2_ws/install/my_bot/bin'
[22.978s] Level 1:colcon.colcon_core.environment:checking '/home/vdtune/ros2_ws/install/my_bot/lib/pkgconfig/my_bot.pc'
[22.978s] Level 1:colcon.colcon_core.environment:checking '/home/vdtune/ros2_ws/install/my_bot/lib/python3.10/site-packages'
[22.979s] Level 1:colcon.colcon_core.environment:checking '/home/vdtune/ros2_ws/install/my_bot/bin'
[22.979s] INFO:colcon.colcon_core.shell:Creating package script '/home/vdtune/ros2_ws/install/my_bot/share/my_bot/package.ps1'
[22.980s] INFO:colcon.colcon_core.shell:Creating package descriptor '/home/vdtune/ros2_ws/install/my_bot/share/my_bot/package.dsv'
[22.980s] INFO:colcon.colcon_core.shell:Creating package script '/home/vdtune/ros2_ws/install/my_bot/share/my_bot/package.sh'
[22.981s] INFO:colcon.colcon_core.shell:Creating package script '/home/vdtune/ros2_ws/install/my_bot/share/my_bot/package.bash'
[22.982s] INFO:colcon.colcon_core.shell:Creating package script '/home/vdtune/ros2_ws/install/my_bot/share/my_bot/package.zsh'
[22.982s] Level 1:colcon.colcon_core.environment:create_file_with_runtime_dependencies(/home/vdtune/ros2_ws/install/my_bot/share/colcon-core/packages/my_bot)
[22.983s] Level 1:colcon.colcon_core.environment:create_environment_scripts_only(my_bot)
[22.984s] Level 1:colcon.colcon_core.environment:checking '/home/vdtune/ros2_ws/install/my_bot' for CMake module files
[22.984s] Level 1:colcon.colcon_core.environment:checking '/home/vdtune/ros2_ws/install/my_bot' for CMake config files
[22.985s] Level 1:colcon.colcon_core.shell:create_environment_hook('my_bot', 'cmake_prefix_path')
[22.985s] INFO:colcon.colcon_core.shell:Creating environment hook '/home/vdtune/ros2_ws/install/my_bot/share/my_bot/hook/cmake_prefix_path.ps1'
[22.986s] INFO:colcon.colcon_core.shell:Creating environment descriptor '/home/vdtune/ros2_ws/install/my_bot/share/my_bot/hook/cmake_prefix_path.dsv'
[22.986s] INFO:colcon.colcon_core.shell:Creating environment hook '/home/vdtune/ros2_ws/install/my_bot/share/my_bot/hook/cmake_prefix_path.sh'
[22.987s] Level 1:colcon.colcon_core.environment:checking '/home/vdtune/ros2_ws/install/my_bot/bin'
[22.987s] Level 1:colcon.colcon_core.environment:checking '/home/vdtune/ros2_ws/install/my_bot/lib/pkgconfig/my_bot.pc'
[22.988s] Level 1:colcon.colcon_core.environment:checking '/home/vdtune/ros2_ws/install/my_bot/lib/python3.10/site-packages'
[22.988s] Level 1:colcon.colcon_core.environment:checking '/home/vdtune/ros2_ws/install/my_bot/bin'
[22.988s] INFO:colcon.colcon_core.shell:Creating package script '/home/vdtune/ros2_ws/install/my_bot/share/my_bot/package.ps1'
[22.989s] INFO:colcon.colcon_core.shell:Creating package descriptor '/home/vdtune/ros2_ws/install/my_bot/share/my_bot/package.dsv'
[22.990s] INFO:colcon.colcon_core.shell:Creating package script '/home/vdtune/ros2_ws/install/my_bot/share/my_bot/package.sh'
[22.991s] INFO:colcon.colcon_core.shell:Creating package script '/home/vdtune/ros2_ws/install/my_bot/share/my_bot/package.bash'
[22.991s] INFO:colcon.colcon_core.shell:Creating package script '/home/vdtune/ros2_ws/install/my_bot/share/my_bot/package.zsh'
[22.992s] Level 1:colcon.colcon_core.environment:create_file_with_runtime_dependencies(/home/vdtune/ros2_ws/install/my_bot/share/colcon-core/packages/my_bot)
[22.993s] DEBUG:colcon.colcon_parallel_executor.executor.parallel:closing loop
[22.994s] DEBUG:colcon.colcon_parallel_executor.executor.parallel:loop closed
[22.994s] DEBUG:colcon.colcon_parallel_executor.executor.parallel:run_until_complete finished with '0'
[22.994s] DEBUG:colcon.colcon_core.event_reactor:joining thread
[23.002s] INFO:colcon.colcon_core.plugin_system:Skipping extension 'colcon_notification.desktop_notification.terminal_notifier': Not used on non-Darwin systems
[23.002s] INFO:colcon.colcon_core.plugin_system:Skipping extension 'colcon_notification.desktop_notification.win32': Not used on non-Windows systems
[23.002s] INFO:colcon.colcon_notification.desktop_notification:Sending desktop notification using 'notify2'
[23.023s] DEBUG:colcon.colcon_core.event_reactor:joined thread
[23.024s] INFO:colcon.colcon_core.shell:Creating prefix script '/home/vdtune/ros2_ws/install/local_setup.ps1'
[23.025s] INFO:colcon.colcon_core.shell:Creating prefix util module '/home/vdtune/ros2_ws/install/_local_setup_util_ps1.py'
[23.028s] INFO:colcon.colcon_core.shell:Creating prefix chain script '/home/vdtune/ros2_ws/install/setup.ps1'
[23.029s] INFO:colcon.colcon_core.shell:Creating prefix script '/home/vdtune/ros2_ws/install/local_setup.sh'
[23.030s] INFO:colcon.colcon_core.shell:Creating prefix util module '/home/vdtune/ros2_ws/install/_local_setup_util_sh.py'
[23.031s] INFO:colcon.colcon_core.shell:Creating prefix chain script '/home/vdtune/ros2_ws/install/setup.sh'
[23.033s] INFO:colcon.colcon_core.shell:Creating prefix script '/home/vdtune/ros2_ws/install/local_setup.bash'
[23.034s] INFO:colcon.colcon_core.shell:Creating prefix chain script '/home/vdtune/ros2_ws/install/setup.bash'
[23.035s] INFO:colcon.colcon_core.shell:Creating prefix script '/home/vdtune/ros2_ws/install/local_setup.zsh'
[23.036s] INFO:colcon.colcon_core.shell:Creating prefix chain script '/home/vdtune/ros2_ws/install/setup.zsh'
