[0.126s] DEBUG:colcon:Command line arguments: ['/usr/bin/colcon', 'build', '--packages-select', 'my_avoidance']
[0.127s] DEBUG:colcon:Parsed command line arguments: Namespace(log_base=None, log_level=None, verb_name='build', build_base='build', install_base='install', merge_install=False, symlink_install=False, test_result_base=None, continue_on_error=False, executor='parallel', parallel_workers=8, event_handlers=None, ignore_user_meta=False, metas=['./colcon.meta'], base_paths=['.'], packages_ignore=None, packages_ignore_regex=None, paths=None, packages_up_to=None, packages_up_to_regex=None, packages_above=None, packages_above_and_dependencies=None, packages_above_depth=None, packages_select_by_dep=None, packages_skip_by_dep=None, packages_skip_up_to=None, packages_select_build_failed=False, packages_skip_build_finished=False, packages_select_test_failures=False, packages_skip_test_passed=False, packages_select=['my_avoidance'], packages_skip=None, packages_select_regex=None, packages_skip_regex=None, packages_start=None, packages_end=None, allow_overriding=[], cmake_args=None, cmake_target=None, cmake_target_skip_unavailable=False, cmake_clean_cache=False, cmake_clean_first=False, cmake_force_configure=False, ament_cmake_args=None, catkin_cmake_args=None, catkin_skip_building_tests=False, mixin_files=None, mixin=None, verb_parser=<colcon_mixin.mixin.mixin_argument.MixinArgumentDecorator object at 0x7d6fdde2d870>, verb_extension=<colcon_core.verb.build.BuildVerb object at 0x7d6fdde2d1e0>, main=<bound method BuildVerb.main of <colcon_core.verb.build.BuildVerb object at 0x7d6fdde2d1e0>>, mixin_verb=('build',))
[0.310s] Level 1:colcon.colcon_core.package_discovery:discover_packages(colcon_meta) check parameters
[0.310s] Level 1:colcon.colcon_core.package_discovery:discover_packages(recursive) check parameters
[0.310s] Level 1:colcon.colcon_core.package_discovery:discover_packages(ignore) check parameters
[0.310s] Level 1:colcon.colcon_core.package_discovery:discover_packages(path) check parameters
[0.310s] Level 1:colcon.colcon_core.package_discovery:discover_packages(colcon_meta) discover
[0.310s] Level 1:colcon.colcon_core.package_discovery:discover_packages(recursive) discover
[0.310s] INFO:colcon.colcon_core.package_discovery:Crawling recursively for packages in '/home/vdtune/ros2_ws'
[0.310s] Level 1:colcon.colcon_core.package_identification:_identify(.) by extensions ['ignore', 'ignore_ament_install']
[0.310s] Level 1:colcon.colcon_core.package_identification:_identify(.) by extension 'ignore'
[0.310s] Level 1:colcon.colcon_core.package_identification:_identify(.) by extension 'ignore_ament_install'
[0.310s] Level 1:colcon.colcon_core.package_identification:_identify(.) by extensions ['colcon_pkg']
[0.310s] Level 1:colcon.colcon_core.package_identification:_identify(.) by extension 'colcon_pkg'
[0.310s] Level 1:colcon.colcon_core.package_identification:_identify(.) by extensions ['colcon_meta']
[0.310s] Level 1:colcon.colcon_core.package_identification:_identify(.) by extension 'colcon_meta'
[0.310s] Level 1:colcon.colcon_core.package_identification:_identify(.) by extensions ['ros']
[0.310s] Level 1:colcon.colcon_core.package_identification:_identify(.) by extension 'ros'
[0.317s] Level 1:colcon.colcon_core.package_identification:_identify(.) by extensions ['cmake', 'python']
[0.317s] Level 1:colcon.colcon_core.package_identification:_identify(.) by extension 'cmake'
[0.317s] Level 1:colcon.colcon_core.package_identification:_identify(.) by extension 'python'
[0.317s] Level 1:colcon.colcon_core.package_identification:_identify(.) by extensions ['python_setup_py']
[0.317s] Level 1:colcon.colcon_core.package_identification:_identify(.) by extension 'python_setup_py'
[0.317s] Level 1:colcon.colcon_core.package_identification:_identify(build) by extensions ['ignore', 'ignore_ament_install']
[0.317s] Level 1:colcon.colcon_core.package_identification:_identify(build) by extension 'ignore'
[0.317s] Level 1:colcon.colcon_core.package_identification:_identify(build) ignored
[0.317s] Level 1:colcon.colcon_core.package_identification:_identify(install) by extensions ['ignore', 'ignore_ament_install']
[0.317s] Level 1:colcon.colcon_core.package_identification:_identify(install) by extension 'ignore'
[0.318s] Level 1:colcon.colcon_core.package_identification:_identify(install) ignored
[0.318s] Level 1:colcon.colcon_core.package_identification:_identify(log) by extensions ['ignore', 'ignore_ament_install']
[0.318s] Level 1:colcon.colcon_core.package_identification:_identify(log) by extension 'ignore'
[0.318s] Level 1:colcon.colcon_core.package_identification:_identify(log) ignored
[0.318s] Level 1:colcon.colcon_core.package_identification:_identify(src) by extensions ['ignore', 'ignore_ament_install']
[0.318s] Level 1:colcon.colcon_core.package_identification:_identify(src) by extension 'ignore'
[0.318s] Level 1:colcon.colcon_core.package_identification:_identify(src) by extension 'ignore_ament_install'
[0.318s] Level 1:colcon.colcon_core.package_identification:_identify(src) by extensions ['colcon_pkg']
[0.318s] Level 1:colcon.colcon_core.package_identification:_identify(src) by extension 'colcon_pkg'
[0.318s] Level 1:colcon.colcon_core.package_identification:_identify(src) by extensions ['colcon_meta']
[0.318s] Level 1:colcon.colcon_core.package_identification:_identify(src) by extension 'colcon_meta'
[0.318s] Level 1:colcon.colcon_core.package_identification:_identify(src) by extensions ['ros']
[0.318s] Level 1:colcon.colcon_core.package_identification:_identify(src) by extension 'ros'
[0.318s] Level 1:colcon.colcon_core.package_identification:_identify(src) by extensions ['cmake', 'python']
[0.318s] Level 1:colcon.colcon_core.package_identification:_identify(src) by extension 'cmake'
[0.318s] Level 1:colcon.colcon_core.package_identification:_identify(src) by extension 'python'
[0.318s] Level 1:colcon.colcon_core.package_identification:_identify(src) by extensions ['python_setup_py']
[0.318s] Level 1:colcon.colcon_core.package_identification:_identify(src) by extension 'python_setup_py'
[0.318s] Level 1:colcon.colcon_core.package_identification:_identify(src/mobile-3d-lidar-sim) by extensions ['ignore', 'ignore_ament_install']
[0.318s] Level 1:colcon.colcon_core.package_identification:_identify(src/mobile-3d-lidar-sim) by extension 'ignore'
[0.318s] Level 1:colcon.colcon_core.package_identification:_identify(src/mobile-3d-lidar-sim) by extension 'ignore_ament_install'
[0.318s] Level 1:colcon.colcon_core.package_identification:_identify(src/mobile-3d-lidar-sim) by extensions ['colcon_pkg']
[0.318s] Level 1:colcon.colcon_core.package_identification:_identify(src/mobile-3d-lidar-sim) by extension 'colcon_pkg'
[0.318s] Level 1:colcon.colcon_core.package_identification:_identify(src/mobile-3d-lidar-sim) by extensions ['colcon_meta']
[0.318s] Level 1:colcon.colcon_core.package_identification:_identify(src/mobile-3d-lidar-sim) by extension 'colcon_meta'
[0.318s] Level 1:colcon.colcon_core.package_identification:_identify(src/mobile-3d-lidar-sim) by extensions ['ros']
[0.318s] Level 1:colcon.colcon_core.package_identification:_identify(src/mobile-3d-lidar-sim) by extension 'ros'
[0.318s] Level 1:colcon.colcon_core.package_identification:_identify(src/mobile-3d-lidar-sim) by extensions ['cmake', 'python']
[0.318s] Level 1:colcon.colcon_core.package_identification:_identify(src/mobile-3d-lidar-sim) by extension 'cmake'
[0.318s] Level 1:colcon.colcon_core.package_identification:_identify(src/mobile-3d-lidar-sim) by extension 'python'
[0.318s] Level 1:colcon.colcon_core.package_identification:_identify(src/mobile-3d-lidar-sim) by extensions ['python_setup_py']
[0.318s] Level 1:colcon.colcon_core.package_identification:_identify(src/mobile-3d-lidar-sim) by extension 'python_setup_py'
[0.318s] Level 1:colcon.colcon_core.package_identification:_identify(src/mobile-3d-lidar-sim/img) by extensions ['ignore', 'ignore_ament_install']
[0.318s] Level 1:colcon.colcon_core.package_identification:_identify(src/mobile-3d-lidar-sim/img) by extension 'ignore'
[0.318s] Level 1:colcon.colcon_core.package_identification:_identify(src/mobile-3d-lidar-sim/img) by extension 'ignore_ament_install'
[0.318s] Level 1:colcon.colcon_core.package_identification:_identify(src/mobile-3d-lidar-sim/img) by extensions ['colcon_pkg']
[0.318s] Level 1:colcon.colcon_core.package_identification:_identify(src/mobile-3d-lidar-sim/img) by extension 'colcon_pkg'
[0.319s] Level 1:colcon.colcon_core.package_identification:_identify(src/mobile-3d-lidar-sim/img) by extensions ['colcon_meta']
[0.319s] Level 1:colcon.colcon_core.package_identification:_identify(src/mobile-3d-lidar-sim/img) by extension 'colcon_meta'
[0.319s] Level 1:colcon.colcon_core.package_identification:_identify(src/mobile-3d-lidar-sim/img) by extensions ['ros']
[0.319s] Level 1:colcon.colcon_core.package_identification:_identify(src/mobile-3d-lidar-sim/img) by extension 'ros'
[0.319s] Level 1:colcon.colcon_core.package_identification:_identify(src/mobile-3d-lidar-sim/img) by extensions ['cmake', 'python']
[0.319s] Level 1:colcon.colcon_core.package_identification:_identify(src/mobile-3d-lidar-sim/img) by extension 'cmake'
[0.319s] Level 1:colcon.colcon_core.package_identification:_identify(src/mobile-3d-lidar-sim/img) by extension 'python'
[0.319s] Level 1:colcon.colcon_core.package_identification:_identify(src/mobile-3d-lidar-sim/img) by extensions ['python_setup_py']
[0.319s] Level 1:colcon.colcon_core.package_identification:_identify(src/mobile-3d-lidar-sim/img) by extension 'python_setup_py'
[0.319s] Level 1:colcon.colcon_core.package_identification:_identify(src/mobile-3d-lidar-sim/my_bot) by extensions ['ignore', 'ignore_ament_install']
[0.319s] Level 1:colcon.colcon_core.package_identification:_identify(src/mobile-3d-lidar-sim/my_bot) by extension 'ignore'
[0.319s] Level 1:colcon.colcon_core.package_identification:_identify(src/mobile-3d-lidar-sim/my_bot) by extension 'ignore_ament_install'
[0.319s] Level 1:colcon.colcon_core.package_identification:_identify(src/mobile-3d-lidar-sim/my_bot) by extensions ['colcon_pkg']
[0.319s] Level 1:colcon.colcon_core.package_identification:_identify(src/mobile-3d-lidar-sim/my_bot) by extension 'colcon_pkg'
[0.319s] Level 1:colcon.colcon_core.package_identification:_identify(src/mobile-3d-lidar-sim/my_bot) by extensions ['colcon_meta']
[0.319s] Level 1:colcon.colcon_core.package_identification:_identify(src/mobile-3d-lidar-sim/my_bot) by extension 'colcon_meta'
[0.319s] Level 1:colcon.colcon_core.package_identification:_identify(src/mobile-3d-lidar-sim/my_bot) by extensions ['ros']
[0.319s] Level 1:colcon.colcon_core.package_identification:_identify(src/mobile-3d-lidar-sim/my_bot) by extension 'ros'
[0.320s] DEBUG:colcon.colcon_core.package_identification:Package 'src/mobile-3d-lidar-sim/my_bot' with type 'ros.ament_cmake' and name 'my_bot'
[0.321s] Level 1:colcon.colcon_core.package_identification:_identify(src/my_avoidance) by extensions ['ignore', 'ignore_ament_install']
[0.321s] Level 1:colcon.colcon_core.package_identification:_identify(src/my_avoidance) by extension 'ignore'
[0.321s] Level 1:colcon.colcon_core.package_identification:_identify(src/my_avoidance) by extension 'ignore_ament_install'
[0.321s] Level 1:colcon.colcon_core.package_identification:_identify(src/my_avoidance) by extensions ['colcon_pkg']
[0.321s] Level 1:colcon.colcon_core.package_identification:_identify(src/my_avoidance) by extension 'colcon_pkg'
[0.321s] Level 1:colcon.colcon_core.package_identification:_identify(src/my_avoidance) by extensions ['colcon_meta']
[0.321s] Level 1:colcon.colcon_core.package_identification:_identify(src/my_avoidance) by extension 'colcon_meta'
[0.321s] Level 1:colcon.colcon_core.package_identification:_identify(src/my_avoidance) by extensions ['ros']
[0.321s] Level 1:colcon.colcon_core.package_identification:_identify(src/my_avoidance) by extension 'ros'
[0.321s] DEBUG:colcon.colcon_core.package_identification:Package 'src/my_avoidance' with type 'ros.ament_python' and name 'my_avoidance'
[0.321s] Level 1:colcon.colcon_core.package_identification:_identify(src/velodyne_simulator) by extensions ['ignore', 'ignore_ament_install']
[0.321s] Level 1:colcon.colcon_core.package_identification:_identify(src/velodyne_simulator) by extension 'ignore'
[0.321s] Level 1:colcon.colcon_core.package_identification:_identify(src/velodyne_simulator) by extension 'ignore_ament_install'
[0.321s] Level 1:colcon.colcon_core.package_identification:_identify(src/velodyne_simulator) by extensions ['colcon_pkg']
[0.321s] Level 1:colcon.colcon_core.package_identification:_identify(src/velodyne_simulator) by extension 'colcon_pkg'
[0.322s] Level 1:colcon.colcon_core.package_identification:_identify(src/velodyne_simulator) by extensions ['colcon_meta']
[0.322s] Level 1:colcon.colcon_core.package_identification:_identify(src/velodyne_simulator) by extension 'colcon_meta'
[0.322s] Level 1:colcon.colcon_core.package_identification:_identify(src/velodyne_simulator) by extensions ['ros']
[0.322s] Level 1:colcon.colcon_core.package_identification:_identify(src/velodyne_simulator) by extension 'ros'
[0.322s] Level 1:colcon.colcon_core.package_identification:_identify(src/velodyne_simulator) by extensions ['cmake', 'python']
[0.322s] Level 1:colcon.colcon_core.package_identification:_identify(src/velodyne_simulator) by extension 'cmake'
[0.322s] Level 1:colcon.colcon_core.package_identification:_identify(src/velodyne_simulator) by extension 'python'
[0.322s] Level 1:colcon.colcon_core.package_identification:_identify(src/velodyne_simulator) by extensions ['python_setup_py']
[0.322s] Level 1:colcon.colcon_core.package_identification:_identify(src/velodyne_simulator) by extension 'python_setup_py'
[0.322s] Level 1:colcon.colcon_core.package_identification:_identify(src/velodyne_simulator/img) by extensions ['ignore', 'ignore_ament_install']
[0.322s] Level 1:colcon.colcon_core.package_identification:_identify(src/velodyne_simulator/img) by extension 'ignore'
[0.322s] Level 1:colcon.colcon_core.package_identification:_identify(src/velodyne_simulator/img) by extension 'ignore_ament_install'
[0.322s] Level 1:colcon.colcon_core.package_identification:_identify(src/velodyne_simulator/img) by extensions ['colcon_pkg']
[0.322s] Level 1:colcon.colcon_core.package_identification:_identify(src/velodyne_simulator/img) by extension 'colcon_pkg'
[0.322s] Level 1:colcon.colcon_core.package_identification:_identify(src/velodyne_simulator/img) by extensions ['colcon_meta']
[0.322s] Level 1:colcon.colcon_core.package_identification:_identify(src/velodyne_simulator/img) by extension 'colcon_meta'
[0.322s] Level 1:colcon.colcon_core.package_identification:_identify(src/velodyne_simulator/img) by extensions ['ros']
[0.322s] Level 1:colcon.colcon_core.package_identification:_identify(src/velodyne_simulator/img) by extension 'ros'
[0.322s] Level 1:colcon.colcon_core.package_identification:_identify(src/velodyne_simulator/img) by extensions ['cmake', 'python']
[0.322s] Level 1:colcon.colcon_core.package_identification:_identify(src/velodyne_simulator/img) by extension 'cmake'
[0.322s] Level 1:colcon.colcon_core.package_identification:_identify(src/velodyne_simulator/img) by extension 'python'
[0.322s] Level 1:colcon.colcon_core.package_identification:_identify(src/velodyne_simulator/img) by extensions ['python_setup_py']
[0.322s] Level 1:colcon.colcon_core.package_identification:_identify(src/velodyne_simulator/img) by extension 'python_setup_py'
[0.322s] Level 1:colcon.colcon_core.package_identification:_identify(src/velodyne_simulator/velodyne_description) by extensions ['ignore', 'ignore_ament_install']
[0.322s] Level 1:colcon.colcon_core.package_identification:_identify(src/velodyne_simulator/velodyne_description) by extension 'ignore'
[0.322s] Level 1:colcon.colcon_core.package_identification:_identify(src/velodyne_simulator/velodyne_description) by extension 'ignore_ament_install'
[0.322s] Level 1:colcon.colcon_core.package_identification:_identify(src/velodyne_simulator/velodyne_description) by extensions ['colcon_pkg']
[0.322s] Level 1:colcon.colcon_core.package_identification:_identify(src/velodyne_simulator/velodyne_description) by extension 'colcon_pkg'
[0.322s] Level 1:colcon.colcon_core.package_identification:_identify(src/velodyne_simulator/velodyne_description) by extensions ['colcon_meta']
[0.322s] Level 1:colcon.colcon_core.package_identification:_identify(src/velodyne_simulator/velodyne_description) by extension 'colcon_meta'
[0.322s] Level 1:colcon.colcon_core.package_identification:_identify(src/velodyne_simulator/velodyne_description) by extensions ['ros']
[0.322s] Level 1:colcon.colcon_core.package_identification:_identify(src/velodyne_simulator/velodyne_description) by extension 'ros'
[0.322s] DEBUG:colcon.colcon_core.package_identification:Package 'src/velodyne_simulator/velodyne_description' with type 'ros.ament_cmake' and name 'velodyne_description'
[0.323s] Level 1:colcon.colcon_core.package_identification:_identify(src/velodyne_simulator/velodyne_gazebo_plugins) by extensions ['ignore', 'ignore_ament_install']
[0.323s] Level 1:colcon.colcon_core.package_identification:_identify(src/velodyne_simulator/velodyne_gazebo_plugins) by extension 'ignore'
[0.323s] Level 1:colcon.colcon_core.package_identification:_identify(src/velodyne_simulator/velodyne_gazebo_plugins) by extension 'ignore_ament_install'
[0.323s] Level 1:colcon.colcon_core.package_identification:_identify(src/velodyne_simulator/velodyne_gazebo_plugins) by extensions ['colcon_pkg']
[0.323s] Level 1:colcon.colcon_core.package_identification:_identify(src/velodyne_simulator/velodyne_gazebo_plugins) by extension 'colcon_pkg'
[0.323s] Level 1:colcon.colcon_core.package_identification:_identify(src/velodyne_simulator/velodyne_gazebo_plugins) by extensions ['colcon_meta']
[0.323s] Level 1:colcon.colcon_core.package_identification:_identify(src/velodyne_simulator/velodyne_gazebo_plugins) by extension 'colcon_meta'
[0.323s] Level 1:colcon.colcon_core.package_identification:_identify(src/velodyne_simulator/velodyne_gazebo_plugins) by extensions ['ros']
[0.323s] Level 1:colcon.colcon_core.package_identification:_identify(src/velodyne_simulator/velodyne_gazebo_plugins) by extension 'ros'
[0.323s] DEBUG:colcon.colcon_core.package_identification:Package 'src/velodyne_simulator/velodyne_gazebo_plugins' with type 'ros.ament_cmake' and name 'velodyne_gazebo_plugins'
[0.323s] Level 1:colcon.colcon_core.package_identification:_identify(src/velodyne_simulator/velodyne_simulator) by extensions ['ignore', 'ignore_ament_install']
[0.323s] Level 1:colcon.colcon_core.package_identification:_identify(src/velodyne_simulator/velodyne_simulator) by extension 'ignore'
[0.323s] Level 1:colcon.colcon_core.package_identification:_identify(src/velodyne_simulator/velodyne_simulator) by extension 'ignore_ament_install'
[0.323s] Level 1:colcon.colcon_core.package_identification:_identify(src/velodyne_simulator/velodyne_simulator) by extensions ['colcon_pkg']
[0.323s] Level 1:colcon.colcon_core.package_identification:_identify(src/velodyne_simulator/velodyne_simulator) by extension 'colcon_pkg'
[0.323s] Level 1:colcon.colcon_core.package_identification:_identify(src/velodyne_simulator/velodyne_simulator) by extensions ['colcon_meta']
[0.323s] Level 1:colcon.colcon_core.package_identification:_identify(src/velodyne_simulator/velodyne_simulator) by extension 'colcon_meta'
[0.324s] Level 1:colcon.colcon_core.package_identification:_identify(src/velodyne_simulator/velodyne_simulator) by extensions ['ros']
[0.324s] Level 1:colcon.colcon_core.package_identification:_identify(src/velodyne_simulator/velodyne_simulator) by extension 'ros'
[0.324s] DEBUG:colcon.colcon_core.package_identification:Package 'src/velodyne_simulator/velodyne_simulator' with type 'ros.ament_cmake' and name 'velodyne_simulator'
[0.324s] Level 1:colcon.colcon_core.package_discovery:discover_packages(recursive) using defaults
[0.324s] Level 1:colcon.colcon_core.package_discovery:discover_packages(ignore) discover
[0.324s] Level 1:colcon.colcon_core.package_discovery:discover_packages(ignore) using defaults
[0.324s] Level 1:colcon.colcon_core.package_discovery:discover_packages(path) discover
[0.324s] Level 1:colcon.colcon_core.package_discovery:discover_packages(path) using defaults
[0.343s] INFO:colcon.colcon_core.package_selection:Skipping not selected package 'velodyne_description' in 'src/velodyne_simulator/velodyne_description'
[0.343s] INFO:colcon.colcon_core.package_selection:Skipping not selected package 'velodyne_gazebo_plugins' in 'src/velodyne_simulator/velodyne_gazebo_plugins'
[0.343s] INFO:colcon.colcon_core.package_selection:Skipping not selected package 'my_bot' in 'src/mobile-3d-lidar-sim/my_bot'
[0.343s] INFO:colcon.colcon_core.package_selection:Skipping not selected package 'velodyne_simulator' in 'src/velodyne_simulator/velodyne_simulator'
[0.344s] Level 1:colcon.colcon_core.package_discovery:discover_packages(prefix_path) check parameters
[0.344s] Level 1:colcon.colcon_core.package_discovery:discover_packages(prefix_path) discover
[0.344s] DEBUG:colcon.colcon_installed_package_information.package_discovery:Found 3 installed packages in /home/vdtune/ros2_ws/install
[0.345s] DEBUG:colcon.colcon_installed_package_information.package_discovery:Found 294 installed packages in /opt/ros/humble
[0.346s] Level 1:colcon.colcon_core.package_discovery:discover_packages(prefix_path) using defaults
[0.370s] Level 5:colcon.colcon_core.verb:set package 'my_avoidance' build argument 'cmake_args' from command line to 'None'
[0.370s] Level 5:colcon.colcon_core.verb:set package 'my_avoidance' build argument 'cmake_target' from command line to 'None'
[0.370s] Level 5:colcon.colcon_core.verb:set package 'my_avoidance' build argument 'cmake_target_skip_unavailable' from command line to 'False'
[0.370s] Level 5:colcon.colcon_core.verb:set package 'my_avoidance' build argument 'cmake_clean_cache' from command line to 'False'
[0.370s] Level 5:colcon.colcon_core.verb:set package 'my_avoidance' build argument 'cmake_clean_first' from command line to 'False'
[0.370s] Level 5:colcon.colcon_core.verb:set package 'my_avoidance' build argument 'cmake_force_configure' from command line to 'False'
[0.370s] Level 5:colcon.colcon_core.verb:set package 'my_avoidance' build argument 'ament_cmake_args' from command line to 'None'
[0.370s] Level 5:colcon.colcon_core.verb:set package 'my_avoidance' build argument 'catkin_cmake_args' from command line to 'None'
[0.370s] Level 5:colcon.colcon_core.verb:set package 'my_avoidance' build argument 'catkin_skip_building_tests' from command line to 'False'
[0.370s] DEBUG:colcon.colcon_core.verb:Building package 'my_avoidance' with the following arguments: {'ament_cmake_args': None, 'build_base': '/home/vdtune/ros2_ws/build/my_avoidance', 'catkin_cmake_args': None, 'catkin_skip_building_tests': False, 'cmake_args': None, 'cmake_clean_cache': False, 'cmake_clean_first': False, 'cmake_force_configure': False, 'cmake_target': None, 'cmake_target_skip_unavailable': False, 'install_base': '/home/vdtune/ros2_ws/install/my_avoidance', 'merge_install': False, 'path': '/home/vdtune/ros2_ws/src/my_avoidance', 'symlink_install': False, 'test_result_base': None}
[0.370s] INFO:colcon.colcon_core.executor:Executing jobs using 'parallel' executor
[0.371s] DEBUG:colcon.colcon_parallel_executor.executor.parallel:run_until_complete
[0.371s] INFO:colcon.colcon_ros.task.ament_python.build:Building ROS package in '/home/vdtune/ros2_ws/src/my_avoidance' with build type 'ament_python'
[0.371s] Level 1:colcon.colcon_core.shell:create_environment_hook('my_avoidance', 'ament_prefix_path')
[0.373s] INFO:colcon.colcon_core.plugin_system:Skipping extension 'colcon_core.shell.bat': Not used on non-Windows systems
[0.373s] INFO:colcon.colcon_core.shell:Creating environment hook '/home/vdtune/ros2_ws/install/my_avoidance/share/my_avoidance/hook/ament_prefix_path.ps1'
[0.374s] INFO:colcon.colcon_core.shell:Creating environment descriptor '/home/vdtune/ros2_ws/install/my_avoidance/share/my_avoidance/hook/ament_prefix_path.dsv'
[0.375s] INFO:colcon.colcon_core.shell:Creating environment hook '/home/vdtune/ros2_ws/install/my_avoidance/share/my_avoidance/hook/ament_prefix_path.sh'
[0.376s] INFO:colcon.colcon_core.shell:Skip shell extension 'powershell' for command environment: Not usable outside of PowerShell
[0.376s] DEBUG:colcon.colcon_core.shell:Skip shell extension 'dsv' for command environment
[0.689s] INFO:colcon.colcon_core.task.python.build:Building Python package in '/home/vdtune/ros2_ws/src/my_avoidance'
[0.689s] INFO:colcon.colcon_core.shell:Skip shell extension 'powershell' for command environment: Not usable outside of PowerShell
[0.689s] DEBUG:colcon.colcon_core.shell:Skip shell extension 'dsv' for command environment
[1.117s] DEBUG:colcon.colcon_core.event_handler.log_command:Invoking command in '/home/vdtune/ros2_ws/build/my_avoidance': PYTHONPATH=/home/vdtune/ros2_ws/build/my_avoidance/prefix_override:/usr/lib/python3/dist-packages/colcon_core/task/python/colcon_distutils_commands:/home/vdtune/ros2_ws/install/my_avoidance/lib/python3.10/site-packages:${PYTHONPATH} /usr/bin/python3 -W ignore:setup.py install is deprecated -W ignore:easy_install command is deprecated setup.py develop --uninstall --editable --build-directory /home/vdtune/ros2_ws/build/my_avoidance/build
[1.595s] DEBUG:colcon.colcon_core.event_handler.log_command:Invoked command in '/home/vdtune/ros2_ws/build/my_avoidance' returned '0': PYTHONPATH=/home/vdtune/ros2_ws/build/my_avoidance/prefix_override:/usr/lib/python3/dist-packages/colcon_core/task/python/colcon_distutils_commands:/home/vdtune/ros2_ws/install/my_avoidance/lib/python3.10/site-packages:${PYTHONPATH} /usr/bin/python3 -W ignore:setup.py install is deprecated -W ignore:easy_install command is deprecated setup.py develop --uninstall --editable --build-directory /home/vdtune/ros2_ws/build/my_avoidance/build
[1.596s] DEBUG:colcon.colcon_core.event_handler.log_command:Invoking command in '/home/vdtune/ros2_ws/src/my_avoidance': PYTHONPATH=/home/vdtune/ros2_ws/build/my_avoidance/prefix_override:/usr/lib/python3/dist-packages/colcon_core/task/python/colcon_distutils_commands:/home/vdtune/ros2_ws/install/my_avoidance/lib/python3.10/site-packages:${PYTHONPATH} /usr/bin/python3 -W ignore:setup.py install is deprecated -W ignore:easy_install command is deprecated setup.py egg_info --egg-base ../../build/my_avoidance build --build-base /home/vdtune/ros2_ws/build/my_avoidance/build install --record /home/vdtune/ros2_ws/build/my_avoidance/install.log --single-version-externally-managed install_data --force
[1.928s] DEBUG:colcon.colcon_core.event_handler.log_command:Invoked command in '/home/vdtune/ros2_ws/src/my_avoidance' returned '0': PYTHONPATH=/home/vdtune/ros2_ws/build/my_avoidance/prefix_override:/usr/lib/python3/dist-packages/colcon_core/task/python/colcon_distutils_commands:/home/vdtune/ros2_ws/install/my_avoidance/lib/python3.10/site-packages:${PYTHONPATH} /usr/bin/python3 -W ignore:setup.py install is deprecated -W ignore:easy_install command is deprecated setup.py egg_info --egg-base ../../build/my_avoidance build --build-base /home/vdtune/ros2_ws/build/my_avoidance/build install --record /home/vdtune/ros2_ws/build/my_avoidance/install.log --single-version-externally-managed install_data --force
[1.930s] Level 1:colcon.colcon_core.environment:checking '/home/vdtune/ros2_ws/install/my_avoidance' for CMake module files
[1.931s] Level 1:colcon.colcon_core.environment:checking '/home/vdtune/ros2_ws/install/my_avoidance' for CMake config files
[1.931s] Level 1:colcon.colcon_core.environment:checking '/home/vdtune/ros2_ws/install/my_avoidance/lib'
[1.932s] Level 1:colcon.colcon_core.environment:checking '/home/vdtune/ros2_ws/install/my_avoidance/bin'
[1.932s] Level 1:colcon.colcon_core.shell:create_environment_hook('my_avoidance', 'path')
[1.932s] INFO:colcon.colcon_core.shell:Creating environment hook '/home/vdtune/ros2_ws/install/my_avoidance/share/my_avoidance/hook/path.ps1'
[1.932s] INFO:colcon.colcon_core.shell:Creating environment descriptor '/home/vdtune/ros2_ws/install/my_avoidance/share/my_avoidance/hook/path.dsv'
[1.933s] INFO:colcon.colcon_core.shell:Creating environment hook '/home/vdtune/ros2_ws/install/my_avoidance/share/my_avoidance/hook/path.sh'
[1.933s] Level 1:colcon.colcon_core.environment:checking '/home/vdtune/ros2_ws/install/my_avoidance/lib/pkgconfig/my_avoidance.pc'
[1.934s] Level 1:colcon.colcon_core.environment:checking '/home/vdtune/ros2_ws/install/my_avoidance/lib/python3.10/site-packages'
[1.934s] Level 1:colcon.colcon_core.shell:create_environment_hook('my_avoidance', 'pythonpath')
[1.934s] INFO:colcon.colcon_core.shell:Creating environment hook '/home/vdtune/ros2_ws/install/my_avoidance/share/my_avoidance/hook/pythonpath.ps1'
[1.935s] INFO:colcon.colcon_core.shell:Creating environment descriptor '/home/vdtune/ros2_ws/install/my_avoidance/share/my_avoidance/hook/pythonpath.dsv'
[1.935s] INFO:colcon.colcon_core.shell:Creating environment hook '/home/vdtune/ros2_ws/install/my_avoidance/share/my_avoidance/hook/pythonpath.sh'
[1.936s] Level 1:colcon.colcon_core.environment:checking '/home/vdtune/ros2_ws/install/my_avoidance/bin'
[1.936s] Level 1:colcon.colcon_core.shell:create_environment_hook('my_avoidance', 'pythonscriptspath')
[1.937s] INFO:colcon.colcon_core.shell:Creating environment hook '/home/vdtune/ros2_ws/install/my_avoidance/share/my_avoidance/hook/pythonscriptspath.ps1'
[1.937s] INFO:colcon.colcon_core.shell:Creating environment descriptor '/home/vdtune/ros2_ws/install/my_avoidance/share/my_avoidance/hook/pythonscriptspath.dsv'
[1.937s] INFO:colcon.colcon_core.shell:Creating environment hook '/home/vdtune/ros2_ws/install/my_avoidance/share/my_avoidance/hook/pythonscriptspath.sh'
[1.938s] Level 1:colcon.colcon_core.environment:create_environment_scripts_only(my_avoidance)
[1.938s] INFO:colcon.colcon_core.shell:Creating package script '/home/vdtune/ros2_ws/install/my_avoidance/share/my_avoidance/package.ps1'
[1.939s] INFO:colcon.colcon_core.shell:Creating package descriptor '/home/vdtune/ros2_ws/install/my_avoidance/share/my_avoidance/package.dsv'
[1.940s] INFO:colcon.colcon_core.shell:Creating package script '/home/vdtune/ros2_ws/install/my_avoidance/share/my_avoidance/package.sh'
[1.941s] INFO:colcon.colcon_core.shell:Creating package script '/home/vdtune/ros2_ws/install/my_avoidance/share/my_avoidance/package.bash'
[1.942s] INFO:colcon.colcon_core.shell:Creating package script '/home/vdtune/ros2_ws/install/my_avoidance/share/my_avoidance/package.zsh'
[1.943s] Level 1:colcon.colcon_core.environment:create_file_with_runtime_dependencies(/home/vdtune/ros2_ws/install/my_avoidance/share/colcon-core/packages/my_avoidance)
[1.944s] DEBUG:colcon.colcon_parallel_executor.executor.parallel:closing loop
[1.946s] DEBUG:colcon.colcon_parallel_executor.executor.parallel:loop closed
[1.946s] DEBUG:colcon.colcon_parallel_executor.executor.parallel:run_until_complete finished with '0'
[1.946s] DEBUG:colcon.colcon_core.event_reactor:joining thread
[1.951s] INFO:colcon.colcon_core.plugin_system:Skipping extension 'colcon_notification.desktop_notification.terminal_notifier': Not used on non-Darwin systems
[1.951s] INFO:colcon.colcon_core.plugin_system:Skipping extension 'colcon_notification.desktop_notification.win32': Not used on non-Windows systems
[1.951s] INFO:colcon.colcon_notification.desktop_notification:Sending desktop notification using 'notify2'
[1.967s] DEBUG:colcon.colcon_core.event_reactor:joined thread
[1.967s] INFO:colcon.colcon_core.shell:Creating prefix script '/home/vdtune/ros2_ws/install/local_setup.ps1'
[1.968s] INFO:colcon.colcon_core.shell:Creating prefix util module '/home/vdtune/ros2_ws/install/_local_setup_util_ps1.py'
[1.970s] INFO:colcon.colcon_core.shell:Creating prefix chain script '/home/vdtune/ros2_ws/install/setup.ps1'
[1.971s] INFO:colcon.colcon_core.shell:Creating prefix script '/home/vdtune/ros2_ws/install/local_setup.sh'
[1.976s] INFO:colcon.colcon_core.shell:Creating prefix util module '/home/vdtune/ros2_ws/install/_local_setup_util_sh.py'
[1.978s] INFO:colcon.colcon_core.shell:Creating prefix chain script '/home/vdtune/ros2_ws/install/setup.sh'
[1.982s] INFO:colcon.colcon_core.shell:Creating prefix script '/home/vdtune/ros2_ws/install/local_setup.bash'
[1.983s] INFO:colcon.colcon_core.shell:Creating prefix chain script '/home/vdtune/ros2_ws/install/setup.bash'
[1.984s] INFO:colcon.colcon_core.shell:Creating prefix script '/home/vdtune/ros2_ws/install/local_setup.zsh'
[1.985s] INFO:colcon.colcon_core.shell:Creating prefix chain script '/home/vdtune/ros2_ws/install/setup.zsh'
