[0.137s] DEBUG:colcon:Command line arguments: ['/usr/bin/colcon', 'build', '--packages-select', 'my_bot', 'my_avoidance', 'velodyne_description']
[0.138s] DEBUG:colcon:Parsed command line arguments: Namespace(log_base=None, log_level=None, verb_name='build', build_base='build', install_base='install', merge_install=False, symlink_install=False, test_result_base=None, continue_on_error=False, executor='parallel', parallel_workers=8, event_handlers=None, ignore_user_meta=False, metas=['./colcon.meta'], base_paths=['.'], packages_ignore=None, packages_ignore_regex=None, paths=None, packages_up_to=None, packages_up_to_regex=None, packages_above=None, packages_above_and_dependencies=None, packages_above_depth=None, packages_select_by_dep=None, packages_skip_by_dep=None, packages_skip_up_to=None, packages_select_build_failed=False, packages_skip_build_finished=False, packages_select_test_failures=False, packages_skip_test_passed=False, packages_select=['my_bot', 'my_avoidance', 'velodyne_description'], packages_skip=None, packages_select_regex=None, packages_skip_regex=None, packages_start=None, packages_end=None, allow_overriding=[], cmake_args=None, cmake_target=None, cmake_target_skip_unavailable=False, cmake_clean_cache=False, cmake_clean_first=False, cmake_force_configure=False, ament_cmake_args=None, catkin_cmake_args=None, catkin_skip_building_tests=False, mixin_files=None, mixin=None, verb_parser=<colcon_mixin.mixin.mixin_argument.MixinArgumentDecorator object at 0x73b45e35d870>, verb_extension=<colcon_core.verb.build.BuildVerb object at 0x73b45e35d1e0>, main=<bound method BuildVerb.main of <colcon_core.verb.build.BuildVerb object at 0x73b45e35d1e0>>, mixin_verb=('build',))
[0.329s] Level 1:colcon.colcon_core.package_discovery:discover_packages(colcon_meta) check parameters
[0.329s] Level 1:colcon.colcon_core.package_discovery:discover_packages(recursive) check parameters
[0.329s] Level 1:colcon.colcon_core.package_discovery:discover_packages(ignore) check parameters
[0.330s] Level 1:colcon.colcon_core.package_discovery:discover_packages(path) check parameters
[0.330s] Level 1:colcon.colcon_core.package_discovery:discover_packages(colcon_meta) discover
[0.330s] Level 1:colcon.colcon_core.package_discovery:discover_packages(recursive) discover
[0.330s] INFO:colcon.colcon_core.package_discovery:Crawling recursively for packages in '/home/vdtune/ros2_ws'
[0.330s] Level 1:colcon.colcon_core.package_identification:_identify(.) by extensions ['ignore', 'ignore_ament_install']
[0.330s] Level 1:colcon.colcon_core.package_identification:_identify(.) by extension 'ignore'
[0.330s] Level 1:colcon.colcon_core.package_identification:_identify(.) by extension 'ignore_ament_install'
[0.330s] Level 1:colcon.colcon_core.package_identification:_identify(.) by extensions ['colcon_pkg']
[0.330s] Level 1:colcon.colcon_core.package_identification:_identify(.) by extension 'colcon_pkg'
[0.330s] Level 1:colcon.colcon_core.package_identification:_identify(.) by extensions ['colcon_meta']
[0.330s] Level 1:colcon.colcon_core.package_identification:_identify(.) by extension 'colcon_meta'
[0.330s] Level 1:colcon.colcon_core.package_identification:_identify(.) by extensions ['ros']
[0.330s] Level 1:colcon.colcon_core.package_identification:_identify(.) by extension 'ros'
[0.344s] Level 1:colcon.colcon_core.package_identification:_identify(.) by extensions ['cmake', 'python']
[0.344s] Level 1:colcon.colcon_core.package_identification:_identify(.) by extension 'cmake'
[0.344s] Level 1:colcon.colcon_core.package_identification:_identify(.) by extension 'python'
[0.344s] Level 1:colcon.colcon_core.package_identification:_identify(.) by extensions ['python_setup_py']
[0.344s] Level 1:colcon.colcon_core.package_identification:_identify(.) by extension 'python_setup_py'
[0.344s] Level 1:colcon.colcon_core.package_identification:_identify(build) by extensions ['ignore', 'ignore_ament_install']
[0.345s] Level 1:colcon.colcon_core.package_identification:_identify(build) by extension 'ignore'
[0.345s] Level 1:colcon.colcon_core.package_identification:_identify(build) ignored
[0.345s] Level 1:colcon.colcon_core.package_identification:_identify(install) by extensions ['ignore', 'ignore_ament_install']
[0.345s] Level 1:colcon.colcon_core.package_identification:_identify(install) by extension 'ignore'
[0.345s] Level 1:colcon.colcon_core.package_identification:_identify(install) ignored
[0.345s] Level 1:colcon.colcon_core.package_identification:_identify(log) by extensions ['ignore', 'ignore_ament_install']
[0.345s] Level 1:colcon.colcon_core.package_identification:_identify(log) by extension 'ignore'
[0.345s] Level 1:colcon.colcon_core.package_identification:_identify(log) ignored
[0.345s] Level 1:colcon.colcon_core.package_identification:_identify(src) by extensions ['ignore', 'ignore_ament_install']
[0.345s] Level 1:colcon.colcon_core.package_identification:_identify(src) by extension 'ignore'
[0.345s] Level 1:colcon.colcon_core.package_identification:_identify(src) by extension 'ignore_ament_install'
[0.345s] Level 1:colcon.colcon_core.package_identification:_identify(src) by extensions ['colcon_pkg']
[0.345s] Level 1:colcon.colcon_core.package_identification:_identify(src) by extension 'colcon_pkg'
[0.345s] Level 1:colcon.colcon_core.package_identification:_identify(src) by extensions ['colcon_meta']
[0.345s] Level 1:colcon.colcon_core.package_identification:_identify(src) by extension 'colcon_meta'
[0.345s] Level 1:colcon.colcon_core.package_identification:_identify(src) by extensions ['ros']
[0.346s] Level 1:colcon.colcon_core.package_identification:_identify(src) by extension 'ros'
[0.346s] Level 1:colcon.colcon_core.package_identification:_identify(src) by extensions ['cmake', 'python']
[0.346s] Level 1:colcon.colcon_core.package_identification:_identify(src) by extension 'cmake'
[0.346s] Level 1:colcon.colcon_core.package_identification:_identify(src) by extension 'python'
[0.346s] Level 1:colcon.colcon_core.package_identification:_identify(src) by extensions ['python_setup_py']
[0.346s] Level 1:colcon.colcon_core.package_identification:_identify(src) by extension 'python_setup_py'
[0.346s] Level 1:colcon.colcon_core.package_identification:_identify(src/mobile-3d-lidar-sim) by extensions ['ignore', 'ignore_ament_install']
[0.346s] Level 1:colcon.colcon_core.package_identification:_identify(src/mobile-3d-lidar-sim) by extension 'ignore'
[0.346s] Level 1:colcon.colcon_core.package_identification:_identify(src/mobile-3d-lidar-sim) by extension 'ignore_ament_install'
[0.346s] Level 1:colcon.colcon_core.package_identification:_identify(src/mobile-3d-lidar-sim) by extensions ['colcon_pkg']
[0.346s] Level 1:colcon.colcon_core.package_identification:_identify(src/mobile-3d-lidar-sim) by extension 'colcon_pkg'
[0.346s] Level 1:colcon.colcon_core.package_identification:_identify(src/mobile-3d-lidar-sim) by extensions ['colcon_meta']
[0.346s] Level 1:colcon.colcon_core.package_identification:_identify(src/mobile-3d-lidar-sim) by extension 'colcon_meta'
[0.346s] Level 1:colcon.colcon_core.package_identification:_identify(src/mobile-3d-lidar-sim) by extensions ['ros']
[0.346s] Level 1:colcon.colcon_core.package_identification:_identify(src/mobile-3d-lidar-sim) by extension 'ros'
[0.346s] Level 1:colcon.colcon_core.package_identification:_identify(src/mobile-3d-lidar-sim) by extensions ['cmake', 'python']
[0.346s] Level 1:colcon.colcon_core.package_identification:_identify(src/mobile-3d-lidar-sim) by extension 'cmake'
[0.346s] Level 1:colcon.colcon_core.package_identification:_identify(src/mobile-3d-lidar-sim) by extension 'python'
[0.346s] Level 1:colcon.colcon_core.package_identification:_identify(src/mobile-3d-lidar-sim) by extensions ['python_setup_py']
[0.346s] Level 1:colcon.colcon_core.package_identification:_identify(src/mobile-3d-lidar-sim) by extension 'python_setup_py'
[0.346s] Level 1:colcon.colcon_core.package_identification:_identify(src/mobile-3d-lidar-sim/img) by extensions ['ignore', 'ignore_ament_install']
[0.346s] Level 1:colcon.colcon_core.package_identification:_identify(src/mobile-3d-lidar-sim/img) by extension 'ignore'
[0.347s] Level 1:colcon.colcon_core.package_identification:_identify(src/mobile-3d-lidar-sim/img) by extension 'ignore_ament_install'
[0.347s] Level 1:colcon.colcon_core.package_identification:_identify(src/mobile-3d-lidar-sim/img) by extensions ['colcon_pkg']
[0.347s] Level 1:colcon.colcon_core.package_identification:_identify(src/mobile-3d-lidar-sim/img) by extension 'colcon_pkg'
[0.347s] Level 1:colcon.colcon_core.package_identification:_identify(src/mobile-3d-lidar-sim/img) by extensions ['colcon_meta']
[0.347s] Level 1:colcon.colcon_core.package_identification:_identify(src/mobile-3d-lidar-sim/img) by extension 'colcon_meta'
[0.347s] Level 1:colcon.colcon_core.package_identification:_identify(src/mobile-3d-lidar-sim/img) by extensions ['ros']
[0.347s] Level 1:colcon.colcon_core.package_identification:_identify(src/mobile-3d-lidar-sim/img) by extension 'ros'
[0.347s] Level 1:colcon.colcon_core.package_identification:_identify(src/mobile-3d-lidar-sim/img) by extensions ['cmake', 'python']
[0.347s] Level 1:colcon.colcon_core.package_identification:_identify(src/mobile-3d-lidar-sim/img) by extension 'cmake'
[0.347s] Level 1:colcon.colcon_core.package_identification:_identify(src/mobile-3d-lidar-sim/img) by extension 'python'
[0.347s] Level 1:colcon.colcon_core.package_identification:_identify(src/mobile-3d-lidar-sim/img) by extensions ['python_setup_py']
[0.347s] Level 1:colcon.colcon_core.package_identification:_identify(src/mobile-3d-lidar-sim/img) by extension 'python_setup_py'
[0.347s] Level 1:colcon.colcon_core.package_identification:_identify(src/mobile-3d-lidar-sim/my_bot) by extensions ['ignore', 'ignore_ament_install']
[0.347s] Level 1:colcon.colcon_core.package_identification:_identify(src/mobile-3d-lidar-sim/my_bot) by extension 'ignore'
[0.347s] Level 1:colcon.colcon_core.package_identification:_identify(src/mobile-3d-lidar-sim/my_bot) by extension 'ignore_ament_install'
[0.347s] Level 1:colcon.colcon_core.package_identification:_identify(src/mobile-3d-lidar-sim/my_bot) by extensions ['colcon_pkg']
[0.347s] Level 1:colcon.colcon_core.package_identification:_identify(src/mobile-3d-lidar-sim/my_bot) by extension 'colcon_pkg'
[0.347s] Level 1:colcon.colcon_core.package_identification:_identify(src/mobile-3d-lidar-sim/my_bot) by extensions ['colcon_meta']
[0.347s] Level 1:colcon.colcon_core.package_identification:_identify(src/mobile-3d-lidar-sim/my_bot) by extension 'colcon_meta'
[0.347s] Level 1:colcon.colcon_core.package_identification:_identify(src/mobile-3d-lidar-sim/my_bot) by extensions ['ros']
[0.347s] Level 1:colcon.colcon_core.package_identification:_identify(src/mobile-3d-lidar-sim/my_bot) by extension 'ros'
[0.351s] DEBUG:colcon.colcon_core.package_identification:Package 'src/mobile-3d-lidar-sim/my_bot' with type 'ros.ament_cmake' and name 'my_bot'
[0.351s] Level 1:colcon.colcon_core.package_identification:_identify(src/my_avoidance) by extensions ['ignore', 'ignore_ament_install']
[0.351s] Level 1:colcon.colcon_core.package_identification:_identify(src/my_avoidance) by extension 'ignore'
[0.351s] Level 1:colcon.colcon_core.package_identification:_identify(src/my_avoidance) by extension 'ignore_ament_install'
[0.351s] Level 1:colcon.colcon_core.package_identification:_identify(src/my_avoidance) by extensions ['colcon_pkg']
[0.351s] Level 1:colcon.colcon_core.package_identification:_identify(src/my_avoidance) by extension 'colcon_pkg'
[0.351s] Level 1:colcon.colcon_core.package_identification:_identify(src/my_avoidance) by extensions ['colcon_meta']
[0.351s] Level 1:colcon.colcon_core.package_identification:_identify(src/my_avoidance) by extension 'colcon_meta'
[0.351s] Level 1:colcon.colcon_core.package_identification:_identify(src/my_avoidance) by extensions ['ros']
[0.351s] Level 1:colcon.colcon_core.package_identification:_identify(src/my_avoidance) by extension 'ros'
[0.352s] DEBUG:colcon.colcon_core.package_identification:Package 'src/my_avoidance' with type 'ros.ament_python' and name 'my_avoidance'
[0.352s] Level 1:colcon.colcon_core.package_identification:_identify(src/velodyne_simulator) by extensions ['ignore', 'ignore_ament_install']
[0.352s] Level 1:colcon.colcon_core.package_identification:_identify(src/velodyne_simulator) by extension 'ignore'
[0.352s] Level 1:colcon.colcon_core.package_identification:_identify(src/velodyne_simulator) by extension 'ignore_ament_install'
[0.353s] Level 1:colcon.colcon_core.package_identification:_identify(src/velodyne_simulator) by extensions ['colcon_pkg']
[0.353s] Level 1:colcon.colcon_core.package_identification:_identify(src/velodyne_simulator) by extension 'colcon_pkg'
[0.353s] Level 1:colcon.colcon_core.package_identification:_identify(src/velodyne_simulator) by extensions ['colcon_meta']
[0.353s] Level 1:colcon.colcon_core.package_identification:_identify(src/velodyne_simulator) by extension 'colcon_meta'
[0.353s] Level 1:colcon.colcon_core.package_identification:_identify(src/velodyne_simulator) by extensions ['ros']
[0.353s] Level 1:colcon.colcon_core.package_identification:_identify(src/velodyne_simulator) by extension 'ros'
[0.353s] Level 1:colcon.colcon_core.package_identification:_identify(src/velodyne_simulator) by extensions ['cmake', 'python']
[0.353s] Level 1:colcon.colcon_core.package_identification:_identify(src/velodyne_simulator) by extension 'cmake'
[0.353s] Level 1:colcon.colcon_core.package_identification:_identify(src/velodyne_simulator) by extension 'python'
[0.353s] Level 1:colcon.colcon_core.package_identification:_identify(src/velodyne_simulator) by extensions ['python_setup_py']
[0.353s] Level 1:colcon.colcon_core.package_identification:_identify(src/velodyne_simulator) by extension 'python_setup_py'
[0.353s] Level 1:colcon.colcon_core.package_identification:_identify(src/velodyne_simulator/img) by extensions ['ignore', 'ignore_ament_install']
[0.353s] Level 1:colcon.colcon_core.package_identification:_identify(src/velodyne_simulator/img) by extension 'ignore'
[0.353s] Level 1:colcon.colcon_core.package_identification:_identify(src/velodyne_simulator/img) by extension 'ignore_ament_install'
[0.353s] Level 1:colcon.colcon_core.package_identification:_identify(src/velodyne_simulator/img) by extensions ['colcon_pkg']
[0.353s] Level 1:colcon.colcon_core.package_identification:_identify(src/velodyne_simulator/img) by extension 'colcon_pkg'
[0.353s] Level 1:colcon.colcon_core.package_identification:_identify(src/velodyne_simulator/img) by extensions ['colcon_meta']
[0.353s] Level 1:colcon.colcon_core.package_identification:_identify(src/velodyne_simulator/img) by extension 'colcon_meta'
[0.353s] Level 1:colcon.colcon_core.package_identification:_identify(src/velodyne_simulator/img) by extensions ['ros']
[0.353s] Level 1:colcon.colcon_core.package_identification:_identify(src/velodyne_simulator/img) by extension 'ros'
[0.354s] Level 1:colcon.colcon_core.package_identification:_identify(src/velodyne_simulator/img) by extensions ['cmake', 'python']
[0.354s] Level 1:colcon.colcon_core.package_identification:_identify(src/velodyne_simulator/img) by extension 'cmake'
[0.354s] Level 1:colcon.colcon_core.package_identification:_identify(src/velodyne_simulator/img) by extension 'python'
[0.354s] Level 1:colcon.colcon_core.package_identification:_identify(src/velodyne_simulator/img) by extensions ['python_setup_py']
[0.354s] Level 1:colcon.colcon_core.package_identification:_identify(src/velodyne_simulator/img) by extension 'python_setup_py'
[0.354s] Level 1:colcon.colcon_core.package_identification:_identify(src/velodyne_simulator/velodyne_description) by extensions ['ignore', 'ignore_ament_install']
[0.354s] Level 1:colcon.colcon_core.package_identification:_identify(src/velodyne_simulator/velodyne_description) by extension 'ignore'
[0.354s] Level 1:colcon.colcon_core.package_identification:_identify(src/velodyne_simulator/velodyne_description) by extension 'ignore_ament_install'
[0.354s] Level 1:colcon.colcon_core.package_identification:_identify(src/velodyne_simulator/velodyne_description) by extensions ['colcon_pkg']
[0.354s] Level 1:colcon.colcon_core.package_identification:_identify(src/velodyne_simulator/velodyne_description) by extension 'colcon_pkg'
[0.354s] Level 1:colcon.colcon_core.package_identification:_identify(src/velodyne_simulator/velodyne_description) by extensions ['colcon_meta']
[0.354s] Level 1:colcon.colcon_core.package_identification:_identify(src/velodyne_simulator/velodyne_description) by extension 'colcon_meta'
[0.354s] Level 1:colcon.colcon_core.package_identification:_identify(src/velodyne_simulator/velodyne_description) by extensions ['ros']
[0.354s] Level 1:colcon.colcon_core.package_identification:_identify(src/velodyne_simulator/velodyne_description) by extension 'ros'
[0.355s] DEBUG:colcon.colcon_core.package_identification:Package 'src/velodyne_simulator/velodyne_description' with type 'ros.ament_cmake' and name 'velodyne_description'
[0.355s] Level 1:colcon.colcon_core.package_identification:_identify(src/velodyne_simulator/velodyne_gazebo_plugins) by extensions ['ignore', 'ignore_ament_install']
[0.355s] Level 1:colcon.colcon_core.package_identification:_identify(src/velodyne_simulator/velodyne_gazebo_plugins) by extension 'ignore'
[0.355s] Level 1:colcon.colcon_core.package_identification:_identify(src/velodyne_simulator/velodyne_gazebo_plugins) by extension 'ignore_ament_install'
[0.355s] Level 1:colcon.colcon_core.package_identification:_identify(src/velodyne_simulator/velodyne_gazebo_plugins) by extensions ['colcon_pkg']
[0.355s] Level 1:colcon.colcon_core.package_identification:_identify(src/velodyne_simulator/velodyne_gazebo_plugins) by extension 'colcon_pkg'
[0.355s] Level 1:colcon.colcon_core.package_identification:_identify(src/velodyne_simulator/velodyne_gazebo_plugins) by extensions ['colcon_meta']
[0.355s] Level 1:colcon.colcon_core.package_identification:_identify(src/velodyne_simulator/velodyne_gazebo_plugins) by extension 'colcon_meta'
[0.355s] Level 1:colcon.colcon_core.package_identification:_identify(src/velodyne_simulator/velodyne_gazebo_plugins) by extensions ['ros']
[0.355s] Level 1:colcon.colcon_core.package_identification:_identify(src/velodyne_simulator/velodyne_gazebo_plugins) by extension 'ros'
[0.356s] DEBUG:colcon.colcon_core.package_identification:Package 'src/velodyne_simulator/velodyne_gazebo_plugins' with type 'ros.ament_cmake' and name 'velodyne_gazebo_plugins'
[0.356s] Level 1:colcon.colcon_core.package_identification:_identify(src/velodyne_simulator/velodyne_simulator) by extensions ['ignore', 'ignore_ament_install']
[0.356s] Level 1:colcon.colcon_core.package_identification:_identify(src/velodyne_simulator/velodyne_simulator) by extension 'ignore'
[0.356s] Level 1:colcon.colcon_core.package_identification:_identify(src/velodyne_simulator/velodyne_simulator) by extension 'ignore_ament_install'
[0.356s] Level 1:colcon.colcon_core.package_identification:_identify(src/velodyne_simulator/velodyne_simulator) by extensions ['colcon_pkg']
[0.356s] Level 1:colcon.colcon_core.package_identification:_identify(src/velodyne_simulator/velodyne_simulator) by extension 'colcon_pkg'
[0.356s] Level 1:colcon.colcon_core.package_identification:_identify(src/velodyne_simulator/velodyne_simulator) by extensions ['colcon_meta']
[0.356s] Level 1:colcon.colcon_core.package_identification:_identify(src/velodyne_simulator/velodyne_simulator) by extension 'colcon_meta'
[0.357s] Level 1:colcon.colcon_core.package_identification:_identify(src/velodyne_simulator/velodyne_simulator) by extensions ['ros']
[0.357s] Level 1:colcon.colcon_core.package_identification:_identify(src/velodyne_simulator/velodyne_simulator) by extension 'ros'
[0.357s] DEBUG:colcon.colcon_core.package_identification:Package 'src/velodyne_simulator/velodyne_simulator' with type 'ros.ament_cmake' and name 'velodyne_simulator'
[0.357s] Level 1:colcon.colcon_core.package_discovery:discover_packages(recursive) using defaults
[0.358s] Level 1:colcon.colcon_core.package_discovery:discover_packages(ignore) discover
[0.358s] Level 1:colcon.colcon_core.package_discovery:discover_packages(ignore) using defaults
[0.358s] Level 1:colcon.colcon_core.package_discovery:discover_packages(path) discover
[0.358s] Level 1:colcon.colcon_core.package_discovery:discover_packages(path) using defaults
[0.390s] INFO:colcon.colcon_core.package_selection:Skipping not selected package 'velodyne_gazebo_plugins' in 'src/velodyne_simulator/velodyne_gazebo_plugins'
[0.390s] INFO:colcon.colcon_core.package_selection:Skipping not selected package 'velodyne_simulator' in 'src/velodyne_simulator/velodyne_simulator'
[0.390s] Level 1:colcon.colcon_core.package_discovery:discover_packages(prefix_path) check parameters
[0.390s] Level 1:colcon.colcon_core.package_discovery:discover_packages(prefix_path) discover
[0.392s] DEBUG:colcon.colcon_installed_package_information.package_discovery:Found 3 installed packages in /home/vdtune/ros2_ws/install
[0.394s] DEBUG:colcon.colcon_installed_package_information.package_discovery:Found 294 installed packages in /opt/ros/humble
[0.396s] Level 1:colcon.colcon_core.package_discovery:discover_packages(prefix_path) using defaults
[0.441s] Level 5:colcon.colcon_core.verb:set package 'my_avoidance' build argument 'cmake_args' from command line to 'None'
[0.441s] Level 5:colcon.colcon_core.verb:set package 'my_avoidance' build argument 'cmake_target' from command line to 'None'
[0.441s] Level 5:colcon.colcon_core.verb:set package 'my_avoidance' build argument 'cmake_target_skip_unavailable' from command line to 'False'
[0.441s] Level 5:colcon.colcon_core.verb:set package 'my_avoidance' build argument 'cmake_clean_cache' from command line to 'False'
[0.441s] Level 5:colcon.colcon_core.verb:set package 'my_avoidance' build argument 'cmake_clean_first' from command line to 'False'
[0.441s] Level 5:colcon.colcon_core.verb:set package 'my_avoidance' build argument 'cmake_force_configure' from command line to 'False'
[0.441s] Level 5:colcon.colcon_core.verb:set package 'my_avoidance' build argument 'ament_cmake_args' from command line to 'None'
[0.441s] Level 5:colcon.colcon_core.verb:set package 'my_avoidance' build argument 'catkin_cmake_args' from command line to 'None'
[0.441s] Level 5:colcon.colcon_core.verb:set package 'my_avoidance' build argument 'catkin_skip_building_tests' from command line to 'False'
[0.441s] DEBUG:colcon.colcon_core.verb:Building package 'my_avoidance' with the following arguments: {'ament_cmake_args': None, 'build_base': '/home/vdtune/ros2_ws/build/my_avoidance', 'catkin_cmake_args': None, 'catkin_skip_building_tests': False, 'cmake_args': None, 'cmake_clean_cache': False, 'cmake_clean_first': False, 'cmake_force_configure': False, 'cmake_target': None, 'cmake_target_skip_unavailable': False, 'install_base': '/home/vdtune/ros2_ws/install/my_avoidance', 'merge_install': False, 'path': '/home/vdtune/ros2_ws/src/my_avoidance', 'symlink_install': False, 'test_result_base': None}
[0.442s] Level 5:colcon.colcon_core.verb:set package 'velodyne_description' build argument 'cmake_args' from command line to 'None'
[0.442s] Level 5:colcon.colcon_core.verb:set package 'velodyne_description' build argument 'cmake_target' from command line to 'None'
[0.442s] Level 5:colcon.colcon_core.verb:set package 'velodyne_description' build argument 'cmake_target_skip_unavailable' from command line to 'False'
[0.442s] Level 5:colcon.colcon_core.verb:set package 'velodyne_description' build argument 'cmake_clean_cache' from command line to 'False'
[0.442s] Level 5:colcon.colcon_core.verb:set package 'velodyne_description' build argument 'cmake_clean_first' from command line to 'False'
[0.442s] Level 5:colcon.colcon_core.verb:set package 'velodyne_description' build argument 'cmake_force_configure' from command line to 'False'
[0.442s] Level 5:colcon.colcon_core.verb:set package 'velodyne_description' build argument 'ament_cmake_args' from command line to 'None'
[0.442s] Level 5:colcon.colcon_core.verb:set package 'velodyne_description' build argument 'catkin_cmake_args' from command line to 'None'
[0.442s] Level 5:colcon.colcon_core.verb:set package 'velodyne_description' build argument 'catkin_skip_building_tests' from command line to 'False'
[0.442s] DEBUG:colcon.colcon_core.verb:Building package 'velodyne_description' with the following arguments: {'ament_cmake_args': None, 'build_base': '/home/vdtune/ros2_ws/build/velodyne_description', 'catkin_cmake_args': None, 'catkin_skip_building_tests': False, 'cmake_args': None, 'cmake_clean_cache': False, 'cmake_clean_first': False, 'cmake_force_configure': False, 'cmake_target': None, 'cmake_target_skip_unavailable': False, 'install_base': '/home/vdtune/ros2_ws/install/velodyne_description', 'merge_install': False, 'path': '/home/vdtune/ros2_ws/src/velodyne_simulator/velodyne_description', 'symlink_install': False, 'test_result_base': None}
[0.443s] Level 5:colcon.colcon_core.verb:set package 'my_bot' build argument 'cmake_args' from command line to 'None'
[0.443s] Level 5:colcon.colcon_core.verb:set package 'my_bot' build argument 'cmake_target' from command line to 'None'
[0.443s] Level 5:colcon.colcon_core.verb:set package 'my_bot' build argument 'cmake_target_skip_unavailable' from command line to 'False'
[0.443s] Level 5:colcon.colcon_core.verb:set package 'my_bot' build argument 'cmake_clean_cache' from command line to 'False'
[0.443s] Level 5:colcon.colcon_core.verb:set package 'my_bot' build argument 'cmake_clean_first' from command line to 'False'
[0.443s] Level 5:colcon.colcon_core.verb:set package 'my_bot' build argument 'cmake_force_configure' from command line to 'False'
[0.443s] Level 5:colcon.colcon_core.verb:set package 'my_bot' build argument 'ament_cmake_args' from command line to 'None'
[0.443s] Level 5:colcon.colcon_core.verb:set package 'my_bot' build argument 'catkin_cmake_args' from command line to 'None'
[0.443s] Level 5:colcon.colcon_core.verb:set package 'my_bot' build argument 'catkin_skip_building_tests' from command line to 'False'
[0.443s] DEBUG:colcon.colcon_core.verb:Building package 'my_bot' with the following arguments: {'ament_cmake_args': None, 'build_base': '/home/vdtune/ros2_ws/build/my_bot', 'catkin_cmake_args': None, 'catkin_skip_building_tests': False, 'cmake_args': None, 'cmake_clean_cache': False, 'cmake_clean_first': False, 'cmake_force_configure': False, 'cmake_target': None, 'cmake_target_skip_unavailable': False, 'install_base': '/home/vdtune/ros2_ws/install/my_bot', 'merge_install': False, 'path': '/home/vdtune/ros2_ws/src/mobile-3d-lidar-sim/my_bot', 'symlink_install': False, 'test_result_base': None}
[0.443s] INFO:colcon.colcon_core.executor:Executing jobs using 'parallel' executor
[0.444s] DEBUG:colcon.colcon_parallel_executor.executor.parallel:run_until_complete
[0.445s] INFO:colcon.colcon_ros.task.ament_cmake.build:Building ROS package in '/home/vdtune/ros2_ws/src/velodyne_simulator/velodyne_description' with build type 'ament_cmake'
[0.445s] INFO:colcon.colcon_cmake.task.cmake.build:Building CMake package in '/home/vdtune/ros2_ws/src/velodyne_simulator/velodyne_description'
[0.447s] INFO:colcon.colcon_core.plugin_system:Skipping extension 'colcon_core.shell.bat': Not used on non-Windows systems
[0.447s] INFO:colcon.colcon_core.shell:Skip shell extension 'powershell' for command environment: Not usable outside of PowerShell
[0.447s] DEBUG:colcon.colcon_core.shell:Skip shell extension 'dsv' for command environment
[0.452s] INFO:colcon.colcon_ros.task.ament_python.build:Building ROS package in '/home/vdtune/ros2_ws/src/my_avoidance' with build type 'ament_python'
[0.452s] Level 1:colcon.colcon_core.shell:create_environment_hook('my_avoidance', 'ament_prefix_path')
[0.452s] INFO:colcon.colcon_core.shell:Creating environment hook '/home/vdtune/ros2_ws/install/my_avoidance/share/my_avoidance/hook/ament_prefix_path.ps1'
[0.453s] INFO:colcon.colcon_core.shell:Creating environment descriptor '/home/vdtune/ros2_ws/install/my_avoidance/share/my_avoidance/hook/ament_prefix_path.dsv'
[0.456s] INFO:colcon.colcon_core.shell:Creating environment hook '/home/vdtune/ros2_ws/install/my_avoidance/share/my_avoidance/hook/ament_prefix_path.sh'
[0.457s] INFO:colcon.colcon_core.shell:Skip shell extension 'powershell' for command environment: Not usable outside of PowerShell
[0.457s] DEBUG:colcon.colcon_core.shell:Skip shell extension 'dsv' for command environment
[0.465s] DEBUG:colcon.colcon_core.event_handler.log_command:Invoking command in '/home/vdtune/ros2_ws/build/velodyne_description': CMAKE_PREFIX_PATH=${CMAKE_PREFIX_PATH}:/opt/ros/humble /usr/bin/cmake --build /home/vdtune/ros2_ws/build/velodyne_description -- -j8 -l8
[0.864s] INFO:colcon.colcon_core.task.python.build:Building Python package in '/home/vdtune/ros2_ws/src/my_avoidance'
[0.864s] INFO:colcon.colcon_core.shell:Skip shell extension 'powershell' for command environment: Not usable outside of PowerShell
[0.864s] DEBUG:colcon.colcon_core.shell:Skip shell extension 'dsv' for command environment
[0.870s] DEBUG:colcon.colcon_core.event_handler.log_command:Invoked command in '/home/vdtune/ros2_ws/build/velodyne_description' returned '0': CMAKE_PREFIX_PATH=${CMAKE_PREFIX_PATH}:/opt/ros/humble /usr/bin/cmake --build /home/vdtune/ros2_ws/build/velodyne_description -- -j8 -l8
[0.882s] DEBUG:colcon.colcon_core.event_handler.log_command:Invoking command in '/home/vdtune/ros2_ws/build/velodyne_description': CMAKE_PREFIX_PATH=${CMAKE_PREFIX_PATH}:/opt/ros/humble /usr/bin/cmake --install /home/vdtune/ros2_ws/build/velodyne_description
[0.899s] Level 1:colcon.colcon_core.environment:create_environment_scripts_only(velodyne_description)
[0.901s] Level 1:colcon.colcon_core.environment:checking '/home/vdtune/ros2_ws/install/velodyne_description' for CMake module files
[0.902s] DEBUG:colcon.colcon_core.event_handler.log_command:Invoked command in '/home/vdtune/ros2_ws/build/velodyne_description' returned '0': CMAKE_PREFIX_PATH=${CMAKE_PREFIX_PATH}:/opt/ros/humble /usr/bin/cmake --install /home/vdtune/ros2_ws/build/velodyne_description
[0.903s] Level 1:colcon.colcon_core.environment:checking '/home/vdtune/ros2_ws/install/velodyne_description' for CMake config files
[0.903s] Level 1:colcon.colcon_core.shell:create_environment_hook('velodyne_description', 'cmake_prefix_path')
[0.903s] INFO:colcon.colcon_core.shell:Creating environment hook '/home/vdtune/ros2_ws/install/velodyne_description/share/velodyne_description/hook/cmake_prefix_path.ps1'
[0.904s] INFO:colcon.colcon_core.shell:Creating environment descriptor '/home/vdtune/ros2_ws/install/velodyne_description/share/velodyne_description/hook/cmake_prefix_path.dsv'
[0.904s] INFO:colcon.colcon_core.shell:Creating environment hook '/home/vdtune/ros2_ws/install/velodyne_description/share/velodyne_description/hook/cmake_prefix_path.sh'
[0.905s] Level 1:colcon.colcon_core.environment:checking '/home/vdtune/ros2_ws/install/velodyne_description/bin'
[0.905s] Level 1:colcon.colcon_core.environment:checking '/home/vdtune/ros2_ws/install/velodyne_description/lib/pkgconfig/velodyne_description.pc'
[0.905s] Level 1:colcon.colcon_core.environment:checking '/home/vdtune/ros2_ws/install/velodyne_description/lib/python3.10/site-packages'
[0.906s] Level 1:colcon.colcon_core.environment:checking '/home/vdtune/ros2_ws/install/velodyne_description/bin'
[0.906s] INFO:colcon.colcon_core.shell:Creating package script '/home/vdtune/ros2_ws/install/velodyne_description/share/velodyne_description/package.ps1'
[0.907s] INFO:colcon.colcon_core.shell:Creating package descriptor '/home/vdtune/ros2_ws/install/velodyne_description/share/velodyne_description/package.dsv'
[0.907s] INFO:colcon.colcon_core.shell:Creating package script '/home/vdtune/ros2_ws/install/velodyne_description/share/velodyne_description/package.sh'
[0.908s] INFO:colcon.colcon_core.shell:Creating package script '/home/vdtune/ros2_ws/install/velodyne_description/share/velodyne_description/package.bash'
[0.909s] INFO:colcon.colcon_core.shell:Creating package script '/home/vdtune/ros2_ws/install/velodyne_description/share/velodyne_description/package.zsh'
[0.910s] Level 1:colcon.colcon_core.environment:create_file_with_runtime_dependencies(/home/vdtune/ros2_ws/install/velodyne_description/share/colcon-core/packages/velodyne_description)
[0.911s] Level 1:colcon.colcon_core.environment:create_environment_scripts_only(velodyne_description)
[0.911s] Level 1:colcon.colcon_core.environment:checking '/home/vdtune/ros2_ws/install/velodyne_description' for CMake module files
[0.912s] Level 1:colcon.colcon_core.environment:checking '/home/vdtune/ros2_ws/install/velodyne_description' for CMake config files
[0.912s] Level 1:colcon.colcon_core.shell:create_environment_hook('velodyne_description', 'cmake_prefix_path')
[0.912s] INFO:colcon.colcon_core.shell:Creating environment hook '/home/vdtune/ros2_ws/install/velodyne_description/share/velodyne_description/hook/cmake_prefix_path.ps1'
[0.912s] INFO:colcon.colcon_core.shell:Creating environment descriptor '/home/vdtune/ros2_ws/install/velodyne_description/share/velodyne_description/hook/cmake_prefix_path.dsv'
[0.913s] INFO:colcon.colcon_core.shell:Creating environment hook '/home/vdtune/ros2_ws/install/velodyne_description/share/velodyne_description/hook/cmake_prefix_path.sh'
[0.914s] Level 1:colcon.colcon_core.environment:checking '/home/vdtune/ros2_ws/install/velodyne_description/bin'
[0.914s] Level 1:colcon.colcon_core.environment:checking '/home/vdtune/ros2_ws/install/velodyne_description/lib/pkgconfig/velodyne_description.pc'
[0.914s] Level 1:colcon.colcon_core.environment:checking '/home/vdtune/ros2_ws/install/velodyne_description/lib/python3.10/site-packages'
[0.914s] Level 1:colcon.colcon_core.environment:checking '/home/vdtune/ros2_ws/install/velodyne_description/bin'
[0.915s] INFO:colcon.colcon_core.shell:Creating package script '/home/vdtune/ros2_ws/install/velodyne_description/share/velodyne_description/package.ps1'
[0.916s] INFO:colcon.colcon_core.shell:Creating package descriptor '/home/vdtune/ros2_ws/install/velodyne_description/share/velodyne_description/package.dsv'
[0.916s] INFO:colcon.colcon_core.shell:Creating package script '/home/vdtune/ros2_ws/install/velodyne_description/share/velodyne_description/package.sh'
[0.917s] INFO:colcon.colcon_core.shell:Creating package script '/home/vdtune/ros2_ws/install/velodyne_description/share/velodyne_description/package.bash'
[0.917s] INFO:colcon.colcon_core.shell:Creating package script '/home/vdtune/ros2_ws/install/velodyne_description/share/velodyne_description/package.zsh'
[0.918s] Level 1:colcon.colcon_core.environment:create_file_with_runtime_dependencies(/home/vdtune/ros2_ws/install/velodyne_description/share/colcon-core/packages/velodyne_description)
[0.919s] INFO:colcon.colcon_ros.task.ament_cmake.build:Building ROS package in '/home/vdtune/ros2_ws/src/mobile-3d-lidar-sim/my_bot' with build type 'ament_cmake'
[0.919s] INFO:colcon.colcon_cmake.task.cmake.build:Building CMake package in '/home/vdtune/ros2_ws/src/mobile-3d-lidar-sim/my_bot'
[0.919s] INFO:colcon.colcon_core.shell:Skip shell extension 'powershell' for command environment: Not usable outside of PowerShell
[0.919s] DEBUG:colcon.colcon_core.shell:Skip shell extension 'dsv' for command environment
[0.929s] DEBUG:colcon.colcon_core.event_handler.log_command:Invoking command in '/home/vdtune/ros2_ws/build/my_bot': CMAKE_PREFIX_PATH=${CMAKE_PREFIX_PATH}:/opt/ros/humble /usr/bin/cmake --build /home/vdtune/ros2_ws/build/my_bot -- -j8 -l8
[1.232s] DEBUG:colcon.colcon_core.event_handler.log_command:Invoked command in '/home/vdtune/ros2_ws/build/my_bot' returned '0': CMAKE_PREFIX_PATH=${CMAKE_PREFIX_PATH}:/opt/ros/humble /usr/bin/cmake --build /home/vdtune/ros2_ws/build/my_bot -- -j8 -l8
[1.235s] DEBUG:colcon.colcon_core.event_handler.log_command:Invoking command in '/home/vdtune/ros2_ws/build/my_bot': CMAKE_PREFIX_PATH=${CMAKE_PREFIX_PATH}:/opt/ros/humble /usr/bin/cmake --install /home/vdtune/ros2_ws/build/my_bot
[1.248s] Level 1:colcon.colcon_core.environment:create_environment_scripts_only(my_bot)
[1.249s] Level 1:colcon.colcon_core.environment:checking '/home/vdtune/ros2_ws/install/my_bot' for CMake module files
[1.249s] DEBUG:colcon.colcon_core.event_handler.log_command:Invoked command in '/home/vdtune/ros2_ws/build/my_bot' returned '0': CMAKE_PREFIX_PATH=${CMAKE_PREFIX_PATH}:/opt/ros/humble /usr/bin/cmake --install /home/vdtune/ros2_ws/build/my_bot
[1.250s] Level 1:colcon.colcon_core.environment:checking '/home/vdtune/ros2_ws/install/my_bot' for CMake config files
[1.250s] Level 1:colcon.colcon_core.shell:create_environment_hook('my_bot', 'cmake_prefix_path')
[1.250s] INFO:colcon.colcon_core.shell:Creating environment hook '/home/vdtune/ros2_ws/install/my_bot/share/my_bot/hook/cmake_prefix_path.ps1'
[1.251s] INFO:colcon.colcon_core.shell:Creating environment descriptor '/home/vdtune/ros2_ws/install/my_bot/share/my_bot/hook/cmake_prefix_path.dsv'
[1.252s] INFO:colcon.colcon_core.shell:Creating environment hook '/home/vdtune/ros2_ws/install/my_bot/share/my_bot/hook/cmake_prefix_path.sh'
[1.252s] Level 1:colcon.colcon_core.environment:checking '/home/vdtune/ros2_ws/install/my_bot/bin'
[1.252s] Level 1:colcon.colcon_core.environment:checking '/home/vdtune/ros2_ws/install/my_bot/lib/pkgconfig/my_bot.pc'
[1.253s] Level 1:colcon.colcon_core.environment:checking '/home/vdtune/ros2_ws/install/my_bot/lib/python3.10/site-packages'
[1.253s] Level 1:colcon.colcon_core.environment:checking '/home/vdtune/ros2_ws/install/my_bot/bin'
[1.253s] INFO:colcon.colcon_core.shell:Creating package script '/home/vdtune/ros2_ws/install/my_bot/share/my_bot/package.ps1'
[1.254s] INFO:colcon.colcon_core.shell:Creating package descriptor '/home/vdtune/ros2_ws/install/my_bot/share/my_bot/package.dsv'
[1.254s] INFO:colcon.colcon_core.shell:Creating package script '/home/vdtune/ros2_ws/install/my_bot/share/my_bot/package.sh'
[1.255s] INFO:colcon.colcon_core.shell:Creating package script '/home/vdtune/ros2_ws/install/my_bot/share/my_bot/package.bash'
[1.256s] INFO:colcon.colcon_core.shell:Creating package script '/home/vdtune/ros2_ws/install/my_bot/share/my_bot/package.zsh'
[1.256s] Level 1:colcon.colcon_core.environment:create_file_with_runtime_dependencies(/home/vdtune/ros2_ws/install/my_bot/share/colcon-core/packages/my_bot)
[1.257s] Level 1:colcon.colcon_core.environment:create_environment_scripts_only(my_bot)
[1.257s] Level 1:colcon.colcon_core.environment:checking '/home/vdtune/ros2_ws/install/my_bot' for CMake module files
[1.258s] Level 1:colcon.colcon_core.environment:checking '/home/vdtune/ros2_ws/install/my_bot' for CMake config files
[1.259s] Level 1:colcon.colcon_core.shell:create_environment_hook('my_bot', 'cmake_prefix_path')
[1.259s] INFO:colcon.colcon_core.shell:Creating environment hook '/home/vdtune/ros2_ws/install/my_bot/share/my_bot/hook/cmake_prefix_path.ps1'
[1.260s] INFO:colcon.colcon_core.shell:Creating environment descriptor '/home/vdtune/ros2_ws/install/my_bot/share/my_bot/hook/cmake_prefix_path.dsv'
[1.260s] INFO:colcon.colcon_core.shell:Creating environment hook '/home/vdtune/ros2_ws/install/my_bot/share/my_bot/hook/cmake_prefix_path.sh'
[1.261s] Level 1:colcon.colcon_core.environment:checking '/home/vdtune/ros2_ws/install/my_bot/bin'
[1.261s] Level 1:colcon.colcon_core.environment:checking '/home/vdtune/ros2_ws/install/my_bot/lib/pkgconfig/my_bot.pc'
[1.261s] Level 1:colcon.colcon_core.environment:checking '/home/vdtune/ros2_ws/install/my_bot/lib/python3.10/site-packages'
[1.262s] Level 1:colcon.colcon_core.environment:checking '/home/vdtune/ros2_ws/install/my_bot/bin'
[1.262s] INFO:colcon.colcon_core.shell:Creating package script '/home/vdtune/ros2_ws/install/my_bot/share/my_bot/package.ps1'
[1.263s] INFO:colcon.colcon_core.shell:Creating package descriptor '/home/vdtune/ros2_ws/install/my_bot/share/my_bot/package.dsv'
[1.263s] INFO:colcon.colcon_core.shell:Creating package script '/home/vdtune/ros2_ws/install/my_bot/share/my_bot/package.sh'
[1.264s] INFO:colcon.colcon_core.shell:Creating package script '/home/vdtune/ros2_ws/install/my_bot/share/my_bot/package.bash'
[1.265s] INFO:colcon.colcon_core.shell:Creating package script '/home/vdtune/ros2_ws/install/my_bot/share/my_bot/package.zsh'
[1.265s] Level 1:colcon.colcon_core.environment:create_file_with_runtime_dependencies(/home/vdtune/ros2_ws/install/my_bot/share/colcon-core/packages/my_bot)
[1.269s] DEBUG:colcon.colcon_core.event_handler.log_command:Invoking command in '/home/vdtune/ros2_ws/src/my_avoidance': PYTHONPATH=/home/vdtune/ros2_ws/build/my_avoidance/prefix_override:/usr/lib/python3/dist-packages/colcon_core/task/python/colcon_distutils_commands:/home/vdtune/ros2_ws/install/my_avoidance/lib/python3.10/site-packages:${PYTHONPATH} /usr/bin/python3 -W ignore:setup.py install is deprecated -W ignore:easy_install command is deprecated setup.py egg_info --egg-base ../../build/my_avoidance build --build-base /home/vdtune/ros2_ws/build/my_avoidance/build install --record /home/vdtune/ros2_ws/build/my_avoidance/install.log --single-version-externally-managed install_data
[1.595s] Level 1:colcon.colcon_core.environment:checking '/home/vdtune/ros2_ws/install/my_avoidance' for CMake module files
[1.596s] DEBUG:colcon.colcon_core.event_handler.log_command:Invoked command in '/home/vdtune/ros2_ws/src/my_avoidance' returned '0': PYTHONPATH=/home/vdtune/ros2_ws/build/my_avoidance/prefix_override:/usr/lib/python3/dist-packages/colcon_core/task/python/colcon_distutils_commands:/home/vdtune/ros2_ws/install/my_avoidance/lib/python3.10/site-packages:${PYTHONPATH} /usr/bin/python3 -W ignore:setup.py install is deprecated -W ignore:easy_install command is deprecated setup.py egg_info --egg-base ../../build/my_avoidance build --build-base /home/vdtune/ros2_ws/build/my_avoidance/build install --record /home/vdtune/ros2_ws/build/my_avoidance/install.log --single-version-externally-managed install_data
[1.596s] Level 1:colcon.colcon_core.environment:checking '/home/vdtune/ros2_ws/install/my_avoidance' for CMake config files
[1.597s] Level 1:colcon.colcon_core.environment:checking '/home/vdtune/ros2_ws/install/my_avoidance/lib'
[1.597s] Level 1:colcon.colcon_core.environment:checking '/home/vdtune/ros2_ws/install/my_avoidance/bin'
[1.597s] Level 1:colcon.colcon_core.shell:create_environment_hook('my_avoidance', 'path')
[1.597s] INFO:colcon.colcon_core.shell:Creating environment hook '/home/vdtune/ros2_ws/install/my_avoidance/share/my_avoidance/hook/path.ps1'
[1.598s] INFO:colcon.colcon_core.shell:Creating environment descriptor '/home/vdtune/ros2_ws/install/my_avoidance/share/my_avoidance/hook/path.dsv'
[1.599s] INFO:colcon.colcon_core.shell:Creating environment hook '/home/vdtune/ros2_ws/install/my_avoidance/share/my_avoidance/hook/path.sh'
[1.599s] Level 1:colcon.colcon_core.environment:checking '/home/vdtune/ros2_ws/install/my_avoidance/lib/pkgconfig/my_avoidance.pc'
[1.600s] Level 1:colcon.colcon_core.environment:checking '/home/vdtune/ros2_ws/install/my_avoidance/lib/python3.10/site-packages'
[1.600s] Level 1:colcon.colcon_core.shell:create_environment_hook('my_avoidance', 'pythonpath')
[1.600s] INFO:colcon.colcon_core.shell:Creating environment hook '/home/vdtune/ros2_ws/install/my_avoidance/share/my_avoidance/hook/pythonpath.ps1'
[1.600s] INFO:colcon.colcon_core.shell:Creating environment descriptor '/home/vdtune/ros2_ws/install/my_avoidance/share/my_avoidance/hook/pythonpath.dsv'
[1.601s] INFO:colcon.colcon_core.shell:Creating environment hook '/home/vdtune/ros2_ws/install/my_avoidance/share/my_avoidance/hook/pythonpath.sh'
[1.602s] Level 1:colcon.colcon_core.environment:checking '/home/vdtune/ros2_ws/install/my_avoidance/bin'
[1.602s] Level 1:colcon.colcon_core.shell:create_environment_hook('my_avoidance', 'pythonscriptspath')
[1.602s] INFO:colcon.colcon_core.shell:Creating environment hook '/home/vdtune/ros2_ws/install/my_avoidance/share/my_avoidance/hook/pythonscriptspath.ps1'
[1.603s] INFO:colcon.colcon_core.shell:Creating environment descriptor '/home/vdtune/ros2_ws/install/my_avoidance/share/my_avoidance/hook/pythonscriptspath.dsv'
[1.604s] INFO:colcon.colcon_core.shell:Creating environment hook '/home/vdtune/ros2_ws/install/my_avoidance/share/my_avoidance/hook/pythonscriptspath.sh'
[1.604s] Level 1:colcon.colcon_core.environment:create_environment_scripts_only(my_avoidance)
[1.605s] INFO:colcon.colcon_core.shell:Creating package script '/home/vdtune/ros2_ws/install/my_avoidance/share/my_avoidance/package.ps1'
[1.605s] INFO:colcon.colcon_core.shell:Creating package descriptor '/home/vdtune/ros2_ws/install/my_avoidance/share/my_avoidance/package.dsv'
[1.608s] INFO:colcon.colcon_core.shell:Creating package script '/home/vdtune/ros2_ws/install/my_avoidance/share/my_avoidance/package.sh'
[1.608s] INFO:colcon.colcon_core.shell:Creating package script '/home/vdtune/ros2_ws/install/my_avoidance/share/my_avoidance/package.bash'
[1.609s] INFO:colcon.colcon_core.shell:Creating package script '/home/vdtune/ros2_ws/install/my_avoidance/share/my_avoidance/package.zsh'
[1.610s] Level 1:colcon.colcon_core.environment:create_file_with_runtime_dependencies(/home/vdtune/ros2_ws/install/my_avoidance/share/colcon-core/packages/my_avoidance)
[1.610s] DEBUG:colcon.colcon_parallel_executor.executor.parallel:closing loop
[1.610s] DEBUG:colcon.colcon_parallel_executor.executor.parallel:loop closed
[1.610s] DEBUG:colcon.colcon_parallel_executor.executor.parallel:run_until_complete finished with '0'
[1.610s] DEBUG:colcon.colcon_core.event_reactor:joining thread
[1.619s] INFO:colcon.colcon_core.plugin_system:Skipping extension 'colcon_notification.desktop_notification.terminal_notifier': Not used on non-Darwin systems
[1.619s] INFO:colcon.colcon_core.plugin_system:Skipping extension 'colcon_notification.desktop_notification.win32': Not used on non-Windows systems
[1.619s] INFO:colcon.colcon_notification.desktop_notification:Sending desktop notification using 'notify2'
[1.647s] DEBUG:colcon.colcon_core.event_reactor:joined thread
[1.648s] INFO:colcon.colcon_core.shell:Creating prefix script '/home/vdtune/ros2_ws/install/local_setup.ps1'
[1.649s] INFO:colcon.colcon_core.shell:Creating prefix util module '/home/vdtune/ros2_ws/install/_local_setup_util_ps1.py'
[1.650s] INFO:colcon.colcon_core.shell:Creating prefix chain script '/home/vdtune/ros2_ws/install/setup.ps1'
[1.651s] INFO:colcon.colcon_core.shell:Creating prefix script '/home/vdtune/ros2_ws/install/local_setup.sh'
[1.652s] INFO:colcon.colcon_core.shell:Creating prefix util module '/home/vdtune/ros2_ws/install/_local_setup_util_sh.py'
[1.653s] INFO:colcon.colcon_core.shell:Creating prefix chain script '/home/vdtune/ros2_ws/install/setup.sh'
[1.655s] INFO:colcon.colcon_core.shell:Creating prefix script '/home/vdtune/ros2_ws/install/local_setup.bash'
[1.656s] INFO:colcon.colcon_core.shell:Creating prefix chain script '/home/vdtune/ros2_ws/install/setup.bash'
[1.658s] INFO:colcon.colcon_core.shell:Creating prefix script '/home/vdtune/ros2_ws/install/local_setup.zsh'
[1.659s] INFO:colcon.colcon_core.shell:Creating prefix chain script '/home/vdtune/ros2_ws/install/setup.zsh'
