[0.228s] DEBUG:colcon:Command line arguments: ['/usr/bin/colcon', 'build', '--symlink-install']
[0.229s] DEBUG:colcon:Parsed command line arguments: Namespace(log_base=None, log_level=None, verb_name='build', build_base='build', install_base='install', merge_install=False, symlink_install=True, test_result_base=None, continue_on_error=False, executor='parallel', parallel_workers=8, event_handlers=None, ignore_user_meta=False, metas=['./colcon.meta'], base_paths=['.'], packages_ignore=None, packages_ignore_regex=None, paths=None, packages_up_to=None, packages_up_to_regex=None, packages_above=None, packages_above_and_dependencies=None, packages_above_depth=None, packages_select_by_dep=None, packages_skip_by_dep=None, packages_skip_up_to=None, packages_select_build_failed=False, packages_skip_build_finished=False, packages_select_test_failures=False, packages_skip_test_passed=False, packages_select=None, packages_skip=None, packages_select_regex=None, packages_skip_regex=None, packages_start=None, packages_end=None, allow_overriding=[], cmake_args=None, cmake_target=None, cmake_target_skip_unavailable=False, cmake_clean_cache=False, cmake_clean_first=False, cmake_force_configure=False, ament_cmake_args=None, catkin_cmake_args=None, catkin_skip_building_tests=False, mixin_files=None, mixin=None, verb_parser=<colcon_mixin.mixin.mixin_argument.MixinArgumentDecorator object at 0x70c2f3f31840>, verb_extension=<colcon_core.verb.build.BuildVerb object at 0x70c2f3f311b0>, main=<bound method BuildVerb.main of <colcon_core.verb.build.BuildVerb object at 0x70c2f3f311b0>>, mixin_verb=('build',))
[0.588s] Level 1:colcon.colcon_core.package_discovery:discover_packages(colcon_meta) check parameters
[0.588s] Level 1:colcon.colcon_core.package_discovery:discover_packages(recursive) check parameters
[0.588s] Level 1:colcon.colcon_core.package_discovery:discover_packages(ignore) check parameters
[0.588s] Level 1:colcon.colcon_core.package_discovery:discover_packages(path) check parameters
[0.588s] Level 1:colcon.colcon_core.package_discovery:discover_packages(colcon_meta) discover
[0.588s] Level 1:colcon.colcon_core.package_discovery:discover_packages(recursive) discover
[0.588s] INFO:colcon.colcon_core.package_discovery:Crawling recursively for packages in '/home/vdtune/ros2_ws'
[0.588s] Level 1:colcon.colcon_core.package_identification:_identify(.) by extensions ['ignore', 'ignore_ament_install']
[0.588s] Level 1:colcon.colcon_core.package_identification:_identify(.) by extension 'ignore'
[0.588s] Level 1:colcon.colcon_core.package_identification:_identify(.) by extension 'ignore_ament_install'
[0.588s] Level 1:colcon.colcon_core.package_identification:_identify(.) by extensions ['colcon_pkg']
[0.588s] Level 1:colcon.colcon_core.package_identification:_identify(.) by extension 'colcon_pkg'
[0.588s] Level 1:colcon.colcon_core.package_identification:_identify(.) by extensions ['colcon_meta']
[0.588s] Level 1:colcon.colcon_core.package_identification:_identify(.) by extension 'colcon_meta'
[0.588s] Level 1:colcon.colcon_core.package_identification:_identify(.) by extensions ['ros']
[0.588s] Level 1:colcon.colcon_core.package_identification:_identify(.) by extension 'ros'
[0.607s] Level 1:colcon.colcon_core.package_identification:_identify(.) by extensions ['cmake', 'python']
[0.607s] Level 1:colcon.colcon_core.package_identification:_identify(.) by extension 'cmake'
[0.607s] Level 1:colcon.colcon_core.package_identification:_identify(.) by extension 'python'
[0.607s] Level 1:colcon.colcon_core.package_identification:_identify(.) by extensions ['python_setup_py']
[0.607s] Level 1:colcon.colcon_core.package_identification:_identify(.) by extension 'python_setup_py'
[0.607s] Level 1:colcon.colcon_core.package_identification:_identify(build) by extensions ['ignore', 'ignore_ament_install']
[0.607s] Level 1:colcon.colcon_core.package_identification:_identify(build) by extension 'ignore'
[0.607s] Level 1:colcon.colcon_core.package_identification:_identify(build) ignored
[0.607s] Level 1:colcon.colcon_core.package_identification:_identify(install) by extensions ['ignore', 'ignore_ament_install']
[0.607s] Level 1:colcon.colcon_core.package_identification:_identify(install) by extension 'ignore'
[0.607s] Level 1:colcon.colcon_core.package_identification:_identify(install) ignored
[0.607s] Level 1:colcon.colcon_core.package_identification:_identify(log) by extensions ['ignore', 'ignore_ament_install']
[0.607s] Level 1:colcon.colcon_core.package_identification:_identify(log) by extension 'ignore'
[0.607s] Level 1:colcon.colcon_core.package_identification:_identify(log) ignored
[0.608s] Level 1:colcon.colcon_core.package_identification:_identify(src) by extensions ['ignore', 'ignore_ament_install']
[0.608s] Level 1:colcon.colcon_core.package_identification:_identify(src) by extension 'ignore'
[0.608s] Level 1:colcon.colcon_core.package_identification:_identify(src) by extension 'ignore_ament_install'
[0.608s] Level 1:colcon.colcon_core.package_identification:_identify(src) by extensions ['colcon_pkg']
[0.608s] Level 1:colcon.colcon_core.package_identification:_identify(src) by extension 'colcon_pkg'
[0.608s] Level 1:colcon.colcon_core.package_identification:_identify(src) by extensions ['colcon_meta']
[0.608s] Level 1:colcon.colcon_core.package_identification:_identify(src) by extension 'colcon_meta'
[0.608s] Level 1:colcon.colcon_core.package_identification:_identify(src) by extensions ['ros']
[0.608s] Level 1:colcon.colcon_core.package_identification:_identify(src) by extension 'ros'
[0.608s] Level 1:colcon.colcon_core.package_identification:_identify(src) by extensions ['cmake', 'python']
[0.608s] Level 1:colcon.colcon_core.package_identification:_identify(src) by extension 'cmake'
[0.608s] Level 1:colcon.colcon_core.package_identification:_identify(src) by extension 'python'
[0.609s] Level 1:colcon.colcon_core.package_identification:_identify(src) by extensions ['python_setup_py']
[0.609s] Level 1:colcon.colcon_core.package_identification:_identify(src) by extension 'python_setup_py'
[0.609s] Level 1:colcon.colcon_core.package_identification:_identify(src/mobile-3d-lidar-sim) by extensions ['ignore', 'ignore_ament_install']
[0.609s] Level 1:colcon.colcon_core.package_identification:_identify(src/mobile-3d-lidar-sim) by extension 'ignore'
[0.609s] Level 1:colcon.colcon_core.package_identification:_identify(src/mobile-3d-lidar-sim) by extension 'ignore_ament_install'
[0.609s] Level 1:colcon.colcon_core.package_identification:_identify(src/mobile-3d-lidar-sim) by extensions ['colcon_pkg']
[0.609s] Level 1:colcon.colcon_core.package_identification:_identify(src/mobile-3d-lidar-sim) by extension 'colcon_pkg'
[0.609s] Level 1:colcon.colcon_core.package_identification:_identify(src/mobile-3d-lidar-sim) by extensions ['colcon_meta']
[0.609s] Level 1:colcon.colcon_core.package_identification:_identify(src/mobile-3d-lidar-sim) by extension 'colcon_meta'
[0.609s] Level 1:colcon.colcon_core.package_identification:_identify(src/mobile-3d-lidar-sim) by extensions ['ros']
[0.609s] Level 1:colcon.colcon_core.package_identification:_identify(src/mobile-3d-lidar-sim) by extension 'ros'
[0.609s] Level 1:colcon.colcon_core.package_identification:_identify(src/mobile-3d-lidar-sim) by extensions ['cmake', 'python']
[0.609s] Level 1:colcon.colcon_core.package_identification:_identify(src/mobile-3d-lidar-sim) by extension 'cmake'
[0.609s] Level 1:colcon.colcon_core.package_identification:_identify(src/mobile-3d-lidar-sim) by extension 'python'
[0.609s] Level 1:colcon.colcon_core.package_identification:_identify(src/mobile-3d-lidar-sim) by extensions ['python_setup_py']
[0.609s] Level 1:colcon.colcon_core.package_identification:_identify(src/mobile-3d-lidar-sim) by extension 'python_setup_py'
[0.610s] Level 1:colcon.colcon_core.package_identification:_identify(src/mobile-3d-lidar-sim/img) by extensions ['ignore', 'ignore_ament_install']
[0.610s] Level 1:colcon.colcon_core.package_identification:_identify(src/mobile-3d-lidar-sim/img) by extension 'ignore'
[0.610s] Level 1:colcon.colcon_core.package_identification:_identify(src/mobile-3d-lidar-sim/img) by extension 'ignore_ament_install'
[0.610s] Level 1:colcon.colcon_core.package_identification:_identify(src/mobile-3d-lidar-sim/img) by extensions ['colcon_pkg']
[0.610s] Level 1:colcon.colcon_core.package_identification:_identify(src/mobile-3d-lidar-sim/img) by extension 'colcon_pkg'
[0.610s] Level 1:colcon.colcon_core.package_identification:_identify(src/mobile-3d-lidar-sim/img) by extensions ['colcon_meta']
[0.610s] Level 1:colcon.colcon_core.package_identification:_identify(src/mobile-3d-lidar-sim/img) by extension 'colcon_meta'
[0.610s] Level 1:colcon.colcon_core.package_identification:_identify(src/mobile-3d-lidar-sim/img) by extensions ['ros']
[0.610s] Level 1:colcon.colcon_core.package_identification:_identify(src/mobile-3d-lidar-sim/img) by extension 'ros'
[0.610s] Level 1:colcon.colcon_core.package_identification:_identify(src/mobile-3d-lidar-sim/img) by extensions ['cmake', 'python']
[0.610s] Level 1:colcon.colcon_core.package_identification:_identify(src/mobile-3d-lidar-sim/img) by extension 'cmake'
[0.610s] Level 1:colcon.colcon_core.package_identification:_identify(src/mobile-3d-lidar-sim/img) by extension 'python'
[0.610s] Level 1:colcon.colcon_core.package_identification:_identify(src/mobile-3d-lidar-sim/img) by extensions ['python_setup_py']
[0.610s] Level 1:colcon.colcon_core.package_identification:_identify(src/mobile-3d-lidar-sim/img) by extension 'python_setup_py'
[0.610s] Level 1:colcon.colcon_core.package_identification:_identify(src/mobile-3d-lidar-sim/my_bot) by extensions ['ignore', 'ignore_ament_install']
[0.610s] Level 1:colcon.colcon_core.package_identification:_identify(src/mobile-3d-lidar-sim/my_bot) by extension 'ignore'
[0.611s] Level 1:colcon.colcon_core.package_identification:_identify(src/mobile-3d-lidar-sim/my_bot) by extension 'ignore_ament_install'
[0.611s] Level 1:colcon.colcon_core.package_identification:_identify(src/mobile-3d-lidar-sim/my_bot) by extensions ['colcon_pkg']
[0.611s] Level 1:colcon.colcon_core.package_identification:_identify(src/mobile-3d-lidar-sim/my_bot) by extension 'colcon_pkg'
[0.611s] Level 1:colcon.colcon_core.package_identification:_identify(src/mobile-3d-lidar-sim/my_bot) by extensions ['colcon_meta']
[0.611s] Level 1:colcon.colcon_core.package_identification:_identify(src/mobile-3d-lidar-sim/my_bot) by extension 'colcon_meta'
[0.611s] Level 1:colcon.colcon_core.package_identification:_identify(src/mobile-3d-lidar-sim/my_bot) by extensions ['ros']
[0.611s] Level 1:colcon.colcon_core.package_identification:_identify(src/mobile-3d-lidar-sim/my_bot) by extension 'ros'
[0.614s] DEBUG:colcon.colcon_core.package_identification:Package 'src/mobile-3d-lidar-sim/my_bot' with type 'ros.ament_cmake' and name 'my_bot'
[0.615s] Level 1:colcon.colcon_core.package_identification:_identify(src/velodyne_simulator) by extensions ['ignore', 'ignore_ament_install']
[0.615s] Level 1:colcon.colcon_core.package_identification:_identify(src/velodyne_simulator) by extension 'ignore'
[0.615s] Level 1:colcon.colcon_core.package_identification:_identify(src/velodyne_simulator) by extension 'ignore_ament_install'
[0.615s] Level 1:colcon.colcon_core.package_identification:_identify(src/velodyne_simulator) by extensions ['colcon_pkg']
[0.615s] Level 1:colcon.colcon_core.package_identification:_identify(src/velodyne_simulator) by extension 'colcon_pkg'
[0.615s] Level 1:colcon.colcon_core.package_identification:_identify(src/velodyne_simulator) by extensions ['colcon_meta']
[0.615s] Level 1:colcon.colcon_core.package_identification:_identify(src/velodyne_simulator) by extension 'colcon_meta'
[0.615s] Level 1:colcon.colcon_core.package_identification:_identify(src/velodyne_simulator) by extensions ['ros']
[0.615s] Level 1:colcon.colcon_core.package_identification:_identify(src/velodyne_simulator) by extension 'ros'
[0.615s] Level 1:colcon.colcon_core.package_identification:_identify(src/velodyne_simulator) by extensions ['cmake', 'python']
[0.615s] Level 1:colcon.colcon_core.package_identification:_identify(src/velodyne_simulator) by extension 'cmake'
[0.615s] Level 1:colcon.colcon_core.package_identification:_identify(src/velodyne_simulator) by extension 'python'
[0.615s] Level 1:colcon.colcon_core.package_identification:_identify(src/velodyne_simulator) by extensions ['python_setup_py']
[0.615s] Level 1:colcon.colcon_core.package_identification:_identify(src/velodyne_simulator) by extension 'python_setup_py'
[0.616s] Level 1:colcon.colcon_core.package_identification:_identify(src/velodyne_simulator/img) by extensions ['ignore', 'ignore_ament_install']
[0.616s] Level 1:colcon.colcon_core.package_identification:_identify(src/velodyne_simulator/img) by extension 'ignore'
[0.616s] Level 1:colcon.colcon_core.package_identification:_identify(src/velodyne_simulator/img) by extension 'ignore_ament_install'
[0.616s] Level 1:colcon.colcon_core.package_identification:_identify(src/velodyne_simulator/img) by extensions ['colcon_pkg']
[0.616s] Level 1:colcon.colcon_core.package_identification:_identify(src/velodyne_simulator/img) by extension 'colcon_pkg'
[0.616s] Level 1:colcon.colcon_core.package_identification:_identify(src/velodyne_simulator/img) by extensions ['colcon_meta']
[0.616s] Level 1:colcon.colcon_core.package_identification:_identify(src/velodyne_simulator/img) by extension 'colcon_meta'
[0.616s] Level 1:colcon.colcon_core.package_identification:_identify(src/velodyne_simulator/img) by extensions ['ros']
[0.616s] Level 1:colcon.colcon_core.package_identification:_identify(src/velodyne_simulator/img) by extension 'ros'
[0.616s] Level 1:colcon.colcon_core.package_identification:_identify(src/velodyne_simulator/img) by extensions ['cmake', 'python']
[0.616s] Level 1:colcon.colcon_core.package_identification:_identify(src/velodyne_simulator/img) by extension 'cmake'
[0.616s] Level 1:colcon.colcon_core.package_identification:_identify(src/velodyne_simulator/img) by extension 'python'
[0.616s] Level 1:colcon.colcon_core.package_identification:_identify(src/velodyne_simulator/img) by extensions ['python_setup_py']
[0.616s] Level 1:colcon.colcon_core.package_identification:_identify(src/velodyne_simulator/img) by extension 'python_setup_py'
[0.616s] Level 1:colcon.colcon_core.package_identification:_identify(src/velodyne_simulator/velodyne_description) by extensions ['ignore', 'ignore_ament_install']
[0.616s] Level 1:colcon.colcon_core.package_identification:_identify(src/velodyne_simulator/velodyne_description) by extension 'ignore'
[0.616s] Level 1:colcon.colcon_core.package_identification:_identify(src/velodyne_simulator/velodyne_description) by extension 'ignore_ament_install'
[0.617s] Level 1:colcon.colcon_core.package_identification:_identify(src/velodyne_simulator/velodyne_description) by extensions ['colcon_pkg']
[0.617s] Level 1:colcon.colcon_core.package_identification:_identify(src/velodyne_simulator/velodyne_description) by extension 'colcon_pkg'
[0.617s] Level 1:colcon.colcon_core.package_identification:_identify(src/velodyne_simulator/velodyne_description) by extensions ['colcon_meta']
[0.617s] Level 1:colcon.colcon_core.package_identification:_identify(src/velodyne_simulator/velodyne_description) by extension 'colcon_meta'
[0.617s] Level 1:colcon.colcon_core.package_identification:_identify(src/velodyne_simulator/velodyne_description) by extensions ['ros']
[0.617s] Level 1:colcon.colcon_core.package_identification:_identify(src/velodyne_simulator/velodyne_description) by extension 'ros'
[0.617s] DEBUG:colcon.colcon_core.package_identification:Package 'src/velodyne_simulator/velodyne_description' with type 'ros.ament_cmake' and name 'velodyne_description'
[0.618s] Level 1:colcon.colcon_core.package_identification:_identify(src/velodyne_simulator/velodyne_gazebo_plugins) by extensions ['ignore', 'ignore_ament_install']
[0.618s] Level 1:colcon.colcon_core.package_identification:_identify(src/velodyne_simulator/velodyne_gazebo_plugins) by extension 'ignore'
[0.618s] Level 1:colcon.colcon_core.package_identification:_identify(src/velodyne_simulator/velodyne_gazebo_plugins) by extension 'ignore_ament_install'
[0.618s] Level 1:colcon.colcon_core.package_identification:_identify(src/velodyne_simulator/velodyne_gazebo_plugins) by extensions ['colcon_pkg']
[0.618s] Level 1:colcon.colcon_core.package_identification:_identify(src/velodyne_simulator/velodyne_gazebo_plugins) by extension 'colcon_pkg'
[0.618s] Level 1:colcon.colcon_core.package_identification:_identify(src/velodyne_simulator/velodyne_gazebo_plugins) by extensions ['colcon_meta']
[0.618s] Level 1:colcon.colcon_core.package_identification:_identify(src/velodyne_simulator/velodyne_gazebo_plugins) by extension 'colcon_meta'
[0.618s] Level 1:colcon.colcon_core.package_identification:_identify(src/velodyne_simulator/velodyne_gazebo_plugins) by extensions ['ros']
[0.618s] Level 1:colcon.colcon_core.package_identification:_identify(src/velodyne_simulator/velodyne_gazebo_plugins) by extension 'ros'
[0.619s] DEBUG:colcon.colcon_core.package_identification:Package 'src/velodyne_simulator/velodyne_gazebo_plugins' with type 'ros.ament_cmake' and name 'velodyne_gazebo_plugins'
[0.619s] Level 1:colcon.colcon_core.package_identification:_identify(src/velodyne_simulator/velodyne_simulator) by extensions ['ignore', 'ignore_ament_install']
[0.619s] Level 1:colcon.colcon_core.package_identification:_identify(src/velodyne_simulator/velodyne_simulator) by extension 'ignore'
[0.619s] Level 1:colcon.colcon_core.package_identification:_identify(src/velodyne_simulator/velodyne_simulator) by extension 'ignore_ament_install'
[0.619s] Level 1:colcon.colcon_core.package_identification:_identify(src/velodyne_simulator/velodyne_simulator) by extensions ['colcon_pkg']
[0.619s] Level 1:colcon.colcon_core.package_identification:_identify(src/velodyne_simulator/velodyne_simulator) by extension 'colcon_pkg'
[0.619s] Level 1:colcon.colcon_core.package_identification:_identify(src/velodyne_simulator/velodyne_simulator) by extensions ['colcon_meta']
[0.619s] Level 1:colcon.colcon_core.package_identification:_identify(src/velodyne_simulator/velodyne_simulator) by extension 'colcon_meta'
[0.619s] Level 1:colcon.colcon_core.package_identification:_identify(src/velodyne_simulator/velodyne_simulator) by extensions ['ros']
[0.620s] Level 1:colcon.colcon_core.package_identification:_identify(src/velodyne_simulator/velodyne_simulator) by extension 'ros'
[0.620s] DEBUG:colcon.colcon_core.package_identification:Package 'src/velodyne_simulator/velodyne_simulator' with type 'ros.ament_cmake' and name 'velodyne_simulator'
[0.620s] Level 1:colcon.colcon_core.package_discovery:discover_packages(recursive) using defaults
[0.620s] Level 1:colcon.colcon_core.package_discovery:discover_packages(ignore) discover
[0.620s] Level 1:colcon.colcon_core.package_discovery:discover_packages(ignore) using defaults
[0.620s] Level 1:colcon.colcon_core.package_discovery:discover_packages(path) discover
[0.620s] Level 1:colcon.colcon_core.package_discovery:discover_packages(path) using defaults
[0.721s] Level 1:colcon.colcon_core.package_discovery:discover_packages(prefix_path) check parameters
[0.721s] Level 1:colcon.colcon_core.package_discovery:discover_packages(prefix_path) discover
[0.726s] DEBUG:colcon.colcon_installed_package_information.package_discovery:Found 293 installed packages in /opt/ros/humble
[0.728s] Level 1:colcon.colcon_core.package_discovery:discover_packages(prefix_path) using defaults
[0.761s] Level 5:colcon.colcon_core.verb:set package 'my_bot' build argument 'cmake_args' from command line to 'None'
[0.761s] Level 5:colcon.colcon_core.verb:set package 'my_bot' build argument 'cmake_target' from command line to 'None'
[0.761s] Level 5:colcon.colcon_core.verb:set package 'my_bot' build argument 'cmake_target_skip_unavailable' from command line to 'False'
[0.761s] Level 5:colcon.colcon_core.verb:set package 'my_bot' build argument 'cmake_clean_cache' from command line to 'False'
[0.761s] Level 5:colcon.colcon_core.verb:set package 'my_bot' build argument 'cmake_clean_first' from command line to 'False'
[0.761s] Level 5:colcon.colcon_core.verb:set package 'my_bot' build argument 'cmake_force_configure' from command line to 'False'
[0.761s] Level 5:colcon.colcon_core.verb:set package 'my_bot' build argument 'ament_cmake_args' from command line to 'None'
[0.762s] Level 5:colcon.colcon_core.verb:set package 'my_bot' build argument 'catkin_cmake_args' from command line to 'None'
[0.762s] Level 5:colcon.colcon_core.verb:set package 'my_bot' build argument 'catkin_skip_building_tests' from command line to 'False'
[0.762s] DEBUG:colcon.colcon_core.verb:Building package 'my_bot' with the following arguments: {'ament_cmake_args': None, 'build_base': '/home/vdtune/ros2_ws/build/my_bot', 'catkin_cmake_args': None, 'catkin_skip_building_tests': False, 'cmake_args': None, 'cmake_clean_cache': False, 'cmake_clean_first': False, 'cmake_force_configure': False, 'cmake_target': None, 'cmake_target_skip_unavailable': False, 'install_base': '/home/vdtune/ros2_ws/install/my_bot', 'merge_install': False, 'path': '/home/vdtune/ros2_ws/src/mobile-3d-lidar-sim/my_bot', 'symlink_install': True, 'test_result_base': None}
[0.762s] Level 5:colcon.colcon_core.verb:set package 'velodyne_description' build argument 'cmake_args' from command line to 'None'
[0.762s] Level 5:colcon.colcon_core.verb:set package 'velodyne_description' build argument 'cmake_target' from command line to 'None'
[0.762s] Level 5:colcon.colcon_core.verb:set package 'velodyne_description' build argument 'cmake_target_skip_unavailable' from command line to 'False'
[0.762s] Level 5:colcon.colcon_core.verb:set package 'velodyne_description' build argument 'cmake_clean_cache' from command line to 'False'
[0.762s] Level 5:colcon.colcon_core.verb:set package 'velodyne_description' build argument 'cmake_clean_first' from command line to 'False'
[0.762s] Level 5:colcon.colcon_core.verb:set package 'velodyne_description' build argument 'cmake_force_configure' from command line to 'False'
[0.762s] Level 5:colcon.colcon_core.verb:set package 'velodyne_description' build argument 'ament_cmake_args' from command line to 'None'
[0.762s] Level 5:colcon.colcon_core.verb:set package 'velodyne_description' build argument 'catkin_cmake_args' from command line to 'None'
[0.762s] Level 5:colcon.colcon_core.verb:set package 'velodyne_description' build argument 'catkin_skip_building_tests' from command line to 'False'
[0.762s] DEBUG:colcon.colcon_core.verb:Building package 'velodyne_description' with the following arguments: {'ament_cmake_args': None, 'build_base': '/home/vdtune/ros2_ws/build/velodyne_description', 'catkin_cmake_args': None, 'catkin_skip_building_tests': False, 'cmake_args': None, 'cmake_clean_cache': False, 'cmake_clean_first': False, 'cmake_force_configure': False, 'cmake_target': None, 'cmake_target_skip_unavailable': False, 'install_base': '/home/vdtune/ros2_ws/install/velodyne_description', 'merge_install': False, 'path': '/home/vdtune/ros2_ws/src/velodyne_simulator/velodyne_description', 'symlink_install': True, 'test_result_base': None}
[0.762s] Level 5:colcon.colcon_core.verb:set package 'velodyne_gazebo_plugins' build argument 'cmake_args' from command line to 'None'
[0.762s] Level 5:colcon.colcon_core.verb:set package 'velodyne_gazebo_plugins' build argument 'cmake_target' from command line to 'None'
[0.762s] Level 5:colcon.colcon_core.verb:set package 'velodyne_gazebo_plugins' build argument 'cmake_target_skip_unavailable' from command line to 'False'
[0.762s] Level 5:colcon.colcon_core.verb:set package 'velodyne_gazebo_plugins' build argument 'cmake_clean_cache' from command line to 'False'
[0.762s] Level 5:colcon.colcon_core.verb:set package 'velodyne_gazebo_plugins' build argument 'cmake_clean_first' from command line to 'False'
[0.762s] Level 5:colcon.colcon_core.verb:set package 'velodyne_gazebo_plugins' build argument 'cmake_force_configure' from command line to 'False'
[0.762s] Level 5:colcon.colcon_core.verb:set package 'velodyne_gazebo_plugins' build argument 'ament_cmake_args' from command line to 'None'
[0.762s] Level 5:colcon.colcon_core.verb:set package 'velodyne_gazebo_plugins' build argument 'catkin_cmake_args' from command line to 'None'
[0.762s] Level 5:colcon.colcon_core.verb:set package 'velodyne_gazebo_plugins' build argument 'catkin_skip_building_tests' from command line to 'False'
[0.762s] DEBUG:colcon.colcon_core.verb:Building package 'velodyne_gazebo_plugins' with the following arguments: {'ament_cmake_args': None, 'build_base': '/home/vdtune/ros2_ws/build/velodyne_gazebo_plugins', 'catkin_cmake_args': None, 'catkin_skip_building_tests': False, 'cmake_args': None, 'cmake_clean_cache': False, 'cmake_clean_first': False, 'cmake_force_configure': False, 'cmake_target': None, 'cmake_target_skip_unavailable': False, 'install_base': '/home/vdtune/ros2_ws/install/velodyne_gazebo_plugins', 'merge_install': False, 'path': '/home/vdtune/ros2_ws/src/velodyne_simulator/velodyne_gazebo_plugins', 'symlink_install': True, 'test_result_base': None}
[0.763s] Level 5:colcon.colcon_core.verb:set package 'velodyne_simulator' build argument 'cmake_args' from command line to 'None'
[0.763s] Level 5:colcon.colcon_core.verb:set package 'velodyne_simulator' build argument 'cmake_target' from command line to 'None'
[0.763s] Level 5:colcon.colcon_core.verb:set package 'velodyne_simulator' build argument 'cmake_target_skip_unavailable' from command line to 'False'
[0.763s] Level 5:colcon.colcon_core.verb:set package 'velodyne_simulator' build argument 'cmake_clean_cache' from command line to 'False'
[0.763s] Level 5:colcon.colcon_core.verb:set package 'velodyne_simulator' build argument 'cmake_clean_first' from command line to 'False'
[0.763s] Level 5:colcon.colcon_core.verb:set package 'velodyne_simulator' build argument 'cmake_force_configure' from command line to 'False'
[0.763s] Level 5:colcon.colcon_core.verb:set package 'velodyne_simulator' build argument 'ament_cmake_args' from command line to 'None'
[0.763s] Level 5:colcon.colcon_core.verb:set package 'velodyne_simulator' build argument 'catkin_cmake_args' from command line to 'None'
[0.763s] Level 5:colcon.colcon_core.verb:set package 'velodyne_simulator' build argument 'catkin_skip_building_tests' from command line to 'False'
[0.763s] DEBUG:colcon.colcon_core.verb:Building package 'velodyne_simulator' with the following arguments: {'ament_cmake_args': None, 'build_base': '/home/vdtune/ros2_ws/build/velodyne_simulator', 'catkin_cmake_args': None, 'catkin_skip_building_tests': False, 'cmake_args': None, 'cmake_clean_cache': False, 'cmake_clean_first': False, 'cmake_force_configure': False, 'cmake_target': None, 'cmake_target_skip_unavailable': False, 'install_base': '/home/vdtune/ros2_ws/install/velodyne_simulator', 'merge_install': False, 'path': '/home/vdtune/ros2_ws/src/velodyne_simulator/velodyne_simulator', 'symlink_install': True, 'test_result_base': None}
[0.763s] INFO:colcon.colcon_core.executor:Executing jobs using 'parallel' executor
[0.764s] DEBUG:colcon.colcon_parallel_executor.executor.parallel:run_until_complete
[0.764s] INFO:colcon.colcon_ros.task.ament_cmake.build:Building ROS package in '/home/vdtune/ros2_ws/src/velodyne_simulator/velodyne_description' with build type 'ament_cmake'
[0.764s] INFO:colcon.colcon_cmake.task.cmake.build:Building CMake package in '/home/vdtune/ros2_ws/src/velodyne_simulator/velodyne_description'
[0.770s] INFO:colcon.colcon_core.plugin_system:Skipping extension 'colcon_core.shell.bat': Not used on non-Windows systems
[0.771s] INFO:colcon.colcon_core.shell:Skip shell extension 'powershell' for command environment: Not usable outside of PowerShell
[0.771s] DEBUG:colcon.colcon_core.shell:Skip shell extension 'dsv' for command environment
[0.773s] INFO:colcon.colcon_ros.task.ament_cmake.build:Building ROS package in '/home/vdtune/ros2_ws/src/velodyne_simulator/velodyne_gazebo_plugins' with build type 'ament_cmake'
[0.774s] INFO:colcon.colcon_cmake.task.cmake.build:Building CMake package in '/home/vdtune/ros2_ws/src/velodyne_simulator/velodyne_gazebo_plugins'
[0.774s] INFO:colcon.colcon_core.shell:Skip shell extension 'powershell' for command environment: Not usable outside of PowerShell
[0.774s] DEBUG:colcon.colcon_core.shell:Skip shell extension 'dsv' for command environment
[0.781s] INFO:colcon.colcon_ros.task.ament_cmake.build:Building ROS package in '/home/vdtune/ros2_ws/src/mobile-3d-lidar-sim/my_bot' with build type 'ament_cmake'
[0.781s] INFO:colcon.colcon_cmake.task.cmake.build:Building CMake package in '/home/vdtune/ros2_ws/src/mobile-3d-lidar-sim/my_bot'
[0.782s] INFO:colcon.colcon_core.shell:Skip shell extension 'powershell' for command environment: Not usable outside of PowerShell
[0.782s] DEBUG:colcon.colcon_core.shell:Skip shell extension 'dsv' for command environment
[0.799s] DEBUG:colcon.colcon_core.event_handler.log_command:Invoking command in '/home/vdtune/ros2_ws/build/velodyne_description': CMAKE_PREFIX_PATH=/opt/ros/humble /usr/bin/cmake /home/vdtune/ros2_ws/src/velodyne_simulator/velodyne_description -DAMENT_CMAKE_SYMLINK_INSTALL=1 -DCMAKE_INSTALL_PREFIX=/home/vdtune/ros2_ws/install/velodyne_description
[0.802s] DEBUG:colcon.colcon_core.event_handler.log_command:Invoking command in '/home/vdtune/ros2_ws/build/velodyne_gazebo_plugins': CMAKE_PREFIX_PATH=/opt/ros/humble /usr/bin/cmake /home/vdtune/ros2_ws/src/velodyne_simulator/velodyne_gazebo_plugins -DAMENT_CMAKE_SYMLINK_INSTALL=1 -DCMAKE_INSTALL_PREFIX=/home/vdtune/ros2_ws/install/velodyne_gazebo_plugins
[0.816s] DEBUG:colcon.colcon_core.event_handler.log_command:Invoking command in '/home/vdtune/ros2_ws/build/my_bot': CMAKE_PREFIX_PATH=/opt/ros/humble /usr/bin/cmake /home/vdtune/ros2_ws/src/mobile-3d-lidar-sim/my_bot -DAMENT_CMAKE_SYMLINK_INSTALL=1 -DCMAKE_INSTALL_PREFIX=/home/vdtune/ros2_ws/install/my_bot
[2.160s] DEBUG:colcon.colcon_core.event_handler.log_command:Invoked command in '/home/vdtune/ros2_ws/build/velodyne_description' returned '0': CMAKE_PREFIX_PATH=/opt/ros/humble /usr/bin/cmake /home/vdtune/ros2_ws/src/velodyne_simulator/velodyne_description -DAMENT_CMAKE_SYMLINK_INSTALL=1 -DCMAKE_INSTALL_PREFIX=/home/vdtune/ros2_ws/install/velodyne_description
[2.161s] DEBUG:colcon.colcon_core.event_handler.log_command:Invoking command in '/home/vdtune/ros2_ws/build/velodyne_description': CMAKE_PREFIX_PATH=/opt/ros/humble /usr/bin/cmake --build /home/vdtune/ros2_ws/build/velodyne_description -- -j8 -l8
[2.209s] DEBUG:colcon.colcon_core.event_handler.log_command:Invoked command in '/home/vdtune/ros2_ws/build/velodyne_description' returned '0': CMAKE_PREFIX_PATH=/opt/ros/humble /usr/bin/cmake --build /home/vdtune/ros2_ws/build/velodyne_description -- -j8 -l8
[2.219s] DEBUG:colcon.colcon_core.event_handler.log_command:Invoking command in '/home/vdtune/ros2_ws/build/velodyne_description': CMAKE_PREFIX_PATH=/opt/ros/humble /usr/bin/cmake --install /home/vdtune/ros2_ws/build/velodyne_description
[2.247s] DEBUG:colcon.colcon_core.event_handler.log_command:Invoked command in '/home/vdtune/ros2_ws/build/my_bot' returned '0': CMAKE_PREFIX_PATH=/opt/ros/humble /usr/bin/cmake /home/vdtune/ros2_ws/src/mobile-3d-lidar-sim/my_bot -DAMENT_CMAKE_SYMLINK_INSTALL=1 -DCMAKE_INSTALL_PREFIX=/home/vdtune/ros2_ws/install/my_bot
[2.249s] DEBUG:colcon.colcon_core.event_handler.log_command:Invoking command in '/home/vdtune/ros2_ws/build/my_bot': CMAKE_PREFIX_PATH=/opt/ros/humble /usr/bin/cmake --build /home/vdtune/ros2_ws/build/my_bot -- -j8 -l8
[2.288s] DEBUG:colcon.colcon_core.event_handler.log_command:Invoked command in '/home/vdtune/ros2_ws/build/my_bot' returned '0': CMAKE_PREFIX_PATH=/opt/ros/humble /usr/bin/cmake --build /home/vdtune/ros2_ws/build/my_bot -- -j8 -l8
[2.290s] DEBUG:colcon.colcon_core.event_handler.log_command:Invoking command in '/home/vdtune/ros2_ws/build/my_bot': CMAKE_PREFIX_PATH=/opt/ros/humble /usr/bin/cmake --install /home/vdtune/ros2_ws/build/my_bot
[2.561s] Level 1:colcon.colcon_core.environment:create_environment_scripts_only(my_bot)
[2.562s] DEBUG:colcon.colcon_core.event_handler.log_command:Invoked command in '/home/vdtune/ros2_ws/build/my_bot' returned '0': CMAKE_PREFIX_PATH=/opt/ros/humble /usr/bin/cmake --install /home/vdtune/ros2_ws/build/my_bot
[2.587s] Level 1:colcon.colcon_core.environment:checking '/home/vdtune/ros2_ws/install/my_bot' for CMake module files
[2.588s] Level 1:colcon.colcon_core.environment:checking '/home/vdtune/ros2_ws/install/my_bot' for CMake config files
[2.588s] Level 1:colcon.colcon_core.shell:create_environment_hook('my_bot', 'cmake_prefix_path')
[2.588s] INFO:colcon.colcon_core.shell:Creating environment hook '/home/vdtune/ros2_ws/install/my_bot/share/my_bot/hook/cmake_prefix_path.ps1'
[2.589s] INFO:colcon.colcon_core.shell:Creating environment descriptor '/home/vdtune/ros2_ws/install/my_bot/share/my_bot/hook/cmake_prefix_path.dsv'
[2.590s] INFO:colcon.colcon_core.shell:Creating environment hook '/home/vdtune/ros2_ws/install/my_bot/share/my_bot/hook/cmake_prefix_path.sh'
[2.592s] Level 1:colcon.colcon_core.environment:checking '/home/vdtune/ros2_ws/install/my_bot/bin'
[2.592s] Level 1:colcon.colcon_core.environment:checking '/home/vdtune/ros2_ws/install/my_bot/lib/pkgconfig/my_bot.pc'
[2.592s] Level 1:colcon.colcon_core.environment:checking '/home/vdtune/ros2_ws/install/my_bot/lib/python3.10/site-packages'
[2.592s] Level 1:colcon.colcon_core.environment:checking '/home/vdtune/ros2_ws/install/my_bot/bin'
[2.592s] INFO:colcon.colcon_core.shell:Creating package script '/home/vdtune/ros2_ws/install/my_bot/share/my_bot/package.ps1'
[2.594s] INFO:colcon.colcon_core.shell:Creating package descriptor '/home/vdtune/ros2_ws/install/my_bot/share/my_bot/package.dsv'
[2.595s] INFO:colcon.colcon_core.shell:Creating package script '/home/vdtune/ros2_ws/install/my_bot/share/my_bot/package.sh'
[2.596s] INFO:colcon.colcon_core.shell:Creating package script '/home/vdtune/ros2_ws/install/my_bot/share/my_bot/package.bash'
[2.600s] INFO:colcon.colcon_core.shell:Creating package script '/home/vdtune/ros2_ws/install/my_bot/share/my_bot/package.zsh'
[2.601s] Level 1:colcon.colcon_core.environment:create_file_with_runtime_dependencies(/home/vdtune/ros2_ws/install/my_bot/share/colcon-core/packages/my_bot)
[2.602s] Level 1:colcon.colcon_core.environment:create_environment_scripts_only(my_bot)
[2.602s] Level 1:colcon.colcon_core.environment:checking '/home/vdtune/ros2_ws/install/my_bot' for CMake module files
[2.603s] Level 1:colcon.colcon_core.environment:checking '/home/vdtune/ros2_ws/install/my_bot' for CMake config files
[2.603s] Level 1:colcon.colcon_core.shell:create_environment_hook('my_bot', 'cmake_prefix_path')
[2.603s] INFO:colcon.colcon_core.shell:Creating environment hook '/home/vdtune/ros2_ws/install/my_bot/share/my_bot/hook/cmake_prefix_path.ps1'
[2.604s] INFO:colcon.colcon_core.shell:Creating environment descriptor '/home/vdtune/ros2_ws/install/my_bot/share/my_bot/hook/cmake_prefix_path.dsv'
[2.607s] INFO:colcon.colcon_core.shell:Creating environment hook '/home/vdtune/ros2_ws/install/my_bot/share/my_bot/hook/cmake_prefix_path.sh'
[2.608s] Level 1:colcon.colcon_core.environment:checking '/home/vdtune/ros2_ws/install/my_bot/bin'
[2.610s] Level 1:colcon.colcon_core.environment:checking '/home/vdtune/ros2_ws/install/my_bot/lib/pkgconfig/my_bot.pc'
[2.611s] Level 1:colcon.colcon_core.environment:checking '/home/vdtune/ros2_ws/install/my_bot/lib/python3.10/site-packages'
[2.611s] Level 1:colcon.colcon_core.environment:checking '/home/vdtune/ros2_ws/install/my_bot/bin'
[2.611s] INFO:colcon.colcon_core.shell:Creating package script '/home/vdtune/ros2_ws/install/my_bot/share/my_bot/package.ps1'
[2.612s] INFO:colcon.colcon_core.shell:Creating package descriptor '/home/vdtune/ros2_ws/install/my_bot/share/my_bot/package.dsv'
[2.614s] INFO:colcon.colcon_core.shell:Creating package script '/home/vdtune/ros2_ws/install/my_bot/share/my_bot/package.sh'
[2.614s] INFO:colcon.colcon_core.shell:Creating package script '/home/vdtune/ros2_ws/install/my_bot/share/my_bot/package.bash'
[2.615s] INFO:colcon.colcon_core.shell:Creating package script '/home/vdtune/ros2_ws/install/my_bot/share/my_bot/package.zsh'
[2.616s] Level 1:colcon.colcon_core.environment:create_file_with_runtime_dependencies(/home/vdtune/ros2_ws/install/my_bot/share/colcon-core/packages/my_bot)
[2.618s] Level 1:colcon.colcon_core.environment:create_environment_scripts_only(velodyne_description)
[2.619s] Level 1:colcon.colcon_core.environment:checking '/home/vdtune/ros2_ws/install/velodyne_description' for CMake module files
[2.620s] Level 1:colcon.colcon_core.environment:checking '/home/vdtune/ros2_ws/install/velodyne_description' for CMake config files
[2.620s] DEBUG:colcon.colcon_core.event_handler.log_command:Invoked command in '/home/vdtune/ros2_ws/build/velodyne_description' returned '0': CMAKE_PREFIX_PATH=/opt/ros/humble /usr/bin/cmake --install /home/vdtune/ros2_ws/build/velodyne_description
[2.622s] Level 1:colcon.colcon_core.shell:create_environment_hook('velodyne_description', 'cmake_prefix_path')
[2.622s] INFO:colcon.colcon_core.shell:Creating environment hook '/home/vdtune/ros2_ws/install/velodyne_description/share/velodyne_description/hook/cmake_prefix_path.ps1'
[2.624s] INFO:colcon.colcon_core.shell:Creating environment descriptor '/home/vdtune/ros2_ws/install/velodyne_description/share/velodyne_description/hook/cmake_prefix_path.dsv'
[2.624s] INFO:colcon.colcon_core.shell:Creating environment hook '/home/vdtune/ros2_ws/install/velodyne_description/share/velodyne_description/hook/cmake_prefix_path.sh'
[2.626s] Level 1:colcon.colcon_core.environment:checking '/home/vdtune/ros2_ws/install/velodyne_description/bin'
[2.626s] Level 1:colcon.colcon_core.environment:checking '/home/vdtune/ros2_ws/install/velodyne_description/lib/pkgconfig/velodyne_description.pc'
[2.626s] Level 1:colcon.colcon_core.environment:checking '/home/vdtune/ros2_ws/install/velodyne_description/lib/python3.10/site-packages'
[2.627s] Level 1:colcon.colcon_core.environment:checking '/home/vdtune/ros2_ws/install/velodyne_description/bin'
[2.627s] INFO:colcon.colcon_core.shell:Creating package script '/home/vdtune/ros2_ws/install/velodyne_description/share/velodyne_description/package.ps1'
[2.627s] INFO:colcon.colcon_core.shell:Creating package descriptor '/home/vdtune/ros2_ws/install/velodyne_description/share/velodyne_description/package.dsv'
[2.628s] INFO:colcon.colcon_core.shell:Creating package script '/home/vdtune/ros2_ws/install/velodyne_description/share/velodyne_description/package.sh'
[2.628s] INFO:colcon.colcon_core.shell:Creating package script '/home/vdtune/ros2_ws/install/velodyne_description/share/velodyne_description/package.bash'
[2.629s] INFO:colcon.colcon_core.shell:Creating package script '/home/vdtune/ros2_ws/install/velodyne_description/share/velodyne_description/package.zsh'
[2.629s] Level 1:colcon.colcon_core.environment:create_file_with_runtime_dependencies(/home/vdtune/ros2_ws/install/velodyne_description/share/colcon-core/packages/velodyne_description)
[2.630s] Level 1:colcon.colcon_core.environment:create_environment_scripts_only(velodyne_description)
[2.630s] Level 1:colcon.colcon_core.environment:checking '/home/vdtune/ros2_ws/install/velodyne_description' for CMake module files
[2.631s] Level 1:colcon.colcon_core.environment:checking '/home/vdtune/ros2_ws/install/velodyne_description' for CMake config files
[2.631s] Level 1:colcon.colcon_core.shell:create_environment_hook('velodyne_description', 'cmake_prefix_path')
[2.632s] INFO:colcon.colcon_core.shell:Creating environment hook '/home/vdtune/ros2_ws/install/velodyne_description/share/velodyne_description/hook/cmake_prefix_path.ps1'
[2.634s] INFO:colcon.colcon_core.shell:Creating environment descriptor '/home/vdtune/ros2_ws/install/velodyne_description/share/velodyne_description/hook/cmake_prefix_path.dsv'
[2.634s] INFO:colcon.colcon_core.shell:Creating environment hook '/home/vdtune/ros2_ws/install/velodyne_description/share/velodyne_description/hook/cmake_prefix_path.sh'
[2.635s] Level 1:colcon.colcon_core.environment:checking '/home/vdtune/ros2_ws/install/velodyne_description/bin'
[2.635s] Level 1:colcon.colcon_core.environment:checking '/home/vdtune/ros2_ws/install/velodyne_description/lib/pkgconfig/velodyne_description.pc'
[2.635s] Level 1:colcon.colcon_core.environment:checking '/home/vdtune/ros2_ws/install/velodyne_description/lib/python3.10/site-packages'
[2.636s] Level 1:colcon.colcon_core.environment:checking '/home/vdtune/ros2_ws/install/velodyne_description/bin'
[2.636s] INFO:colcon.colcon_core.shell:Creating package script '/home/vdtune/ros2_ws/install/velodyne_description/share/velodyne_description/package.ps1'
[2.639s] INFO:colcon.colcon_core.shell:Creating package descriptor '/home/vdtune/ros2_ws/install/velodyne_description/share/velodyne_description/package.dsv'
[2.640s] INFO:colcon.colcon_core.shell:Creating package script '/home/vdtune/ros2_ws/install/velodyne_description/share/velodyne_description/package.sh'
[2.642s] INFO:colcon.colcon_core.shell:Creating package script '/home/vdtune/ros2_ws/install/velodyne_description/share/velodyne_description/package.bash'
[2.642s] INFO:colcon.colcon_core.shell:Creating package script '/home/vdtune/ros2_ws/install/velodyne_description/share/velodyne_description/package.zsh'
[2.643s] Level 1:colcon.colcon_core.environment:create_file_with_runtime_dependencies(/home/vdtune/ros2_ws/install/velodyne_description/share/colcon-core/packages/velodyne_description)
[3.942s] DEBUG:colcon.colcon_core.event_handler.log_command:Invoked command in '/home/vdtune/ros2_ws/build/velodyne_gazebo_plugins' returned '0': CMAKE_PREFIX_PATH=/opt/ros/humble /usr/bin/cmake /home/vdtune/ros2_ws/src/velodyne_simulator/velodyne_gazebo_plugins -DAMENT_CMAKE_SYMLINK_INSTALL=1 -DCMAKE_INSTALL_PREFIX=/home/vdtune/ros2_ws/install/velodyne_gazebo_plugins
[3.943s] DEBUG:colcon.colcon_core.event_handler.log_command:Invoking command in '/home/vdtune/ros2_ws/build/velodyne_gazebo_plugins': CMAKE_PREFIX_PATH=/opt/ros/humble /usr/bin/cmake --build /home/vdtune/ros2_ws/build/velodyne_gazebo_plugins -- -j8 -l8
[30.609s] DEBUG:colcon.colcon_core.event_handler.log_command:Invoked command in '/home/vdtune/ros2_ws/build/velodyne_gazebo_plugins' returned '0': CMAKE_PREFIX_PATH=/opt/ros/humble /usr/bin/cmake --build /home/vdtune/ros2_ws/build/velodyne_gazebo_plugins -- -j8 -l8
[30.609s] DEBUG:colcon.colcon_core.event_handler.log_command:Invoking command in '/home/vdtune/ros2_ws/build/velodyne_gazebo_plugins': CMAKE_PREFIX_PATH=/opt/ros/humble /usr/bin/cmake --install /home/vdtune/ros2_ws/build/velodyne_gazebo_plugins
[30.847s] Level 1:colcon.colcon_core.environment:create_environment_scripts_only(velodyne_gazebo_plugins)
[30.847s] Level 1:colcon.colcon_core.environment:checking '/home/vdtune/ros2_ws/install/velodyne_gazebo_plugins' for CMake module files
[30.848s] Level 1:colcon.colcon_core.environment:checking '/home/vdtune/ros2_ws/install/velodyne_gazebo_plugins' for CMake config files
[30.848s] Level 1:colcon.colcon_core.shell:create_environment_hook('velodyne_gazebo_plugins', 'cmake_prefix_path')
[30.848s] INFO:colcon.colcon_core.shell:Creating environment hook '/home/vdtune/ros2_ws/install/velodyne_gazebo_plugins/share/velodyne_gazebo_plugins/hook/cmake_prefix_path.ps1'
[30.849s] DEBUG:colcon.colcon_core.event_handler.log_command:Invoked command in '/home/vdtune/ros2_ws/build/velodyne_gazebo_plugins' returned '0': CMAKE_PREFIX_PATH=/opt/ros/humble /usr/bin/cmake --install /home/vdtune/ros2_ws/build/velodyne_gazebo_plugins
[30.849s] INFO:colcon.colcon_core.shell:Creating environment descriptor '/home/vdtune/ros2_ws/install/velodyne_gazebo_plugins/share/velodyne_gazebo_plugins/hook/cmake_prefix_path.dsv'
[30.850s] INFO:colcon.colcon_core.shell:Creating environment hook '/home/vdtune/ros2_ws/install/velodyne_gazebo_plugins/share/velodyne_gazebo_plugins/hook/cmake_prefix_path.sh'
[30.850s] Level 1:colcon.colcon_core.environment:checking '/home/vdtune/ros2_ws/install/velodyne_gazebo_plugins/lib'
[30.851s] Level 1:colcon.colcon_core.shell:create_environment_hook('velodyne_gazebo_plugins', 'ld_library_path_lib')
[30.851s] INFO:colcon.colcon_core.shell:Creating environment hook '/home/vdtune/ros2_ws/install/velodyne_gazebo_plugins/share/velodyne_gazebo_plugins/hook/ld_library_path_lib.ps1'
[30.852s] INFO:colcon.colcon_core.shell:Creating environment descriptor '/home/vdtune/ros2_ws/install/velodyne_gazebo_plugins/share/velodyne_gazebo_plugins/hook/ld_library_path_lib.dsv'
[30.852s] INFO:colcon.colcon_core.shell:Creating environment hook '/home/vdtune/ros2_ws/install/velodyne_gazebo_plugins/share/velodyne_gazebo_plugins/hook/ld_library_path_lib.sh'
[30.852s] Level 1:colcon.colcon_core.environment:checking '/home/vdtune/ros2_ws/install/velodyne_gazebo_plugins/bin'
[30.852s] Level 1:colcon.colcon_core.environment:checking '/home/vdtune/ros2_ws/install/velodyne_gazebo_plugins/lib/pkgconfig/velodyne_gazebo_plugins.pc'
[30.853s] Level 1:colcon.colcon_core.environment:checking '/home/vdtune/ros2_ws/install/velodyne_gazebo_plugins/lib/python3.10/site-packages'
[30.853s] Level 1:colcon.colcon_core.environment:checking '/home/vdtune/ros2_ws/install/velodyne_gazebo_plugins/bin'
[30.853s] INFO:colcon.colcon_core.shell:Creating package script '/home/vdtune/ros2_ws/install/velodyne_gazebo_plugins/share/velodyne_gazebo_plugins/package.ps1'
[30.854s] INFO:colcon.colcon_core.shell:Creating package descriptor '/home/vdtune/ros2_ws/install/velodyne_gazebo_plugins/share/velodyne_gazebo_plugins/package.dsv'
[30.854s] INFO:colcon.colcon_core.shell:Creating package script '/home/vdtune/ros2_ws/install/velodyne_gazebo_plugins/share/velodyne_gazebo_plugins/package.sh'
[30.855s] INFO:colcon.colcon_core.shell:Creating package script '/home/vdtune/ros2_ws/install/velodyne_gazebo_plugins/share/velodyne_gazebo_plugins/package.bash'
[30.855s] INFO:colcon.colcon_core.shell:Creating package script '/home/vdtune/ros2_ws/install/velodyne_gazebo_plugins/share/velodyne_gazebo_plugins/package.zsh'
[30.855s] Level 1:colcon.colcon_core.environment:create_file_with_runtime_dependencies(/home/vdtune/ros2_ws/install/velodyne_gazebo_plugins/share/colcon-core/packages/velodyne_gazebo_plugins)
[30.856s] Level 1:colcon.colcon_core.environment:create_environment_scripts_only(velodyne_gazebo_plugins)
[30.857s] Level 1:colcon.colcon_core.environment:checking '/home/vdtune/ros2_ws/install/velodyne_gazebo_plugins' for CMake module files
[30.857s] Level 1:colcon.colcon_core.environment:checking '/home/vdtune/ros2_ws/install/velodyne_gazebo_plugins' for CMake config files
[30.857s] Level 1:colcon.colcon_core.shell:create_environment_hook('velodyne_gazebo_plugins', 'cmake_prefix_path')
[30.858s] INFO:colcon.colcon_core.shell:Creating environment hook '/home/vdtune/ros2_ws/install/velodyne_gazebo_plugins/share/velodyne_gazebo_plugins/hook/cmake_prefix_path.ps1'
[30.859s] INFO:colcon.colcon_core.shell:Creating environment descriptor '/home/vdtune/ros2_ws/install/velodyne_gazebo_plugins/share/velodyne_gazebo_plugins/hook/cmake_prefix_path.dsv'
[30.859s] INFO:colcon.colcon_core.shell:Creating environment hook '/home/vdtune/ros2_ws/install/velodyne_gazebo_plugins/share/velodyne_gazebo_plugins/hook/cmake_prefix_path.sh'
[30.860s] Level 1:colcon.colcon_core.environment:checking '/home/vdtune/ros2_ws/install/velodyne_gazebo_plugins/lib'
[30.860s] Level 1:colcon.colcon_core.shell:create_environment_hook('velodyne_gazebo_plugins', 'ld_library_path_lib')
[30.860s] INFO:colcon.colcon_core.shell:Creating environment hook '/home/vdtune/ros2_ws/install/velodyne_gazebo_plugins/share/velodyne_gazebo_plugins/hook/ld_library_path_lib.ps1'
[30.861s] INFO:colcon.colcon_core.shell:Creating environment descriptor '/home/vdtune/ros2_ws/install/velodyne_gazebo_plugins/share/velodyne_gazebo_plugins/hook/ld_library_path_lib.dsv'
[30.861s] INFO:colcon.colcon_core.shell:Creating environment hook '/home/vdtune/ros2_ws/install/velodyne_gazebo_plugins/share/velodyne_gazebo_plugins/hook/ld_library_path_lib.sh'
[30.862s] Level 1:colcon.colcon_core.environment:checking '/home/vdtune/ros2_ws/install/velodyne_gazebo_plugins/bin'
[30.862s] Level 1:colcon.colcon_core.environment:checking '/home/vdtune/ros2_ws/install/velodyne_gazebo_plugins/lib/pkgconfig/velodyne_gazebo_plugins.pc'
[30.862s] Level 1:colcon.colcon_core.environment:checking '/home/vdtune/ros2_ws/install/velodyne_gazebo_plugins/lib/python3.10/site-packages'
[30.862s] Level 1:colcon.colcon_core.environment:checking '/home/vdtune/ros2_ws/install/velodyne_gazebo_plugins/bin'
[30.863s] INFO:colcon.colcon_core.shell:Creating package script '/home/vdtune/ros2_ws/install/velodyne_gazebo_plugins/share/velodyne_gazebo_plugins/package.ps1'
[30.864s] INFO:colcon.colcon_core.shell:Creating package descriptor '/home/vdtune/ros2_ws/install/velodyne_gazebo_plugins/share/velodyne_gazebo_plugins/package.dsv'
[30.864s] INFO:colcon.colcon_core.shell:Creating package script '/home/vdtune/ros2_ws/install/velodyne_gazebo_plugins/share/velodyne_gazebo_plugins/package.sh'
[30.865s] INFO:colcon.colcon_core.shell:Creating package script '/home/vdtune/ros2_ws/install/velodyne_gazebo_plugins/share/velodyne_gazebo_plugins/package.bash'
[30.866s] INFO:colcon.colcon_core.shell:Creating package script '/home/vdtune/ros2_ws/install/velodyne_gazebo_plugins/share/velodyne_gazebo_plugins/package.zsh'
[30.866s] Level 1:colcon.colcon_core.environment:create_file_with_runtime_dependencies(/home/vdtune/ros2_ws/install/velodyne_gazebo_plugins/share/colcon-core/packages/velodyne_gazebo_plugins)
[30.867s] INFO:colcon.colcon_ros.task.ament_cmake.build:Building ROS package in '/home/vdtune/ros2_ws/src/velodyne_simulator/velodyne_simulator' with build type 'ament_cmake'
[30.867s] INFO:colcon.colcon_cmake.task.cmake.build:Building CMake package in '/home/vdtune/ros2_ws/src/velodyne_simulator/velodyne_simulator'
[30.867s] INFO:colcon.colcon_core.shell:Skip shell extension 'powershell' for command environment: Not usable outside of PowerShell
[30.867s] DEBUG:colcon.colcon_core.shell:Skip shell extension 'dsv' for command environment
[30.887s] DEBUG:colcon.colcon_core.event_handler.log_command:Invoking command in '/home/vdtune/ros2_ws/build/velodyne_simulator': AMENT_PREFIX_PATH=/home/vdtune/ros2_ws/install/velodyne_gazebo_plugins:/home/vdtune/ros2_ws/install/velodyne_description:${AMENT_PREFIX_PATH} CMAKE_PREFIX_PATH=/home/vdtune/ros2_ws/install/velodyne_gazebo_plugins:/home/vdtune/ros2_ws/install/velodyne_description:/opt/ros/humble LD_LIBRARY_PATH=/home/vdtune/ros2_ws/install/velodyne_gazebo_plugins/lib:${LD_LIBRARY_PATH} /usr/bin/cmake /home/vdtune/ros2_ws/src/velodyne_simulator/velodyne_simulator -DAMENT_CMAKE_SYMLINK_INSTALL=1 -DCMAKE_INSTALL_PREFIX=/home/vdtune/ros2_ws/install/velodyne_simulator
[31.728s] DEBUG:colcon.colcon_core.event_handler.log_command:Invoked command in '/home/vdtune/ros2_ws/build/velodyne_simulator' returned '0': AMENT_PREFIX_PATH=/home/vdtune/ros2_ws/install/velodyne_gazebo_plugins:/home/vdtune/ros2_ws/install/velodyne_description:${AMENT_PREFIX_PATH} CMAKE_PREFIX_PATH=/home/vdtune/ros2_ws/install/velodyne_gazebo_plugins:/home/vdtune/ros2_ws/install/velodyne_description:/opt/ros/humble LD_LIBRARY_PATH=/home/vdtune/ros2_ws/install/velodyne_gazebo_plugins/lib:${LD_LIBRARY_PATH} /usr/bin/cmake /home/vdtune/ros2_ws/src/velodyne_simulator/velodyne_simulator -DAMENT_CMAKE_SYMLINK_INSTALL=1 -DCMAKE_INSTALL_PREFIX=/home/vdtune/ros2_ws/install/velodyne_simulator
[31.728s] DEBUG:colcon.colcon_core.event_handler.log_command:Invoking command in '/home/vdtune/ros2_ws/build/velodyne_simulator': AMENT_PREFIX_PATH=/home/vdtune/ros2_ws/install/velodyne_gazebo_plugins:/home/vdtune/ros2_ws/install/velodyne_description:${AMENT_PREFIX_PATH} CMAKE_PREFIX_PATH=/home/vdtune/ros2_ws/install/velodyne_gazebo_plugins:/home/vdtune/ros2_ws/install/velodyne_description:/opt/ros/humble LD_LIBRARY_PATH=/home/vdtune/ros2_ws/install/velodyne_gazebo_plugins/lib:${LD_LIBRARY_PATH} /usr/bin/cmake --build /home/vdtune/ros2_ws/build/velodyne_simulator -- -j8 -l8
[31.781s] DEBUG:colcon.colcon_core.event_handler.log_command:Invoked command in '/home/vdtune/ros2_ws/build/velodyne_simulator' returned '0': AMENT_PREFIX_PATH=/home/vdtune/ros2_ws/install/velodyne_gazebo_plugins:/home/vdtune/ros2_ws/install/velodyne_description:${AMENT_PREFIX_PATH} CMAKE_PREFIX_PATH=/home/vdtune/ros2_ws/install/velodyne_gazebo_plugins:/home/vdtune/ros2_ws/install/velodyne_description:/opt/ros/humble LD_LIBRARY_PATH=/home/vdtune/ros2_ws/install/velodyne_gazebo_plugins/lib:${LD_LIBRARY_PATH} /usr/bin/cmake --build /home/vdtune/ros2_ws/build/velodyne_simulator -- -j8 -l8
[31.782s] DEBUG:colcon.colcon_core.event_handler.log_command:Invoking command in '/home/vdtune/ros2_ws/build/velodyne_simulator': AMENT_PREFIX_PATH=/home/vdtune/ros2_ws/install/velodyne_gazebo_plugins:/home/vdtune/ros2_ws/install/velodyne_description:${AMENT_PREFIX_PATH} CMAKE_PREFIX_PATH=/home/vdtune/ros2_ws/install/velodyne_gazebo_plugins:/home/vdtune/ros2_ws/install/velodyne_description:/opt/ros/humble LD_LIBRARY_PATH=/home/vdtune/ros2_ws/install/velodyne_gazebo_plugins/lib:${LD_LIBRARY_PATH} /usr/bin/cmake --install /home/vdtune/ros2_ws/build/velodyne_simulator
[31.937s] Level 1:colcon.colcon_core.environment:create_environment_scripts_only(velodyne_simulator)
[31.937s] DEBUG:colcon.colcon_core.event_handler.log_command:Invoked command in '/home/vdtune/ros2_ws/build/velodyne_simulator' returned '0': AMENT_PREFIX_PATH=/home/vdtune/ros2_ws/install/velodyne_gazebo_plugins:/home/vdtune/ros2_ws/install/velodyne_description:${AMENT_PREFIX_PATH} CMAKE_PREFIX_PATH=/home/vdtune/ros2_ws/install/velodyne_gazebo_plugins:/home/vdtune/ros2_ws/install/velodyne_description:/opt/ros/humble LD_LIBRARY_PATH=/home/vdtune/ros2_ws/install/velodyne_gazebo_plugins/lib:${LD_LIBRARY_PATH} /usr/bin/cmake --install /home/vdtune/ros2_ws/build/velodyne_simulator
[31.938s] Level 1:colcon.colcon_core.environment:checking '/home/vdtune/ros2_ws/install/velodyne_simulator' for CMake module files
[31.939s] Level 1:colcon.colcon_core.environment:checking '/home/vdtune/ros2_ws/install/velodyne_simulator' for CMake config files
[31.939s] Level 1:colcon.colcon_core.shell:create_environment_hook('velodyne_simulator', 'cmake_prefix_path')
[31.939s] INFO:colcon.colcon_core.shell:Creating environment hook '/home/vdtune/ros2_ws/install/velodyne_simulator/share/velodyne_simulator/hook/cmake_prefix_path.ps1'
[31.940s] INFO:colcon.colcon_core.shell:Creating environment descriptor '/home/vdtune/ros2_ws/install/velodyne_simulator/share/velodyne_simulator/hook/cmake_prefix_path.dsv'
[31.940s] INFO:colcon.colcon_core.shell:Creating environment hook '/home/vdtune/ros2_ws/install/velodyne_simulator/share/velodyne_simulator/hook/cmake_prefix_path.sh'
[31.941s] Level 1:colcon.colcon_core.environment:checking '/home/vdtune/ros2_ws/install/velodyne_simulator/bin'
[31.941s] Level 1:colcon.colcon_core.environment:checking '/home/vdtune/ros2_ws/install/velodyne_simulator/lib/pkgconfig/velodyne_simulator.pc'
[31.942s] Level 1:colcon.colcon_core.environment:checking '/home/vdtune/ros2_ws/install/velodyne_simulator/lib/python3.10/site-packages'
[31.942s] Level 1:colcon.colcon_core.environment:checking '/home/vdtune/ros2_ws/install/velodyne_simulator/bin'
[31.942s] INFO:colcon.colcon_core.shell:Creating package script '/home/vdtune/ros2_ws/install/velodyne_simulator/share/velodyne_simulator/package.ps1'
[31.943s] INFO:colcon.colcon_core.shell:Creating package descriptor '/home/vdtune/ros2_ws/install/velodyne_simulator/share/velodyne_simulator/package.dsv'
[31.944s] INFO:colcon.colcon_core.shell:Creating package script '/home/vdtune/ros2_ws/install/velodyne_simulator/share/velodyne_simulator/package.sh'
[31.944s] INFO:colcon.colcon_core.shell:Creating package script '/home/vdtune/ros2_ws/install/velodyne_simulator/share/velodyne_simulator/package.bash'
[31.945s] INFO:colcon.colcon_core.shell:Creating package script '/home/vdtune/ros2_ws/install/velodyne_simulator/share/velodyne_simulator/package.zsh'
[31.945s] Level 1:colcon.colcon_core.environment:create_file_with_runtime_dependencies(/home/vdtune/ros2_ws/install/velodyne_simulator/share/colcon-core/packages/velodyne_simulator)
[31.946s] Level 1:colcon.colcon_core.environment:create_environment_scripts_only(velodyne_simulator)
[31.946s] Level 1:colcon.colcon_core.environment:checking '/home/vdtune/ros2_ws/install/velodyne_simulator' for CMake module files
[31.946s] Level 1:colcon.colcon_core.environment:checking '/home/vdtune/ros2_ws/install/velodyne_simulator' for CMake config files
[31.947s] Level 1:colcon.colcon_core.shell:create_environment_hook('velodyne_simulator', 'cmake_prefix_path')
[31.947s] INFO:colcon.colcon_core.shell:Creating environment hook '/home/vdtune/ros2_ws/install/velodyne_simulator/share/velodyne_simulator/hook/cmake_prefix_path.ps1'
[31.948s] INFO:colcon.colcon_core.shell:Creating environment descriptor '/home/vdtune/ros2_ws/install/velodyne_simulator/share/velodyne_simulator/hook/cmake_prefix_path.dsv'
[31.948s] INFO:colcon.colcon_core.shell:Creating environment hook '/home/vdtune/ros2_ws/install/velodyne_simulator/share/velodyne_simulator/hook/cmake_prefix_path.sh'
[31.975s] Level 1:colcon.colcon_core.environment:checking '/home/vdtune/ros2_ws/install/velodyne_simulator/bin'
[31.975s] Level 1:colcon.colcon_core.environment:checking '/home/vdtune/ros2_ws/install/velodyne_simulator/lib/pkgconfig/velodyne_simulator.pc'
[31.975s] Level 1:colcon.colcon_core.environment:checking '/home/vdtune/ros2_ws/install/velodyne_simulator/lib/python3.10/site-packages'
[31.975s] Level 1:colcon.colcon_core.environment:checking '/home/vdtune/ros2_ws/install/velodyne_simulator/bin'
[31.976s] INFO:colcon.colcon_core.shell:Creating package script '/home/vdtune/ros2_ws/install/velodyne_simulator/share/velodyne_simulator/package.ps1'
[31.982s] INFO:colcon.colcon_core.shell:Creating package descriptor '/home/vdtune/ros2_ws/install/velodyne_simulator/share/velodyne_simulator/package.dsv'
[31.982s] INFO:colcon.colcon_core.shell:Creating package script '/home/vdtune/ros2_ws/install/velodyne_simulator/share/velodyne_simulator/package.sh'
[31.983s] INFO:colcon.colcon_core.shell:Creating package script '/home/vdtune/ros2_ws/install/velodyne_simulator/share/velodyne_simulator/package.bash'
[31.984s] INFO:colcon.colcon_core.shell:Creating package script '/home/vdtune/ros2_ws/install/velodyne_simulator/share/velodyne_simulator/package.zsh'
[31.985s] Level 1:colcon.colcon_core.environment:create_file_with_runtime_dependencies(/home/vdtune/ros2_ws/install/velodyne_simulator/share/colcon-core/packages/velodyne_simulator)
[31.985s] DEBUG:colcon.colcon_parallel_executor.executor.parallel:closing loop
[31.986s] DEBUG:colcon.colcon_parallel_executor.executor.parallel:loop closed
[31.986s] DEBUG:colcon.colcon_parallel_executor.executor.parallel:run_until_complete finished with '0'
[31.986s] DEBUG:colcon.colcon_core.event_reactor:joining thread
[31.994s] INFO:colcon.colcon_core.plugin_system:Skipping extension 'colcon_notification.desktop_notification.terminal_notifier': Not used on non-Darwin systems
[31.994s] INFO:colcon.colcon_core.plugin_system:Skipping extension 'colcon_notification.desktop_notification.win32': Not used on non-Windows systems
[31.994s] INFO:colcon.colcon_notification.desktop_notification:Sending desktop notification using 'notify2'
[32.034s] DEBUG:colcon.colcon_core.event_reactor:joined thread
[32.034s] INFO:colcon.colcon_core.shell:Creating prefix script '/home/vdtune/ros2_ws/install/local_setup.ps1'
[32.036s] INFO:colcon.colcon_core.shell:Creating prefix util module '/home/vdtune/ros2_ws/install/_local_setup_util_ps1.py'
[32.038s] INFO:colcon.colcon_core.shell:Creating prefix chain script '/home/vdtune/ros2_ws/install/setup.ps1'
[32.040s] INFO:colcon.colcon_core.shell:Creating prefix script '/home/vdtune/ros2_ws/install/local_setup.sh'
[32.040s] INFO:colcon.colcon_core.shell:Creating prefix util module '/home/vdtune/ros2_ws/install/_local_setup_util_sh.py'
[32.041s] INFO:colcon.colcon_core.shell:Creating prefix chain script '/home/vdtune/ros2_ws/install/setup.sh'
[32.045s] INFO:colcon.colcon_core.shell:Creating prefix script '/home/vdtune/ros2_ws/install/local_setup.bash'
[32.046s] INFO:colcon.colcon_core.shell:Creating prefix chain script '/home/vdtune/ros2_ws/install/setup.bash'
[32.048s] INFO:colcon.colcon_core.shell:Creating prefix script '/home/vdtune/ros2_ws/install/local_setup.zsh'
[32.048s] INFO:colcon.colcon_core.shell:Creating prefix chain script '/home/vdtune/ros2_ws/install/setup.zsh'
