[0.010s] Invoking command in '/home/vdtune/ros2_ws/build/my_bot': AMENT_PREFIX_PATH=/home/vdtune/ros2_ws/install/velodyne_description:${AMENT_PREFIX_PATH} CMAKE_PREFIX_PATH=/home/vdtune/ros2_ws/install/velodyne_description:/opt/ros/humble /usr/bin/cmake --build /home/vdtune/ros2_ws/build/my_bot -- -j8 -l8
[0.067s] Invoked command in '/home/vdtune/ros2_ws/build/my_bot' returned '0': AMENT_PREFIX_PATH=/home/vdtune/ros2_ws/install/velodyne_description:${AMENT_PREFIX_PATH} CMAKE_PREFIX_PATH=/home/vdtune/ros2_ws/install/velodyne_description:/opt/ros/humble /usr/bin/cmake --build /home/vdtune/ros2_ws/build/my_bot -- -j8 -l8
[0.078s] Invoking command in '/home/vdtune/ros2_ws/build/my_bot': AMENT_PREFIX_PATH=/home/vdtune/ros2_ws/install/velodyne_description:${AMENT_PREFIX_PATH} CMAKE_PREFIX_PATH=/home/vdtune/ros2_ws/install/velodyne_description:/opt/ros/humble /usr/bin/cmake --install /home/vdtune/ros2_ws/build/my_bot
[0.088s] -- Install configuration: ""
[0.088s] -- Up-to-date: /home/vdtune/ros2_ws/install/my_bot/share/my_bot/config
[0.089s] -- Up-to-date: /home/vdtune/ros2_ws/install/my_bot/share/my_bot/config/empty.yaml
[0.089s] -- Up-to-date: /home/vdtune/ros2_ws/install/my_bot/share/my_bot/description
[0.089s] -- Up-to-date: /home/vdtune/ros2_ws/install/my_bot/share/my_bot/description/gazebo_control.xacro
[0.089s] -- Up-to-date: /home/vdtune/ros2_ws/install/my_bot/share/my_bot/description/robot_core.xacro.save
[0.089s] -- Up-to-date: /home/vdtune/ros2_ws/install/my_bot/share/my_bot/description/robot_core.xacro
[0.089s] -- Up-to-date: /home/vdtune/ros2_ws/install/my_bot/share/my_bot/description/robot.urdf
[0.089s] -- Up-to-date: /home/vdtune/ros2_ws/install/my_bot/share/my_bot/description/robot.urdf.xacro
[0.089s] -- Up-to-date: /home/vdtune/ros2_ws/install/my_bot/share/my_bot/description/inertial_macros.xacro
[0.089s] -- Up-to-date: /home/vdtune/ros2_ws/install/my_bot/share/my_bot/launch
[0.089s] -- Up-to-date: /home/vdtune/ros2_ws/install/my_bot/share/my_bot/launch/rsp.launch.py
[0.089s] -- Up-to-date: /home/vdtune/ros2_ws/install/my_bot/share/my_bot/launch/launch_sim.launch.py
[0.089s] -- Up-to-date: /home/vdtune/ros2_ws/install/my_bot/share/my_bot/worlds
[0.089s] -- Up-to-date: /home/vdtune/ros2_ws/install/my_bot/share/my_bot/worlds/empty.world
[0.090s] -- Up-to-date: /home/vdtune/ros2_ws/install/my_bot/share/my_bot/worlds/obstacles.world
[0.090s] -- Up-to-date: /home/vdtune/ros2_ws/install/my_bot/share/my_bot/rviz
[0.090s] -- Up-to-date: /home/vdtune/ros2_ws/install/my_bot/share/my_bot/rviz/my_bot.rviz
[0.090s] -- Up-to-date: /home/vdtune/ros2_ws/install/my_bot/share/ament_index/resource_index/package_run_dependencies/my_bot
[0.090s] -- Up-to-date: /home/vdtune/ros2_ws/install/my_bot/share/ament_index/resource_index/parent_prefix_path/my_bot
[0.090s] -- Up-to-date: /home/vdtune/ros2_ws/install/my_bot/share/my_bot/environment/ament_prefix_path.sh
[0.090s] -- Up-to-date: /home/vdtune/ros2_ws/install/my_bot/share/my_bot/environment/ament_prefix_path.dsv
[0.090s] -- Up-to-date: /home/vdtune/ros2_ws/install/my_bot/share/my_bot/environment/path.sh
[0.090s] -- Up-to-date: /home/vdtune/ros2_ws/install/my_bot/share/my_bot/environment/path.dsv
[0.091s] -- Up-to-date: /home/vdtune/ros2_ws/install/my_bot/share/my_bot/local_setup.bash
[0.091s] -- Up-to-date: /home/vdtune/ros2_ws/install/my_bot/share/my_bot/local_setup.sh
[0.091s] -- Up-to-date: /home/vdtune/ros2_ws/install/my_bot/share/my_bot/local_setup.zsh
[0.091s] -- Up-to-date: /home/vdtune/ros2_ws/install/my_bot/share/my_bot/local_setup.dsv
[0.091s] -- Up-to-date: /home/vdtune/ros2_ws/install/my_bot/share/my_bot/package.dsv
[0.091s] -- Up-to-date: /home/vdtune/ros2_ws/install/my_bot/share/ament_index/resource_index/packages/my_bot
[0.091s] -- Up-to-date: /home/vdtune/ros2_ws/install/my_bot/share/my_bot/cmake/my_botConfig.cmake
[0.091s] -- Up-to-date: /home/vdtune/ros2_ws/install/my_bot/share/my_bot/cmake/my_botConfig-version.cmake
[0.091s] -- Up-to-date: /home/vdtune/ros2_ws/install/my_bot/share/my_bot/package.xml
[0.094s] Invoked command in '/home/vdtune/ros2_ws/build/my_bot' returned '0': AMENT_PREFIX_PATH=/home/vdtune/ros2_ws/install/velodyne_description:${AMENT_PREFIX_PATH} CMAKE_PREFIX_PATH=/home/vdtune/ros2_ws/install/velodyne_description:/opt/ros/humble /usr/bin/cmake --install /home/vdtune/ros2_ws/build/my_bot
