[0.027s] Invoking command in '/home/vdtune/ros2_ws/build/velodyne_gazebo_plugins': CMAKE_PREFIX_PATH=/opt/ros/humble /usr/bin/cmake /home/vdtune/ros2_ws/src/velodyne_simulator/velodyne_gazebo_plugins -DAMENT_CMAKE_SYMLINK_INSTALL=1 -DCMAKE_INSTALL_PREFIX=/home/vdtune/ros2_ws/install/velodyne_gazebo_plugins
[0.320s] -- The C compiler identification is GNU 11.4.0
[0.515s] -- The CXX compiler identification is GNU 11.4.0
[0.536s] -- Detecting C compiler ABI info
[0.628s] -- Detecting C compiler ABI info - done
[0.636s] -- Check for working C compiler: /usr/bin/cc - skipped
[0.636s] -- Detecting C compile features
[0.638s] -- Detecting C compile features - done
[0.642s] -- Detecting CXX compiler ABI info
[0.791s] -- Detecting CXX compiler ABI info - done
[0.801s] -- Check for working CXX compiler: /usr/bin/c++ - skipped
[0.801s] -- Detecting CXX compile features
[0.801s] -- Detecting CXX compile features - done
[0.829s] -- Found ament_cmake: 1.3.12 (/opt/ros/humble/share/ament_cmake/cmake)
[1.038s] -- Found Python3: /usr/bin/python3 (found version "3.10.12") found components: Interpreter 
[1.179s] -- Override CMake install command with custom implementation using symlinks instead of copying resources
[1.262s] -- Found gazebo_dev: 3.9.0 (/opt/ros/humble/share/gazebo_dev/cmake)
[1.290s] -- Found PkgConfig: /usr/bin/pkg-config (found version "0.29.2") 
[1.293s] -- Checking for module 'bullet>=2.82'
[1.310s] --   Found bullet, version 3.05
[1.465s] -- Found fcl: /usr/include (found suitable version "0.7.0", minimum required is "0.5.0") 
[1.522s] -- Found assimp: /usr/include (found version "5.2.0") 
[1.569s] -- Found DART: /usr/include (Required is at least version "6.6") found components: dart 
[1.867s] -- Found Boost: /usr/lib/x86_64-linux-gnu/cmake/Boost-1.74.0/BoostConfig.cmake (found suitable version "1.74.0", minimum required is "1.40.0") found components: thread system filesystem program_options regex iostreams date_time 
[1.888s] -- Found Protobuf: /usr/lib/x86_64-linux-gnu/libprotobuf.so (found version "3.12.4") 
[1.894s] -- Looking for ignition-math6 -- found version 6.15.1
[1.901s] -- Searching for dependencies of ignition-math6
[1.906s] -- Looking for OGRE...
[1.906s] -- OGRE_PREFIX_WATCH changed.
[1.908s] -- Checking for module 'OGRE'
[1.917s] --   Found OGRE, version 1.9.0
[1.966s] -- Found Ogre Ghadamon (1.9.0)
[1.973s] -- Found OGRE: optimized;/usr/lib/x86_64-linux-gnu/libOgreMain.so;debug;/usr/lib/x86_64-linux-gnu/libOgreMain.so
[1.982s] -- Looking for OGRE_Paging...
[1.987s] -- Found OGRE_Paging: optimized;/usr/lib/x86_64-linux-gnu/libOgrePaging.so;debug;/usr/lib/x86_64-linux-gnu/libOgrePaging.so
[1.987s] -- Looking for OGRE_Terrain...
[1.992s] -- Found OGRE_Terrain: optimized;/usr/lib/x86_64-linux-gnu/libOgreTerrain.so;debug;/usr/lib/x86_64-linux-gnu/libOgreTerrain.so
[1.992s] -- Looking for OGRE_Property...
[1.997s] -- Found OGRE_Property: optimized;/usr/lib/x86_64-linux-gnu/libOgreProperty.so;debug;/usr/lib/x86_64-linux-gnu/libOgreProperty.so
[1.997s] -- Looking for OGRE_RTShaderSystem...
[2.001s] -- Found OGRE_RTShaderSystem: optimized;/usr/lib/x86_64-linux-gnu/libOgreRTShaderSystem.so;debug;/usr/lib/x86_64-linux-gnu/libOgreRTShaderSystem.so
[2.001s] -- Looking for OGRE_Volume...
[2.006s] -- Found OGRE_Volume: optimized;/usr/lib/x86_64-linux-gnu/libOgreVolume.so;debug;/usr/lib/x86_64-linux-gnu/libOgreVolume.so
[2.006s] -- Looking for OGRE_Overlay...
[2.011s] -- Found OGRE_Overlay: optimized;/usr/lib/x86_64-linux-gnu/libOgreOverlay.so;debug;/usr/lib/x86_64-linux-gnu/libOgreOverlay.so
[2.095s] -- Looking for ignition-math6 -- found version 6.15.1
[2.100s] -- Looking for ignition-transport8 -- found version 8.2.1
[2.101s] -- Searching for dependencies of ignition-transport8
[2.112s] -- Found Protobuf: /usr/lib/x86_64-linux-gnu/libprotobuf.so (found suitable version "3.12.4", minimum required is "3") 
[2.122s] -- Config-file not installed for ZeroMQ -- checking for pkg-config
[2.127s] -- Checking for module 'libzmq >= 4'
[2.143s] --   Found libzmq , version 4.3.4
[2.187s] -- Found ZeroMQ: TRUE (Required is at least version "4") 
[2.198s] -- Checking for module 'uuid'
[2.209s] --   Found uuid, version 2.37.2
[2.228s] -- Found UUID: TRUE  
[2.232s] -- Looking for ignition-msgs5 -- found version 5.8.1
[2.232s] -- Searching for dependencies of ignition-msgs5
[2.244s] -- Looking for ignition-math6 -- found version 6.15.1
[2.251s] -- Checking for module 'tinyxml2'
[2.274s] --   Found tinyxml2, version 9.0.0
[2.318s] -- Looking for ignition-msgs5 -- found version 5.8.1
[2.320s] -- Looking for ignition-common3 -- found version 3.14.0
[2.320s] -- Searching for dependencies of ignition-common3
[2.320s] -- Looking for dlfcn.h - found
[2.322s] -- Looking for libdl - found
[2.323s] -- Found DL: TRUE  
[2.331s] -- Found tinyobjloader: /usr/lib/x86_64-linux-gnu/cmake/tinyobjloader/tinyobjloader-config.cmake (found version "2.0.0") 
[2.333s] -- Searching for <ignition-common3> component [graphics]
[2.335s] -- Looking for ignition-common3-graphics -- found version 3.14.0
[2.335s] -- Searching for dependencies of ignition-common3-graphics
[2.335s] -- Looking for ignition-math6 -- found version 6.15.1
[2.338s] -- Looking for ignition-fuel_tools4 -- found version 4.4.0
[2.338s] -- Searching for dependencies of ignition-fuel_tools4
[2.412s] -- Found CURL: /usr/lib/x86_64-linux-gnu/libcurl.so (found version "7.81.0")  
[2.420s] -- Checking for module 'jsoncpp'
[2.428s] --   Found jsoncpp, version 1.9.5
[2.448s] -- Found JSONCPP: TRUE  
[2.454s] -- Checking for module 'libzip'
[2.461s] --   Found libzip, version 1.7.3
[2.489s] -- Found ZIP: TRUE  
[2.489s] -- Looking for ignition-common3 -- found version 3.14.0
[2.489s] -- Looking for ignition-math6 -- found version 6.15.1
[2.490s] -- Looking for ignition-msgs5 -- found version 5.8.1
[2.494s] -- Gazebo version: 11.10
[2.494s] -- Checking for module 'tbb'
[2.502s] --   Found tbb, version 2021.5.0
[2.537s] -- Found gazebo_ros: 3.9.0 (/opt/ros/humble/share/gazebo_ros/cmake)
[2.603s] -- Found rosidl_generator_c: 3.1.7 (/opt/ros/humble/share/rosidl_generator_c/cmake)
[2.608s] -- Found rosidl_adapter: 3.1.7 (/opt/ros/humble/share/rosidl_adapter/cmake)
[2.618s] -- Found rosidl_generator_cpp: 3.1.7 (/opt/ros/humble/share/rosidl_generator_cpp/cmake)
[2.635s] -- Using all available rosidl_typesupport_c: rosidl_typesupport_fastrtps_c;rosidl_typesupport_introspection_c
[2.653s] -- Using all available rosidl_typesupport_cpp: rosidl_typesupport_fastrtps_cpp;rosidl_typesupport_introspection_cpp
[2.700s] -- Found rmw_implementation_cmake: 6.1.2 (/opt/ros/humble/share/rmw_implementation_cmake/cmake)
[2.703s] -- Found rmw_fastrtps_cpp: 6.2.8 (/opt/ros/humble/share/rmw_fastrtps_cpp/cmake)
[2.804s] -- Found OpenSSL: /usr/lib/x86_64-linux-gnu/libcrypto.so (found version "3.0.2")  
[2.825s] -- Found FastRTPS: /opt/ros/humble/include  
[2.868s] -- Using RMW implementation 'rmw_fastrtps_cpp' as default
[2.878s] -- Found Threads: TRUE  
[2.940s] -- Found gazebo_msgs: 3.9.0 (/opt/ros/humble/share/gazebo_msgs/cmake)
[3.007s] -- Found sensor_msgs: 4.9.0 (/opt/ros/humble/share/sensor_msgs/cmake)
[3.095s] -- Configuring done
[3.154s] -- Generating done
[3.157s] -- Build files have been written to: /home/vdtune/ros2_ws/build/velodyne_gazebo_plugins
[3.168s] Invoked command in '/home/vdtune/ros2_ws/build/velodyne_gazebo_plugins' returned '0': CMAKE_PREFIX_PATH=/opt/ros/humble /usr/bin/cmake /home/vdtune/ros2_ws/src/velodyne_simulator/velodyne_gazebo_plugins -DAMENT_CMAKE_SYMLINK_INSTALL=1 -DCMAKE_INSTALL_PREFIX=/home/vdtune/ros2_ws/install/velodyne_gazebo_plugins
[3.169s] Invoking command in '/home/vdtune/ros2_ws/build/velodyne_gazebo_plugins': CMAKE_PREFIX_PATH=/opt/ros/humble /usr/bin/cmake --build /home/vdtune/ros2_ws/build/velodyne_gazebo_plugins -- -j8 -l8
[3.235s] [ 50%] [32mBuilding CXX object CMakeFiles/gazebo_ros_velodyne_laser.dir/src/GazeboRosVelodyneLaser.cpp.o[0m
[29.123s] [100%] [32m[1mLinking CXX shared library libgazebo_ros_velodyne_laser.so[0m
[29.818s] [100%] Built target gazebo_ros_velodyne_laser
[29.834s] Invoked command in '/home/vdtune/ros2_ws/build/velodyne_gazebo_plugins' returned '0': CMAKE_PREFIX_PATH=/opt/ros/humble /usr/bin/cmake --build /home/vdtune/ros2_ws/build/velodyne_gazebo_plugins -- -j8 -l8
[29.835s] Invoking command in '/home/vdtune/ros2_ws/build/velodyne_gazebo_plugins': CMAKE_PREFIX_PATH=/opt/ros/humble /usr/bin/cmake --install /home/vdtune/ros2_ws/build/velodyne_gazebo_plugins
[29.846s] -- Install configuration: ""
[29.846s] -- Execute custom install script
[29.846s] -- Symlinking: /home/vdtune/ros2_ws/install/velodyne_gazebo_plugins/lib/libgazebo_ros_velodyne_laser.so
[29.857s] -- Symlinking: /home/vdtune/ros2_ws/install/velodyne_gazebo_plugins/include/velodyne_gazebo_plugins/GazeboRosVelodyneLaser.hpp
[29.867s] -- Symlinking: /home/vdtune/ros2_ws/install/velodyne_gazebo_plugins/share/velodyne_gazebo_plugins/environment/library_path.sh
[29.878s] -- Symlinking: /home/vdtune/ros2_ws/install/velodyne_gazebo_plugins/share/velodyne_gazebo_plugins/environment/library_path.dsv
[29.887s] -- Symlinking: /home/vdtune/ros2_ws/install/velodyne_gazebo_plugins/share/ament_index/resource_index/package_run_dependencies/velodyne_gazebo_plugins
[29.896s] -- Symlinking: /home/vdtune/ros2_ws/install/velodyne_gazebo_plugins/share/ament_index/resource_index/parent_prefix_path/velodyne_gazebo_plugins
[29.905s] -- Symlinking: /home/vdtune/ros2_ws/install/velodyne_gazebo_plugins/share/velodyne_gazebo_plugins/environment/ament_prefix_path.sh
[29.915s] -- Symlinking: /home/vdtune/ros2_ws/install/velodyne_gazebo_plugins/share/velodyne_gazebo_plugins/environment/ament_prefix_path.dsv
[29.924s] -- Symlinking: /home/vdtune/ros2_ws/install/velodyne_gazebo_plugins/share/velodyne_gazebo_plugins/environment/path.sh
[29.934s] -- Symlinking: /home/vdtune/ros2_ws/install/velodyne_gazebo_plugins/share/velodyne_gazebo_plugins/environment/path.dsv
[29.943s] -- Symlinking: /home/vdtune/ros2_ws/install/velodyne_gazebo_plugins/share/velodyne_gazebo_plugins/local_setup.bash
[29.952s] -- Symlinking: /home/vdtune/ros2_ws/install/velodyne_gazebo_plugins/share/velodyne_gazebo_plugins/local_setup.sh
[29.961s] -- Symlinking: /home/vdtune/ros2_ws/install/velodyne_gazebo_plugins/share/velodyne_gazebo_plugins/local_setup.zsh
[29.971s] -- Symlinking: /home/vdtune/ros2_ws/install/velodyne_gazebo_plugins/share/velodyne_gazebo_plugins/local_setup.dsv
[29.979s] -- Symlinking: /home/vdtune/ros2_ws/install/velodyne_gazebo_plugins/share/velodyne_gazebo_plugins/package.dsv
[29.988s] -- Symlinking: /home/vdtune/ros2_ws/install/velodyne_gazebo_plugins/share/ament_index/resource_index/packages/velodyne_gazebo_plugins
[30.000s] -- Symlinking: /home/vdtune/ros2_ws/install/velodyne_gazebo_plugins/share/velodyne_gazebo_plugins/cmake/ament_cmake_export_include_directories-extras.cmake
[30.010s] -- Symlinking: /home/vdtune/ros2_ws/install/velodyne_gazebo_plugins/share/velodyne_gazebo_plugins/cmake/ament_cmake_export_libraries-extras.cmake
[30.021s] -- Symlinking: /home/vdtune/ros2_ws/install/velodyne_gazebo_plugins/share/velodyne_gazebo_plugins/cmake/ament_cmake_export_dependencies-extras.cmake
[30.039s] -- Symlinking: /home/vdtune/ros2_ws/install/velodyne_gazebo_plugins/share/velodyne_gazebo_plugins/cmake/velodyne_gazebo_pluginsConfig.cmake
[30.050s] -- Symlinking: /home/vdtune/ros2_ws/install/velodyne_gazebo_plugins/share/velodyne_gazebo_plugins/cmake/velodyne_gazebo_pluginsConfig-version.cmake
[30.060s] -- Symlinking: /home/vdtune/ros2_ws/install/velodyne_gazebo_plugins/share/velodyne_gazebo_plugins/package.xml
[30.075s] Invoked command in '/home/vdtune/ros2_ws/build/velodyne_gazebo_plugins' returned '0': CMAKE_PREFIX_PATH=/opt/ros/humble /usr/bin/cmake --install /home/vdtune/ros2_ws/build/velodyne_gazebo_plugins
