[0.013s] Invoking command in '/home/vdtune/ros2_ws/build/my_bot': AMENT_PREFIX_PATH=/home/vdtune/ros2_ws/install/velodyne_gazebo_plugins:${AMENT_PREFIX_PATH} CMAKE_PREFIX_PATH=/home/vdtune/ros2_ws/install/velodyne_gazebo_plugins:/home/vdtune/ros2_ws/install/velodyne_description:/home/vdtune/ros2_ws/install/my_bot:/home/vdtune/ros2_ws/install/my_avoidance:/opt/ros/humble LD_LIBRARY_PATH=/home/vdtune/ros2_ws/install/velodyne_gazebo_plugins/lib:${LD_LIBRARY_PATH} /usr/bin/cmake --build /home/vdtune/ros2_ws/build/my_bot -- -j8 -l8
[0.044s] -- Found ament_cmake: 1.3.12 (/opt/ros/humble/share/ament_cmake/cmake)
[0.164s] -- Found ament_lint_auto: 0.12.14 (/opt/ros/humble/share/ament_lint_auto/cmake)
[0.210s] -- Added test 'copyright' to check source files copyright and LICENSE
[0.211s] -- Added test 'flake8' to check Python code syntax and style conventions
[0.211s] -- Added test 'lint_cmake' to check CMake code style
[0.211s] -- Added test 'pep257' to check Python code against some of the docstring style conventions in PEP 257
[0.211s] -- Added test 'xmllint' to check XML markup files
[0.211s] -- Configuring done
[0.214s] -- Generating done
[0.217s] -- Build files have been written to: /home/vdtune/ros2_ws/build/my_bot
[0.240s] Invoked command in '/home/vdtune/ros2_ws/build/my_bot' returned '0': AMENT_PREFIX_PATH=/home/vdtune/ros2_ws/install/velodyne_gazebo_plugins:${AMENT_PREFIX_PATH} CMAKE_PREFIX_PATH=/home/vdtune/ros2_ws/install/velodyne_gazebo_plugins:/home/vdtune/ros2_ws/install/velodyne_description:/home/vdtune/ros2_ws/install/my_bot:/home/vdtune/ros2_ws/install/my_avoidance:/opt/ros/humble LD_LIBRARY_PATH=/home/vdtune/ros2_ws/install/velodyne_gazebo_plugins/lib:${LD_LIBRARY_PATH} /usr/bin/cmake --build /home/vdtune/ros2_ws/build/my_bot -- -j8 -l8
[0.242s] Invoking command in '/home/vdtune/ros2_ws/build/my_bot': AMENT_PREFIX_PATH=/home/vdtune/ros2_ws/install/velodyne_gazebo_plugins:${AMENT_PREFIX_PATH} CMAKE_PREFIX_PATH=/home/vdtune/ros2_ws/install/velodyne_gazebo_plugins:/home/vdtune/ros2_ws/install/velodyne_description:/home/vdtune/ros2_ws/install/my_bot:/home/vdtune/ros2_ws/install/my_avoidance:/opt/ros/humble LD_LIBRARY_PATH=/home/vdtune/ros2_ws/install/velodyne_gazebo_plugins/lib:${LD_LIBRARY_PATH} /usr/bin/cmake --install /home/vdtune/ros2_ws/build/my_bot
[0.253s] -- Install configuration: ""
[0.254s] -- Up-to-date: /home/vdtune/ros2_ws/install/my_bot/share/my_bot/config
[0.254s] -- Up-to-date: /home/vdtune/ros2_ws/install/my_bot/share/my_bot/config/empty.yaml
[0.254s] -- Up-to-date: /home/vdtune/ros2_ws/install/my_bot/share/my_bot/description
[0.254s] -- Up-to-date: /home/vdtune/ros2_ws/install/my_bot/share/my_bot/description/gazebo_control.xacro
[0.254s] -- Up-to-date: /home/vdtune/ros2_ws/install/my_bot/share/my_bot/description/robot_core.xacro.save
[0.254s] -- Up-to-date: /home/vdtune/ros2_ws/install/my_bot/share/my_bot/description/robot_core.xacro
[0.254s] -- Up-to-date: /home/vdtune/ros2_ws/install/my_bot/share/my_bot/description/robot.urdf
[0.254s] -- Up-to-date: /home/vdtune/ros2_ws/install/my_bot/share/my_bot/description/robot.urdf.xacro
[0.254s] -- Up-to-date: /home/vdtune/ros2_ws/install/my_bot/share/my_bot/description/inertial_macros.xacro
[0.254s] -- Up-to-date: /home/vdtune/ros2_ws/install/my_bot/share/my_bot/launch
[0.254s] -- Up-to-date: /home/vdtune/ros2_ws/install/my_bot/share/my_bot/launch/rsp.launch.py
[0.255s] -- Up-to-date: /home/vdtune/ros2_ws/install/my_bot/share/my_bot/launch/launch_sim.launch.py
[0.255s] -- Up-to-date: /home/vdtune/ros2_ws/install/my_bot/share/my_bot/worlds
[0.255s] -- Up-to-date: /home/vdtune/ros2_ws/install/my_bot/share/my_bot/worlds/empty.world
[0.255s] -- Up-to-date: /home/vdtune/ros2_ws/install/my_bot/share/my_bot/worlds/obstacles.world
[0.255s] -- Up-to-date: /home/vdtune/ros2_ws/install/my_bot/share/my_bot/rviz
[0.256s] -- Up-to-date: /home/vdtune/ros2_ws/install/my_bot/share/my_bot/rviz/my_bot.rviz
[0.256s] -- Installing: /home/vdtune/ros2_ws/install/my_bot/share/ament_index/resource_index/package_run_dependencies/my_bot
[0.256s] -- Installing: /home/vdtune/ros2_ws/install/my_bot/share/ament_index/resource_index/parent_prefix_path/my_bot
[0.256s] -- Up-to-date: /home/vdtune/ros2_ws/install/my_bot/share/my_bot/environment/ament_prefix_path.sh
[0.256s] -- Installing: /home/vdtune/ros2_ws/install/my_bot/share/my_bot/environment/ament_prefix_path.dsv
[0.256s] -- Up-to-date: /home/vdtune/ros2_ws/install/my_bot/share/my_bot/environment/path.sh
[0.256s] -- Installing: /home/vdtune/ros2_ws/install/my_bot/share/my_bot/environment/path.dsv
[0.256s] -- Up-to-date: /home/vdtune/ros2_ws/install/my_bot/share/my_bot/local_setup.bash
[0.257s] -- Up-to-date: /home/vdtune/ros2_ws/install/my_bot/share/my_bot/local_setup.sh
[0.257s] -- Up-to-date: /home/vdtune/ros2_ws/install/my_bot/share/my_bot/local_setup.zsh
[0.257s] -- Installing: /home/vdtune/ros2_ws/install/my_bot/share/my_bot/local_setup.dsv
[0.257s] -- Installing: /home/vdtune/ros2_ws/install/my_bot/share/my_bot/package.dsv
[0.258s] -- Up-to-date: /home/vdtune/ros2_ws/install/my_bot/share/ament_index/resource_index/packages/my_bot
[0.258s] -- Up-to-date: /home/vdtune/ros2_ws/install/my_bot/share/my_bot/cmake/my_botConfig.cmake
[0.258s] -- Up-to-date: /home/vdtune/ros2_ws/install/my_bot/share/my_bot/cmake/my_botConfig-version.cmake
[0.259s] -- Installing: /home/vdtune/ros2_ws/install/my_bot/share/my_bot/package.xml
[0.261s] Invoked command in '/home/vdtune/ros2_ws/build/my_bot' returned '0': AMENT_PREFIX_PATH=/home/vdtune/ros2_ws/install/velodyne_gazebo_plugins:${AMENT_PREFIX_PATH} CMAKE_PREFIX_PATH=/home/vdtune/ros2_ws/install/velodyne_gazebo_plugins:/home/vdtune/ros2_ws/install/velodyne_description:/home/vdtune/ros2_ws/install/my_bot:/home/vdtune/ros2_ws/install/my_avoidance:/opt/ros/humble LD_LIBRARY_PATH=/home/vdtune/ros2_ws/install/velodyne_gazebo_plugins/lib:${LD_LIBRARY_PATH} /usr/bin/cmake --install /home/vdtune/ros2_ws/build/my_bot
