[0.854s] Invoking command in '/home/vdtune/ros2_ws/my_avoidance': PYTHONPATH=/home/vdtune/ros2_ws/build/my_avoidance/prefix_override:/usr/lib/python3/dist-packages/colcon_core/task/python/colcon_distutils_commands:/home/vdtune/ros2_ws/install/my_avoidance/lib/python3.10/site-packages:${PYTHONPATH} /usr/bin/python3 -W ignore:setup.py install is deprecated -W ignore:easy_install command is deprecated setup.py egg_info --egg-base ../build/my_avoidance build --build-base /home/vdtune/ros2_ws/build/my_avoidance/build install --record /home/vdtune/ros2_ws/build/my_avoidance/install.log --single-version-externally-managed install_data
[1.204s] running egg_info
[1.204s] creating ../build/my_avoidance/my_avoidance.egg-info
[1.204s] writing ../build/my_avoidance/my_avoidance.egg-info/PKG-INFO
[1.204s] writing dependency_links to ../build/my_avoidance/my_avoidance.egg-info/dependency_links.txt
[1.204s] writing entry points to ../build/my_avoidance/my_avoidance.egg-info/entry_points.txt
[1.204s] writing requirements to ../build/my_avoidance/my_avoidance.egg-info/requires.txt
[1.204s] writing top-level names to ../build/my_avoidance/my_avoidance.egg-info/top_level.txt
[1.204s] writing manifest file '../build/my_avoidance/my_avoidance.egg-info/SOURCES.txt'
[1.205s] reading manifest file '../build/my_avoidance/my_avoidance.egg-info/SOURCES.txt'
[1.206s] writing manifest file '../build/my_avoidance/my_avoidance.egg-info/SOURCES.txt'
[1.206s] running build
[1.207s] running build_py
[1.207s] creating /home/vdtune/ros2_ws/build/my_avoidance/build
[1.207s] creating /home/vdtune/ros2_ws/build/my_avoidance/build/lib
[1.207s] creating /home/vdtune/ros2_ws/build/my_avoidance/build/lib/my_avoidance
[1.207s] copying my_avoidance/__init__.py -> /home/vdtune/ros2_ws/build/my_avoidance/build/lib/my_avoidance
[1.207s] running install
[1.208s] running install_lib
[1.208s] creating /home/vdtune/ros2_ws/install/my_avoidance/lib/python3.10/site-packages/my_avoidance
[1.208s] copying /home/vdtune/ros2_ws/build/my_avoidance/build/lib/my_avoidance/__init__.py -> /home/vdtune/ros2_ws/install/my_avoidance/lib/python3.10/site-packages/my_avoidance
[1.209s] byte-compiling /home/vdtune/ros2_ws/install/my_avoidance/lib/python3.10/site-packages/my_avoidance/__init__.py to __init__.cpython-310.pyc
[1.209s] running install_data
[1.209s] creating /home/vdtune/ros2_ws/install/my_avoidance/share/ament_index
[1.209s] creating /home/vdtune/ros2_ws/install/my_avoidance/share/ament_index/resource_index
[1.210s] creating /home/vdtune/ros2_ws/install/my_avoidance/share/ament_index/resource_index/packages
[1.210s] copying resource/my_avoidance -> /home/vdtune/ros2_ws/install/my_avoidance/share/ament_index/resource_index/packages
[1.210s] copying package.xml -> /home/vdtune/ros2_ws/install/my_avoidance/share/my_avoidance
[1.210s] running install_egg_info
[1.212s] Copying ../build/my_avoidance/my_avoidance.egg-info to /home/vdtune/ros2_ws/install/my_avoidance/lib/python3.10/site-packages/my_avoidance-0.0.0-py3.10.egg-info
[1.212s] running install_scripts
[1.226s] writing list of installed files to '/home/vdtune/ros2_ws/build/my_avoidance/install.log'
[1.259s] Invoked command in '/home/vdtune/ros2_ws/my_avoidance' returned '0': PYTHONPATH=/home/vdtune/ros2_ws/build/my_avoidance/prefix_override:/usr/lib/python3/dist-packages/colcon_core/task/python/colcon_distutils_commands:/home/vdtune/ros2_ws/install/my_avoidance/lib/python3.10/site-packages:${PYTHONPATH} /usr/bin/python3 -W ignore:setup.py install is deprecated -W ignore:easy_install command is deprecated setup.py egg_info --egg-base ../build/my_avoidance build --build-base /home/vdtune/ros2_ws/build/my_avoidance/build install --record /home/vdtune/ros2_ws/build/my_avoidance/install.log --single-version-externally-managed install_data
