[1.021s] Invoking command in '/home/vdtune/ros2_ws/src/my_avoidance': PYTHONPATH=/home/vdtune/ros2_ws/build/my_avoidance/prefix_override:/usr/lib/python3/dist-packages/colcon_core/task/python/colcon_distutils_commands:/home/vdtune/ros2_ws/install/my_avoidance/lib/python3.10/site-packages:${PYTHONPATH} /usr/bin/python3 -W ignore:setup.py install is deprecated -W ignore:easy_install command is deprecated setup.py egg_info --egg-base ../../build/my_avoidance build --build-base /home/vdtune/ros2_ws/build/my_avoidance/build install --record /home/vdtune/ros2_ws/build/my_avoidance/install.log --single-version-externally-managed install_data
[1.373s] running egg_info
[1.373s] writing ../../build/my_avoidance/my_avoidance.egg-info/PKG-INFO
[1.374s] writing dependency_links to ../../build/my_avoidance/my_avoidance.egg-info/dependency_links.txt
[1.375s] writing entry points to ../../build/my_avoidance/my_avoidance.egg-info/entry_points.txt
[1.375s] writing requirements to ../../build/my_avoidance/my_avoidance.egg-info/requires.txt
[1.375s] writing top-level names to ../../build/my_avoidance/my_avoidance.egg-info/top_level.txt
[1.378s] reading manifest file '../../build/my_avoidance/my_avoidance.egg-info/SOURCES.txt'
[1.380s] writing manifest file '../../build/my_avoidance/my_avoidance.egg-info/SOURCES.txt'
[1.380s] running build
[1.380s] running build_py
[1.381s] running install
[1.382s] running install_lib
[1.383s] running install_data
[1.384s] running install_egg_info
[1.386s] removing '/home/vdtune/ros2_ws/install/my_avoidance/lib/python3.10/site-packages/my_avoidance-0.0.0-py3.10.egg-info' (and everything under it)
[1.386s] Copying ../../build/my_avoidance/my_avoidance.egg-info to /home/vdtune/ros2_ws/install/my_avoidance/lib/python3.10/site-packages/my_avoidance-0.0.0-py3.10.egg-info
[1.387s] running install_scripts
[1.415s] Installing avoid_obstacle script to /home/vdtune/ros2_ws/install/my_avoidance/bin
[1.416s] writing list of installed files to '/home/vdtune/ros2_ws/build/my_avoidance/install.log'
[1.441s] Invoked command in '/home/vdtune/ros2_ws/src/my_avoidance' returned '0': PYTHONPATH=/home/vdtune/ros2_ws/build/my_avoidance/prefix_override:/usr/lib/python3/dist-packages/colcon_core/task/python/colcon_distutils_commands:/home/vdtune/ros2_ws/install/my_avoidance/lib/python3.10/site-packages:${PYTHONPATH} /usr/bin/python3 -W ignore:setup.py install is deprecated -W ignore:easy_install command is deprecated setup.py egg_info --egg-base ../../build/my_avoidance build --build-base /home/vdtune/ros2_ws/build/my_avoidance/build install --record /home/vdtune/ros2_ws/build/my_avoidance/install.log --single-version-externally-managed install_data
