[0.782s] Invoking command in '/home/vdtune/ros2_ws/src/my_avoidance': PYTHONPATH=/home/vdtune/ros2_ws/build/my_avoidance/prefix_override:/usr/lib/python3/dist-packages/colcon_core/task/python/colcon_distutils_commands:/home/vdtune/ros2_ws/install/my_avoidance/lib/python3.10/site-packages:${PYTHONPATH} /usr/bin/python3 -W ignore:setup.py install is deprecated -W ignore:easy_install command is deprecated setup.py egg_info --egg-base ../../build/my_avoidance build --build-base /home/vdtune/ros2_ws/build/my_avoidance/build install --record /home/vdtune/ros2_ws/build/my_avoidance/install.log --single-version-externally-managed install_data
[1.052s] running egg_info
[1.052s] writing ../../build/my_avoidance/my_avoidance.egg-info/PKG-INFO
[1.052s] writing dependency_links to ../../build/my_avoidance/my_avoidance.egg-info/dependency_links.txt
[1.053s] writing entry points to ../../build/my_avoidance/my_avoidance.egg-info/entry_points.txt
[1.053s] writing requirements to ../../build/my_avoidance/my_avoidance.egg-info/requires.txt
[1.053s] writing top-level names to ../../build/my_avoidance/my_avoidance.egg-info/top_level.txt
[1.054s] reading manifest file '../../build/my_avoidance/my_avoidance.egg-info/SOURCES.txt'
[1.054s] writing manifest file '../../build/my_avoidance/my_avoidance.egg-info/SOURCES.txt'
[1.054s] running build
[1.054s] running build_py
[1.055s] running install
[1.055s] running install_lib
[1.056s] running install_data
[1.056s] running install_egg_info
[1.057s] removing '/home/vdtune/ros2_ws/install/my_avoidance/lib/python3.10/site-packages/my_avoidance-0.0.0-py3.10.egg-info' (and everything under it)
[1.057s] Copying ../../build/my_avoidance/my_avoidance.egg-info to /home/vdtune/ros2_ws/install/my_avoidance/lib/python3.10/site-packages/my_avoidance-0.0.0-py3.10.egg-info
[1.057s] running install_scripts
[1.071s] Installing avoid_obstacle script to /home/vdtune/ros2_ws/install/my_avoidance/bin
[1.071s] writing list of installed files to '/home/vdtune/ros2_ws/build/my_avoidance/install.log'
[1.095s] Invoked command in '/home/vdtune/ros2_ws/src/my_avoidance' returned '0': PYTHONPATH=/home/vdtune/ros2_ws/build/my_avoidance/prefix_override:/usr/lib/python3/dist-packages/colcon_core/task/python/colcon_distutils_commands:/home/vdtune/ros2_ws/install/my_avoidance/lib/python3.10/site-packages:${PYTHONPATH} /usr/bin/python3 -W ignore:setup.py install is deprecated -W ignore:easy_install command is deprecated setup.py egg_info --egg-base ../../build/my_avoidance build --build-base /home/vdtune/ros2_ws/build/my_avoidance/build install --record /home/vdtune/ros2_ws/build/my_avoidance/install.log --single-version-externally-managed install_data
