running egg_info
creating ../../build/my_avoidance/my_avoidance.egg-info
writing ../../build/my_avoidance/my_avoidance.egg-info/PKG-INFO
writing dependency_links to ../../build/my_avoidance/my_avoidance.egg-info/dependency_links.txt
writing entry points to ../../build/my_avoidance/my_avoidance.egg-info/entry_points.txt
writing requirements to ../../build/my_avoidance/my_avoidance.egg-info/requires.txt
writing top-level names to ../../build/my_avoidance/my_avoidance.egg-info/top_level.txt
writing manifest file '../../build/my_avoidance/my_avoidance.egg-info/SOURCES.txt'
reading manifest file '../../build/my_avoidance/my_avoidance.egg-info/SOURCES.txt'
writing manifest file '../../build/my_avoidance/my_avoidance.egg-info/SOURCES.txt'
running build
running build_py
creating /home/vdtune/ros2_ws/build/my_avoidance/build
creating /home/vdtune/ros2_ws/build/my_avoidance/build/lib
creating /home/vdtune/ros2_ws/build/my_avoidance/build/lib/my_avoidance
copying my_avoidance/__init__.py -> /home/vdtune/ros2_ws/build/my_avoidance/build/lib/my_avoidance
copying my_avoidance/avoid_obstacle.py -> /home/vdtune/ros2_ws/build/my_avoidance/build/lib/my_avoidance
running install
running install_lib
creating /home/vdtune/ros2_ws/install/my_avoidance/lib/python3.10/site-packages/my_avoidance
copying /home/vdtune/ros2_ws/build/my_avoidance/build/lib/my_avoidance/__init__.py -> /home/vdtune/ros2_ws/install/my_avoidance/lib/python3.10/site-packages/my_avoidance
copying /home/vdtune/ros2_ws/build/my_avoidance/build/lib/my_avoidance/avoid_obstacle.py -> /home/vdtune/ros2_ws/install/my_avoidance/lib/python3.10/site-packages/my_avoidance
byte-compiling /home/vdtune/ros2_ws/install/my_avoidance/lib/python3.10/site-packages/my_avoidance/__init__.py to __init__.cpython-310.pyc
byte-compiling /home/vdtune/ros2_ws/install/my_avoidance/lib/python3.10/site-packages/my_avoidance/avoid_obstacle.py to avoid_obstacle.cpython-310.pyc
running install_data
creating /home/vdtune/ros2_ws/install/my_avoidance/share/ament_index
creating /home/vdtune/ros2_ws/install/my_avoidance/share/ament_index/resource_index
creating /home/vdtune/ros2_ws/install/my_avoidance/share/ament_index/resource_index/packages
copying resource/my_avoidance -> /home/vdtune/ros2_ws/install/my_avoidance/share/ament_index/resource_index/packages
creating /home/vdtune/ros2_ws/install/my_avoidance/share/my_avoidance/launch
copying launch/my_avoidance.launch.py -> /home/vdtune/ros2_ws/install/my_avoidance/share/my_avoidance/launch
copying package.xml -> /home/vdtune/ros2_ws/install/my_avoidance/share/my_avoidance
running install_egg_info
Copying ../../build/my_avoidance/my_avoidance.egg-info to /home/vdtune/ros2_ws/install/my_avoidance/lib/python3.10/site-packages/my_avoidance-0.0.0-py3.10.egg-info
running install_scripts
Installing avoid_obstacle script to /home/vdtune/ros2_ws/install/my_avoidance/lib/my_avoidance
writing list of installed files to '/home/vdtune/ros2_ws/build/my_avoidance/install.log'
