[0.019s] Invoking command in '/home/vdtune/ros2_ws/build/velodyne_simulator': AMENT_PREFIX_PATH=/home/vdtune/ros2_ws/install/velodyne_gazebo_plugins:/home/vdtune/ros2_ws/install/velodyne_description:${AMENT_PREFIX_PATH} CMAKE_PREFIX_PATH=/home/vdtune/ros2_ws/install/velodyne_gazebo_plugins:/home/vdtune/ros2_ws/install/velodyne_description:/opt/ros/humble LD_LIBRARY_PATH=/home/vdtune/ros2_ws/install/velodyne_gazebo_plugins/lib:${LD_LIBRARY_PATH} /usr/bin/cmake /home/vdtune/ros2_ws/src/velodyne_simulator/velodyne_simulator -DAMENT_CMAKE_SYMLINK_INSTALL=1 -DCMAKE_INSTALL_PREFIX=/home/vdtune/ros2_ws/install/velodyne_simulator
[0.063s] -- The C compiler identification is GNU 11.4.0
[0.139s] -- The CXX compiler identification is GNU 11.4.0
[0.154s] -- Detecting C compiler ABI info
[0.240s] -- Detecting C compiler ABI info - done
[0.247s] -- Check for working C compiler: /usr/bin/cc - skipped
[0.259s] -- Detecting C compile features
[0.259s] -- Detecting C compile features - done
[0.261s] -- Detecting CXX compiler ABI info
[0.367s] -- Detecting CXX compiler ABI info - done
[0.403s] -- Check for working CXX compiler: /usr/bin/c++ - skipped
[0.403s] -- Detecting CXX compile features
[0.405s] -- Detecting CXX compile features - done
[0.409s] -- Found ament_cmake: 1.3.12 (/opt/ros/humble/share/ament_cmake/cmake)
[0.661s] -- Found Python3: /usr/bin/python3 (found version "3.10.12") found components: Interpreter 
[0.737s] -- Override CMake install command with custom implementation using symlinks instead of copying resources
[0.845s] -- Configuring done
[0.856s] -- Generating done
[0.856s] -- Build files have been written to: /home/vdtune/ros2_ws/build/velodyne_simulator
[0.860s] Invoked command in '/home/vdtune/ros2_ws/build/velodyne_simulator' returned '0': AMENT_PREFIX_PATH=/home/vdtune/ros2_ws/install/velodyne_gazebo_plugins:/home/vdtune/ros2_ws/install/velodyne_description:${AMENT_PREFIX_PATH} CMAKE_PREFIX_PATH=/home/vdtune/ros2_ws/install/velodyne_gazebo_plugins:/home/vdtune/ros2_ws/install/velodyne_description:/opt/ros/humble LD_LIBRARY_PATH=/home/vdtune/ros2_ws/install/velodyne_gazebo_plugins/lib:${LD_LIBRARY_PATH} /usr/bin/cmake /home/vdtune/ros2_ws/src/velodyne_simulator/velodyne_simulator -DAMENT_CMAKE_SYMLINK_INSTALL=1 -DCMAKE_INSTALL_PREFIX=/home/vdtune/ros2_ws/install/velodyne_simulator
[0.860s] Invoking command in '/home/vdtune/ros2_ws/build/velodyne_simulator': AMENT_PREFIX_PATH=/home/vdtune/ros2_ws/install/velodyne_gazebo_plugins:/home/vdtune/ros2_ws/install/velodyne_description:${AMENT_PREFIX_PATH} CMAKE_PREFIX_PATH=/home/vdtune/ros2_ws/install/velodyne_gazebo_plugins:/home/vdtune/ros2_ws/install/velodyne_description:/opt/ros/humble LD_LIBRARY_PATH=/home/vdtune/ros2_ws/install/velodyne_gazebo_plugins/lib:${LD_LIBRARY_PATH} /usr/bin/cmake --build /home/vdtune/ros2_ws/build/velodyne_simulator -- -j8 -l8
[0.913s] Invoked command in '/home/vdtune/ros2_ws/build/velodyne_simulator' returned '0': AMENT_PREFIX_PATH=/home/vdtune/ros2_ws/install/velodyne_gazebo_plugins:/home/vdtune/ros2_ws/install/velodyne_description:${AMENT_PREFIX_PATH} CMAKE_PREFIX_PATH=/home/vdtune/ros2_ws/install/velodyne_gazebo_plugins:/home/vdtune/ros2_ws/install/velodyne_description:/opt/ros/humble LD_LIBRARY_PATH=/home/vdtune/ros2_ws/install/velodyne_gazebo_plugins/lib:${LD_LIBRARY_PATH} /usr/bin/cmake --build /home/vdtune/ros2_ws/build/velodyne_simulator -- -j8 -l8
[0.913s] Invoking command in '/home/vdtune/ros2_ws/build/velodyne_simulator': AMENT_PREFIX_PATH=/home/vdtune/ros2_ws/install/velodyne_gazebo_plugins:/home/vdtune/ros2_ws/install/velodyne_description:${AMENT_PREFIX_PATH} CMAKE_PREFIX_PATH=/home/vdtune/ros2_ws/install/velodyne_gazebo_plugins:/home/vdtune/ros2_ws/install/velodyne_description:/opt/ros/humble LD_LIBRARY_PATH=/home/vdtune/ros2_ws/install/velodyne_gazebo_plugins/lib:${LD_LIBRARY_PATH} /usr/bin/cmake --install /home/vdtune/ros2_ws/build/velodyne_simulator
[0.918s] -- Install configuration: ""
[0.918s] -- Execute custom install script
[0.918s] -- Symlinking: /home/vdtune/ros2_ws/install/velodyne_simulator/share/ament_index/resource_index/package_run_dependencies/velodyne_simulator
[0.929s] -- Symlinking: /home/vdtune/ros2_ws/install/velodyne_simulator/share/ament_index/resource_index/parent_prefix_path/velodyne_simulator
[0.939s] -- Symlinking: /home/vdtune/ros2_ws/install/velodyne_simulator/share/velodyne_simulator/environment/ament_prefix_path.sh
[0.951s] -- Symlinking: /home/vdtune/ros2_ws/install/velodyne_simulator/share/velodyne_simulator/environment/ament_prefix_path.dsv
[0.961s] -- Symlinking: /home/vdtune/ros2_ws/install/velodyne_simulator/share/velodyne_simulator/environment/path.sh
[0.976s] -- Symlinking: /home/vdtune/ros2_ws/install/velodyne_simulator/share/velodyne_simulator/environment/path.dsv
[0.984s] -- Symlinking: /home/vdtune/ros2_ws/install/velodyne_simulator/share/velodyne_simulator/local_setup.bash
[0.996s] -- Symlinking: /home/vdtune/ros2_ws/install/velodyne_simulator/share/velodyne_simulator/local_setup.sh
[1.006s] -- Symlinking: /home/vdtune/ros2_ws/install/velodyne_simulator/share/velodyne_simulator/local_setup.zsh
[1.016s] -- Symlinking: /home/vdtune/ros2_ws/install/velodyne_simulator/share/velodyne_simulator/local_setup.dsv
[1.029s] -- Symlinking: /home/vdtune/ros2_ws/install/velodyne_simulator/share/velodyne_simulator/package.dsv
[1.038s] -- Symlinking: /home/vdtune/ros2_ws/install/velodyne_simulator/share/ament_index/resource_index/packages/velodyne_simulator
[1.051s] -- Symlinking: /home/vdtune/ros2_ws/install/velodyne_simulator/share/velodyne_simulator/cmake/velodyne_simulatorConfig.cmake
[1.057s] -- Symlinking: /home/vdtune/ros2_ws/install/velodyne_simulator/share/velodyne_simulator/cmake/velodyne_simulatorConfig-version.cmake
[1.063s] -- Symlinking: /home/vdtune/ros2_ws/install/velodyne_simulator/share/velodyne_simulator/package.xml
[1.069s] Invoked command in '/home/vdtune/ros2_ws/build/velodyne_simulator' returned '0': AMENT_PREFIX_PATH=/home/vdtune/ros2_ws/install/velodyne_gazebo_plugins:/home/vdtune/ros2_ws/install/velodyne_description:${AMENT_PREFIX_PATH} CMAKE_PREFIX_PATH=/home/vdtune/ros2_ws/install/velodyne_gazebo_plugins:/home/vdtune/ros2_ws/install/velodyne_description:/opt/ros/humble LD_LIBRARY_PATH=/home/vdtune/ros2_ws/install/velodyne_gazebo_plugins/lib:${LD_LIBRARY_PATH} /usr/bin/cmake --install /home/vdtune/ros2_ws/build/velodyne_simulator
