[0.745s] Invoking command in '/home/vdtune/ros2_ws/build/my_avoidance': PYTHONPATH=/home/vdtune/ros2_ws/build/my_avoidance/prefix_override:/usr/lib/python3/dist-packages/colcon_core/task/python/colcon_distutils_commands:/home/vdtune/ros2_ws/install/my_avoidance/lib/python3.10/site-packages:${PYTHONPATH} /usr/bin/python3 -W ignore:setup.py install is deprecated -W ignore:easy_install command is deprecated setup.py develop --uninstall --editable --build-directory /home/vdtune/ros2_ws/build/my_avoidance/build
[1.017s] running develop
[1.224s] Invoked command in '/home/vdtune/ros2_ws/build/my_avoidance' returned '0': PYTHONPATH=/home/vdtune/ros2_ws/build/my_avoidance/prefix_override:/usr/lib/python3/dist-packages/colcon_core/task/python/colcon_distutils_commands:/home/vdtune/ros2_ws/install/my_avoidance/lib/python3.10/site-packages:${PYTHONPATH} /usr/bin/python3 -W ignore:setup.py install is deprecated -W ignore:easy_install command is deprecated setup.py develop --uninstall --editable --build-directory /home/vdtune/ros2_ws/build/my_avoidance/build
[1.224s] Invoking command in '/home/vdtune/ros2_ws/src/my_avoidance': PYTHONPATH=/home/vdtune/ros2_ws/build/my_avoidance/prefix_override:/usr/lib/python3/dist-packages/colcon_core/task/python/colcon_distutils_commands:/home/vdtune/ros2_ws/install/my_avoidance/lib/python3.10/site-packages:${PYTHONPATH} /usr/bin/python3 -W ignore:setup.py install is deprecated -W ignore:easy_install command is deprecated setup.py egg_info --egg-base ../../build/my_avoidance build --build-base /home/vdtune/ros2_ws/build/my_avoidance/build install --record /home/vdtune/ros2_ws/build/my_avoidance/install.log --single-version-externally-managed install_data --force
[1.498s] running egg_info
[1.498s] writing ../../build/my_avoidance/my_avoidance.egg-info/PKG-INFO
[1.499s] writing dependency_links to ../../build/my_avoidance/my_avoidance.egg-info/dependency_links.txt
[1.499s] writing entry points to ../../build/my_avoidance/my_avoidance.egg-info/entry_points.txt
[1.500s] writing requirements to ../../build/my_avoidance/my_avoidance.egg-info/requires.txt
[1.500s] writing top-level names to ../../build/my_avoidance/my_avoidance.egg-info/top_level.txt
[1.503s] reading manifest file '../../build/my_avoidance/my_avoidance.egg-info/SOURCES.txt'
[1.503s] writing manifest file '../../build/my_avoidance/my_avoidance.egg-info/SOURCES.txt'
[1.503s] running build
[1.503s] running build_py
[1.503s] running install
[1.503s] running install_lib
[1.506s] running install_data
[1.506s] copying resource/my_avoidance -> /home/vdtune/ros2_ws/install/my_avoidance/share/ament_index/resource_index/packages
[1.506s] copying package.xml -> /home/vdtune/ros2_ws/install/my_avoidance/share/my_avoidance
[1.506s] copying launch/my_avoidance.launch.py -> /home/vdtune/ros2_ws/install/my_avoidance/share/my_avoidance/launch
[1.506s] running install_egg_info
[1.510s] removing '/home/vdtune/ros2_ws/install/my_avoidance/lib/python3.10/site-packages/my_avoidance-0.0.0-py3.10.egg-info' (and everything under it)
[1.510s] Copying ../../build/my_avoidance/my_avoidance.egg-info to /home/vdtune/ros2_ws/install/my_avoidance/lib/python3.10/site-packages/my_avoidance-0.0.0-py3.10.egg-info
[1.510s] running install_scripts
[1.530s] Installing avoid_obstacle script to /home/vdtune/ros2_ws/install/my_avoidance/bin
[1.530s] writing list of installed files to '/home/vdtune/ros2_ws/build/my_avoidance/install.log'
[1.557s] Invoked command in '/home/vdtune/ros2_ws/src/my_avoidance' returned '0': PYTHONPATH=/home/vdtune/ros2_ws/build/my_avoidance/prefix_override:/usr/lib/python3/dist-packages/colcon_core/task/python/colcon_distutils_commands:/home/vdtune/ros2_ws/install/my_avoidance/lib/python3.10/site-packages:${PYTHONPATH} /usr/bin/python3 -W ignore:setup.py install is deprecated -W ignore:easy_install command is deprecated setup.py egg_info --egg-base ../../build/my_avoidance build --build-base /home/vdtune/ros2_ws/build/my_avoidance/build install --record /home/vdtune/ros2_ws/build/my_avoidance/install.log --single-version-externally-managed install_data --force
