[0.034s] Invoking command in '/home/vdtune/ros2_ws/build/my_bot': CMAKE_PREFIX_PATH=/opt/ros/humble /usr/bin/cmake /home/vdtune/ros2_ws/src/mobile-3d-lidar-sim/my_bot -DAMENT_CMAKE_SYMLINK_INSTALL=1 -DCMAKE_INSTALL_PREFIX=/home/vdtune/ros2_ws/install/my_bot
[0.313s] -- The C compiler identification is GNU 11.4.0
[0.506s] -- The CXX compiler identification is GNU 11.4.0
[0.530s] -- Detecting C compiler ABI info
[0.620s] -- Detecting C compiler ABI info - done
[0.629s] -- Check for working C compiler: /usr/bin/cc - skipped
[0.629s] -- Detecting C compile features
[0.631s] -- Detecting C compile features - done
[0.634s] -- Detecting CXX compiler ABI info
[0.801s] -- Detecting CXX compiler ABI info - done
[0.817s] -- Check for working CXX compiler: /usr/bin/c++ - skipped
[0.818s] -- Detecting CXX compile features
[0.818s] -- Detecting CXX compile features - done
[0.820s] -- Found ament_cmake: 1.3.12 (/opt/ros/humble/share/ament_cmake/cmake)
[1.014s] -- Found Python3: /usr/bin/python3 (found version "3.10.12") found components: Interpreter 
[1.171s] -- Override CMake install command with custom implementation using symlinks instead of copying resources
[1.254s] -- Found ament_lint_auto: 0.12.14 (/opt/ros/humble/share/ament_lint_auto/cmake)
[1.441s] -- Added test 'copyright' to check source files copyright and LICENSE
[1.446s] -- Added test 'flake8' to check Python code syntax and style conventions
[1.448s] -- Added test 'lint_cmake' to check CMake code style
[1.448s] -- Added test 'pep257' to check Python code against some of the docstring style conventions in PEP 257
[1.450s] -- Added test 'xmllint' to check XML markup files
[1.454s] -- Configuring done
[1.457s] -- Generating done
[1.459s] -- Build files have been written to: /home/vdtune/ros2_ws/build/my_bot
[1.464s] Invoked command in '/home/vdtune/ros2_ws/build/my_bot' returned '0': CMAKE_PREFIX_PATH=/opt/ros/humble /usr/bin/cmake /home/vdtune/ros2_ws/src/mobile-3d-lidar-sim/my_bot -DAMENT_CMAKE_SYMLINK_INSTALL=1 -DCMAKE_INSTALL_PREFIX=/home/vdtune/ros2_ws/install/my_bot
[1.466s] Invoking command in '/home/vdtune/ros2_ws/build/my_bot': CMAKE_PREFIX_PATH=/opt/ros/humble /usr/bin/cmake --build /home/vdtune/ros2_ws/build/my_bot -- -j8 -l8
[1.505s] Invoked command in '/home/vdtune/ros2_ws/build/my_bot' returned '0': CMAKE_PREFIX_PATH=/opt/ros/humble /usr/bin/cmake --build /home/vdtune/ros2_ws/build/my_bot -- -j8 -l8
[1.507s] Invoking command in '/home/vdtune/ros2_ws/build/my_bot': CMAKE_PREFIX_PATH=/opt/ros/humble /usr/bin/cmake --install /home/vdtune/ros2_ws/build/my_bot
[1.515s] -- Install configuration: ""
[1.518s] -- Execute custom install script
[1.518s] -- Symlinking: /home/vdtune/ros2_ws/install/my_bot/share/my_bot/config/empty.yaml
[1.529s] -- Symlinking: /home/vdtune/ros2_ws/install/my_bot/share/my_bot/description/gazebo_control.xacro
[1.538s] -- Symlinking: /home/vdtune/ros2_ws/install/my_bot/share/my_bot/description/inertial_macros.xacro
[1.551s] -- Symlinking: /home/vdtune/ros2_ws/install/my_bot/share/my_bot/description/lidar.xacro
[1.561s] -- Symlinking: /home/vdtune/ros2_ws/install/my_bot/share/my_bot/description/robot.urdf.xacro
[1.572s] -- Symlinking: /home/vdtune/ros2_ws/install/my_bot/share/my_bot/description/robot_core.xacro
[1.581s] -- Symlinking: /home/vdtune/ros2_ws/install/my_bot/share/my_bot/launch/launch_sim.launch.py
[1.591s] -- Symlinking: /home/vdtune/ros2_ws/install/my_bot/share/my_bot/launch/rsp.launch.py
[1.601s] -- Symlinking: /home/vdtune/ros2_ws/install/my_bot/share/my_bot/worlds/empty.world
[1.611s] -- Symlinking: /home/vdtune/ros2_ws/install/my_bot/share/my_bot/worlds/obstacles.world
[1.621s] -- Symlinking: /home/vdtune/ros2_ws/install/my_bot/share/ament_index/resource_index/package_run_dependencies/my_bot
[1.632s] -- Symlinking: /home/vdtune/ros2_ws/install/my_bot/share/ament_index/resource_index/parent_prefix_path/my_bot
[1.646s] -- Symlinking: /home/vdtune/ros2_ws/install/my_bot/share/my_bot/environment/ament_prefix_path.sh
[1.654s] -- Symlinking: /home/vdtune/ros2_ws/install/my_bot/share/my_bot/environment/ament_prefix_path.dsv
[1.664s] -- Symlinking: /home/vdtune/ros2_ws/install/my_bot/share/my_bot/environment/path.sh
[1.674s] -- Symlinking: /home/vdtune/ros2_ws/install/my_bot/share/my_bot/environment/path.dsv
[1.683s] -- Symlinking: /home/vdtune/ros2_ws/install/my_bot/share/my_bot/local_setup.bash
[1.693s] -- Symlinking: /home/vdtune/ros2_ws/install/my_bot/share/my_bot/local_setup.sh
[1.704s] -- Symlinking: /home/vdtune/ros2_ws/install/my_bot/share/my_bot/local_setup.zsh
[1.716s] -- Symlinking: /home/vdtune/ros2_ws/install/my_bot/share/my_bot/local_setup.dsv
[1.726s] -- Symlinking: /home/vdtune/ros2_ws/install/my_bot/share/my_bot/package.dsv
[1.735s] -- Symlinking: /home/vdtune/ros2_ws/install/my_bot/share/ament_index/resource_index/packages/my_bot
[1.746s] -- Symlinking: /home/vdtune/ros2_ws/install/my_bot/share/my_bot/cmake/my_botConfig.cmake
[1.755s] -- Symlinking: /home/vdtune/ros2_ws/install/my_bot/share/my_bot/cmake/my_botConfig-version.cmake
[1.765s] -- Symlinking: /home/vdtune/ros2_ws/install/my_bot/share/my_bot/package.xml
[1.780s] Invoked command in '/home/vdtune/ros2_ws/build/my_bot' returned '0': CMAKE_PREFIX_PATH=/opt/ros/humble /usr/bin/cmake --install /home/vdtune/ros2_ws/build/my_bot
