[0.022s] Invoking command in '/home/vdtune/ros2_ws/build/my_bot': CMAKE_PREFIX_PATH=/opt/ros/humble /usr/bin/cmake --build /home/vdtune/ros2_ws/build/my_bot -- -j8 -l8
[0.140s] Invoked command in '/home/vdtune/ros2_ws/build/my_bot' returned '0': CMAKE_PREFIX_PATH=/opt/ros/humble /usr/bin/cmake --build /home/vdtune/ros2_ws/build/my_bot -- -j8 -l8
[0.152s] Invoking command in '/home/vdtune/ros2_ws/build/my_bot': CMAKE_PREFIX_PATH=/opt/ros/humble /usr/bin/cmake --install /home/vdtune/ros2_ws/build/my_bot
[0.162s] -- Install configuration: ""
[0.163s] -- Execute custom install script
[0.166s] -- Up-to-date symlink: /home/vdtune/ros2_ws/install/my_bot/share/my_bot/config/empty.yaml
[0.167s] -- Up-to-date symlink: /home/vdtune/ros2_ws/install/my_bot/share/my_bot/description/gazebo_control.xacro
[0.167s] -- Up-to-date symlink: /home/vdtune/ros2_ws/install/my_bot/share/my_bot/description/inertial_macros.xacro
[0.168s] -- Up-to-date symlink: /home/vdtune/ros2_ws/install/my_bot/share/my_bot/description/lidar.xacro
[0.168s] -- Up-to-date symlink: /home/vdtune/ros2_ws/install/my_bot/share/my_bot/description/robot.urdf.xacro
[0.168s] -- Up-to-date symlink: /home/vdtune/ros2_ws/install/my_bot/share/my_bot/description/robot_core.xacro
[0.169s] -- Up-to-date symlink: /home/vdtune/ros2_ws/install/my_bot/share/my_bot/description/robot_core.xacro.save
[0.169s] -- Up-to-date symlink: /home/vdtune/ros2_ws/install/my_bot/share/my_bot/launch/launch_sim.launch.py
[0.170s] -- Up-to-date symlink: /home/vdtune/ros2_ws/install/my_bot/share/my_bot/launch/rsp.launch.py
[0.170s] -- Up-to-date symlink: /home/vdtune/ros2_ws/install/my_bot/share/my_bot/worlds/empty.world
[0.171s] -- Up-to-date symlink: /home/vdtune/ros2_ws/install/my_bot/share/my_bot/worlds/obstacles.world
[0.172s] -- Up-to-date symlink: /home/vdtune/ros2_ws/install/my_bot/share/ament_index/resource_index/package_run_dependencies/my_bot
[0.172s] -- Up-to-date symlink: /home/vdtune/ros2_ws/install/my_bot/share/ament_index/resource_index/parent_prefix_path/my_bot
[0.175s] -- Up-to-date symlink: /home/vdtune/ros2_ws/install/my_bot/share/my_bot/environment/ament_prefix_path.sh
[0.176s] -- Up-to-date symlink: /home/vdtune/ros2_ws/install/my_bot/share/my_bot/environment/ament_prefix_path.dsv
[0.176s] -- Up-to-date symlink: /home/vdtune/ros2_ws/install/my_bot/share/my_bot/environment/path.sh
[0.177s] -- Up-to-date symlink: /home/vdtune/ros2_ws/install/my_bot/share/my_bot/environment/path.dsv
[0.177s] -- Up-to-date symlink: /home/vdtune/ros2_ws/install/my_bot/share/my_bot/local_setup.bash
[0.177s] -- Up-to-date symlink: /home/vdtune/ros2_ws/install/my_bot/share/my_bot/local_setup.sh
[0.178s] -- Up-to-date symlink: /home/vdtune/ros2_ws/install/my_bot/share/my_bot/local_setup.zsh
[0.178s] -- Up-to-date symlink: /home/vdtune/ros2_ws/install/my_bot/share/my_bot/local_setup.dsv
[0.178s] -- Symlinking: /home/vdtune/ros2_ws/install/my_bot/share/my_bot/package.dsv
[0.185s] -- Up-to-date symlink: /home/vdtune/ros2_ws/install/my_bot/share/ament_index/resource_index/packages/my_bot
[0.186s] -- Up-to-date symlink: /home/vdtune/ros2_ws/install/my_bot/share/my_bot/cmake/my_botConfig.cmake
[0.186s] -- Up-to-date symlink: /home/vdtune/ros2_ws/install/my_bot/share/my_bot/cmake/my_botConfig-version.cmake
[0.187s] -- Up-to-date symlink: /home/vdtune/ros2_ws/install/my_bot/share/my_bot/package.xml
[0.188s] Invoked command in '/home/vdtune/ros2_ws/build/my_bot' returned '0': CMAKE_PREFIX_PATH=/opt/ros/humble /usr/bin/cmake --install /home/vdtune/ros2_ws/build/my_bot
