[0.012s] Invoking command in '/home/vdtune/ros2_ws/build/my_bot': CMAKE_PREFIX_PATH=${CMAKE_PREFIX_PATH}:/opt/ros/humble /usr/bin/cmake /home/vdtune/ros2_ws/src/mobile-3d-lidar-sim/my_bot -DCMAKE_INSTALL_PREFIX=/home/vdtune/ros2_ws/install/my_bot
[0.023s] -- Found ament_cmake: 1.3.12 (/opt/ros/humble/share/ament_cmake/cmake)
[0.182s] -- Override CMake install command with custom implementation using symlinks instead of copying resources
[0.190s] -- Found ament_lint_auto: 0.12.14 (/opt/ros/humble/share/ament_lint_auto/cmake)
[0.271s] -- Added test 'copyright' to check source files copyright and LICENSE
[0.278s] -- Added test 'flake8' to check Python code syntax and style conventions
[0.278s] -- Added test 'lint_cmake' to check CMake code style
[0.278s] -- Added test 'pep257' to check Python code against some of the docstring style conventions in PEP 257
[0.281s] -- Added test 'xmllint' to check XML markup files
[0.282s] -- Configuring done
[0.289s] -- Generating done
[0.289s] -- Build files have been written to: /home/vdtune/ros2_ws/build/my_bot
[0.295s] Invoked command in '/home/vdtune/ros2_ws/build/my_bot' returned '0': CMAKE_PREFIX_PATH=${CMAKE_PREFIX_PATH}:/opt/ros/humble /usr/bin/cmake /home/vdtune/ros2_ws/src/mobile-3d-lidar-sim/my_bot -DCMAKE_INSTALL_PREFIX=/home/vdtune/ros2_ws/install/my_bot
[0.296s] Invoking command in '/home/vdtune/ros2_ws/build/my_bot': CMAKE_PREFIX_PATH=${CMAKE_PREFIX_PATH}:/opt/ros/humble /usr/bin/cmake --build /home/vdtune/ros2_ws/build/my_bot -- -j8 -l8
[0.344s] Invoked command in '/home/vdtune/ros2_ws/build/my_bot' returned '0': CMAKE_PREFIX_PATH=${CMAKE_PREFIX_PATH}:/opt/ros/humble /usr/bin/cmake --build /home/vdtune/ros2_ws/build/my_bot -- -j8 -l8
[0.361s] Invoking command in '/home/vdtune/ros2_ws/build/my_bot': CMAKE_PREFIX_PATH=${CMAKE_PREFIX_PATH}:/opt/ros/humble /usr/bin/cmake --install /home/vdtune/ros2_ws/build/my_bot
[0.371s] -- Install configuration: ""
[0.375s] -- Execute custom install script
[0.375s] -- Up-to-date symlink: /home/vdtune/ros2_ws/install/my_bot/share/my_bot/config/empty.yaml
[0.375s] -- Up-to-date symlink: /home/vdtune/ros2_ws/install/my_bot/share/my_bot/description/gazebo_control.xacro
[0.376s] -- Up-to-date symlink: /home/vdtune/ros2_ws/install/my_bot/share/my_bot/description/inertial_macros.xacro
[0.376s] -- Up-to-date symlink: /home/vdtune/ros2_ws/install/my_bot/share/my_bot/description/lidar.xacro
[0.376s] -- Up-to-date symlink: /home/vdtune/ros2_ws/install/my_bot/share/my_bot/description/robot.urdf.xacro
[0.376s] -- Up-to-date symlink: /home/vdtune/ros2_ws/install/my_bot/share/my_bot/description/robot_core.xacro
[0.376s] -- Symlinking: /home/vdtune/ros2_ws/install/my_bot/share/my_bot/description/robot_core.xacro.save
[0.389s] -- Up-to-date symlink: /home/vdtune/ros2_ws/install/my_bot/share/my_bot/launch/launch_sim.launch.py
[0.389s] -- Up-to-date symlink: /home/vdtune/ros2_ws/install/my_bot/share/my_bot/launch/rsp.launch.py
[0.389s] -- Up-to-date symlink: /home/vdtune/ros2_ws/install/my_bot/share/my_bot/worlds/empty.world
[0.389s] -- Up-to-date symlink: /home/vdtune/ros2_ws/install/my_bot/share/my_bot/worlds/obstacles.world
[0.389s] -- Up-to-date symlink: /home/vdtune/ros2_ws/install/my_bot/share/ament_index/resource_index/package_run_dependencies/my_bot
[0.389s] -- Up-to-date symlink: /home/vdtune/ros2_ws/install/my_bot/share/ament_index/resource_index/parent_prefix_path/my_bot
[0.389s] -- Up-to-date symlink: /home/vdtune/ros2_ws/install/my_bot/share/my_bot/environment/ament_prefix_path.sh
[0.389s] -- Up-to-date symlink: /home/vdtune/ros2_ws/install/my_bot/share/my_bot/environment/ament_prefix_path.dsv
[0.389s] -- Up-to-date symlink: /home/vdtune/ros2_ws/install/my_bot/share/my_bot/environment/path.sh
[0.391s] -- Up-to-date symlink: /home/vdtune/ros2_ws/install/my_bot/share/my_bot/environment/path.dsv
[0.391s] -- Up-to-date symlink: /home/vdtune/ros2_ws/install/my_bot/share/my_bot/local_setup.bash
[0.391s] -- Up-to-date symlink: /home/vdtune/ros2_ws/install/my_bot/share/my_bot/local_setup.sh
[0.391s] -- Up-to-date symlink: /home/vdtune/ros2_ws/install/my_bot/share/my_bot/local_setup.zsh
[0.391s] -- Up-to-date symlink: /home/vdtune/ros2_ws/install/my_bot/share/my_bot/local_setup.dsv
[0.391s] -- Symlinking: /home/vdtune/ros2_ws/install/my_bot/share/my_bot/package.dsv
[0.400s] -- Up-to-date symlink: /home/vdtune/ros2_ws/install/my_bot/share/ament_index/resource_index/packages/my_bot
[0.400s] -- Up-to-date symlink: /home/vdtune/ros2_ws/install/my_bot/share/my_bot/cmake/my_botConfig.cmake
[0.400s] -- Up-to-date symlink: /home/vdtune/ros2_ws/install/my_bot/share/my_bot/cmake/my_botConfig-version.cmake
[0.400s] -- Up-to-date symlink: /home/vdtune/ros2_ws/install/my_bot/share/my_bot/package.xml
[0.407s] Invoked command in '/home/vdtune/ros2_ws/build/my_bot' returned '0': CMAKE_PREFIX_PATH=${CMAKE_PREFIX_PATH}:/opt/ros/humble /usr/bin/cmake --install /home/vdtune/ros2_ws/build/my_bot
