[0.035s] Invoking command in '/home/vdtune/ros2_ws/build/velodyne_description': CMAKE_PREFIX_PATH=/opt/ros/humble /usr/bin/cmake /home/vdtune/ros2_ws/src/velodyne_simulator/velodyne_description -DAMENT_CMAKE_SYMLINK_INSTALL=1 -DCMAKE_INSTALL_PREFIX=/home/vdtune/ros2_ws/install/velodyne_description
[0.330s] -- The C compiler identification is GNU 11.4.0
[0.532s] -- The CXX compiler identification is GNU 11.4.0
[0.548s] -- Detecting C compiler ABI info
[0.632s] -- Detecting C compiler ABI info - done
[0.643s] -- Check for working C compiler: /usr/bin/cc - skipped
[0.643s] -- Detecting C compile features
[0.644s] -- Detecting C compile features - done
[0.649s] -- Detecting CXX compiler ABI info
[0.828s] -- Detecting CXX compiler ABI info - done
[0.838s] -- Check for working CXX compiler: /usr/bin/c++ - skipped
[0.838s] -- Detecting CXX compile features
[0.838s] -- Detecting CXX compile features - done
[0.839s] -- Found ament_cmake: 1.3.12 (/opt/ros/humble/share/ament_cmake/cmake)
[1.024s] -- Found Python3: /usr/bin/python3 (found version "3.10.12") found components: Interpreter 
[1.188s] -- Override CMake install command with custom implementation using symlinks instead of copying resources
[1.385s] -- Configuring done
[1.385s] -- Generating done
[1.385s] -- Build files have been written to: /home/vdtune/ros2_ws/build/velodyne_description
[1.396s] Invoked command in '/home/vdtune/ros2_ws/build/velodyne_description' returned '0': CMAKE_PREFIX_PATH=/opt/ros/humble /usr/bin/cmake /home/vdtune/ros2_ws/src/velodyne_simulator/velodyne_description -DAMENT_CMAKE_SYMLINK_INSTALL=1 -DCMAKE_INSTALL_PREFIX=/home/vdtune/ros2_ws/install/velodyne_description
[1.396s] Invoking command in '/home/vdtune/ros2_ws/build/velodyne_description': CMAKE_PREFIX_PATH=/opt/ros/humble /usr/bin/cmake --build /home/vdtune/ros2_ws/build/velodyne_description -- -j8 -l8
[1.445s] Invoked command in '/home/vdtune/ros2_ws/build/velodyne_description' returned '0': CMAKE_PREFIX_PATH=/opt/ros/humble /usr/bin/cmake --build /home/vdtune/ros2_ws/build/velodyne_description -- -j8 -l8
[1.454s] Invoking command in '/home/vdtune/ros2_ws/build/velodyne_description': CMAKE_PREFIX_PATH=/opt/ros/humble /usr/bin/cmake --install /home/vdtune/ros2_ws/build/velodyne_description
[1.466s] -- Install configuration: ""
[1.467s] -- Execute custom install script
[1.467s] -- Symlinking: /home/vdtune/ros2_ws/install/velodyne_description/share/velodyne_description/launch/example.launch.py
[1.480s] -- Symlinking: /home/vdtune/ros2_ws/install/velodyne_description/share/velodyne_description/meshes/HDL32E_base.dae
[1.491s] -- Symlinking: /home/vdtune/ros2_ws/install/velodyne_description/share/velodyne_description/meshes/HDL32E_base.stl
[1.501s] -- Symlinking: /home/vdtune/ros2_ws/install/velodyne_description/share/velodyne_description/meshes/HDL32E_scan.dae
[1.510s] -- Symlinking: /home/vdtune/ros2_ws/install/velodyne_description/share/velodyne_description/meshes/HDL32E_scan.stl
[1.521s] -- Symlinking: /home/vdtune/ros2_ws/install/velodyne_description/share/velodyne_description/meshes/VLP16_base_1.dae
[1.532s] -- Symlinking: /home/vdtune/ros2_ws/install/velodyne_description/share/velodyne_description/meshes/VLP16_base_1.stl
[1.543s] -- Symlinking: /home/vdtune/ros2_ws/install/velodyne_description/share/velodyne_description/meshes/VLP16_base_2.dae
[1.553s] -- Symlinking: /home/vdtune/ros2_ws/install/velodyne_description/share/velodyne_description/meshes/VLP16_base_2.stl
[1.564s] -- Symlinking: /home/vdtune/ros2_ws/install/velodyne_description/share/velodyne_description/meshes/VLP16_scan.dae
[1.575s] -- Symlinking: /home/vdtune/ros2_ws/install/velodyne_description/share/velodyne_description/meshes/VLP16_scan.stl
[1.586s] -- Symlinking: /home/vdtune/ros2_ws/install/velodyne_description/share/velodyne_description/models/HDL-32E.urdf.xacro
[1.597s] -- Symlinking: /home/vdtune/ros2_ws/install/velodyne_description/share/velodyne_description/models/model.config
[1.609s] -- Symlinking: /home/vdtune/ros2_ws/install/velodyne_description/share/velodyne_description/rviz/example.rviz
[1.620s] -- Symlinking: /home/vdtune/ros2_ws/install/velodyne_description/share/velodyne_description/urdf/VLP-16.urdf.xacro
[1.628s] -- Symlinking: /home/vdtune/ros2_ws/install/velodyne_description/share/velodyne_description/urdf/example.urdf.xacro
[1.639s] -- Symlinking: /home/vdtune/ros2_ws/install/velodyne_description/share/velodyne_description/world/example.world
[1.651s] -- Symlinking: /home/vdtune/ros2_ws/install/velodyne_description/share/velodyne_description/environment/velodyne_description.dsv
[1.664s] -- Symlinking: /home/vdtune/ros2_ws/install/velodyne_description/share/ament_index/resource_index/package_run_dependencies/velodyne_description
[1.672s] -- Symlinking: /home/vdtune/ros2_ws/install/velodyne_description/share/ament_index/resource_index/parent_prefix_path/velodyne_description
[1.682s] -- Symlinking: /home/vdtune/ros2_ws/install/velodyne_description/share/velodyne_description/environment/ament_prefix_path.sh
[1.691s] -- Symlinking: /home/vdtune/ros2_ws/install/velodyne_description/share/velodyne_description/environment/ament_prefix_path.dsv
[1.701s] -- Symlinking: /home/vdtune/ros2_ws/install/velodyne_description/share/velodyne_description/environment/path.sh
[1.712s] -- Symlinking: /home/vdtune/ros2_ws/install/velodyne_description/share/velodyne_description/environment/path.dsv
[1.722s] -- Symlinking: /home/vdtune/ros2_ws/install/velodyne_description/share/velodyne_description/local_setup.bash
[1.731s] -- Symlinking: /home/vdtune/ros2_ws/install/velodyne_description/share/velodyne_description/local_setup.sh
[1.742s] -- Symlinking: /home/vdtune/ros2_ws/install/velodyne_description/share/velodyne_description/local_setup.zsh
[1.751s] -- Symlinking: /home/vdtune/ros2_ws/install/velodyne_description/share/velodyne_description/local_setup.dsv
[1.761s] -- Symlinking: /home/vdtune/ros2_ws/install/velodyne_description/share/velodyne_description/package.dsv
[1.772s] -- Symlinking: /home/vdtune/ros2_ws/install/velodyne_description/share/ament_index/resource_index/packages/velodyne_description
[1.781s] -- Symlinking: /home/vdtune/ros2_ws/install/velodyne_description/share/velodyne_description/cmake/velodyne_descriptionConfig.cmake
[1.791s] -- Symlinking: /home/vdtune/ros2_ws/install/velodyne_description/share/velodyne_description/cmake/velodyne_descriptionConfig-version.cmake
[1.801s] -- Symlinking: /home/vdtune/ros2_ws/install/velodyne_description/share/velodyne_description/package.xml
[1.856s] Invoked command in '/home/vdtune/ros2_ws/build/velodyne_description' returned '0': CMAKE_PREFIX_PATH=/opt/ros/humble /usr/bin/cmake --install /home/vdtune/ros2_ws/build/velodyne_description
